[Error - 8:13:34 PM] May 27, 2022, 8:13:34 PM Offset > length: 1 > 0
Offset > length: 1 > 0
org.eclipse.jface.text.BadLocationException: Offset > length: 1 > 0
	at org.eclipse.jface.text.ListLineTracker.getLineNumberOfOffset(ListLineTracker.java:141)
	at org.eclipse.jface.text.AbstractLineTracker.getLineNumberOfOffset(AbstractLineTracker.java:155)
	at org.eclipse.jface.text.AbstractDocument.getLineOfOffset(AbstractDocument.java:872)
	at org.eclipse.core.internal.filebuffers.SynchronizableDocument.getLineOfOffset(SynchronizableDocument.java:334)
	at org.eclipse.jdt.ls.core.internal.handlers.JsonRpcHelpers.toLine(JsonRpcHelpers.java:156)
	at org.eclipse.jdt.ls.core.internal.handlers.JsonRpcHelpers.toLine(JsonRpcHelpers.java:101)
	at org.eclipse.jdt.ls.core.internal.JDTUtils.toRange(JDTUtils.java:858)
	at org.eclipse.jdt.ls.core.internal.handlers.BaseDiagnosticsHandler.convertRange(BaseDiagnosticsHandler.java:246)
	at org.eclipse.jdt.ls.core.internal.handlers.BaseDiagnosticsHandler.toDiagnosticsArray(BaseDiagnosticsHandler.java:152)
	at org.eclipse.jdt.ls.core.internal.handlers.BaseDiagnosticsHandler.endReporting(BaseDiagnosticsHandler.java:130)
	at org.eclipse.jdt.internal.core.ReconcileWorkingCopyOperation.reportProblems(ReconcileWorkingCopyOperation.java:148)
	at org.eclipse.jdt.internal.core.ReconcileWorkingCopyOperation.executeOperation(ReconcileWorkingCopyOperation.java:112)
	at org.eclipse.jdt.internal.core.JavaModelOperation.run(JavaModelOperation.java:740)
	at org.eclipse.jdt.internal.core.JavaModelOperation.runOperation(JavaModelOperation.java:806)
	at org.eclipse.jdt.internal.core.CompilationUnit.reconcile(CompilationUnit.java:1319)
	at org.eclipse.jdt.ls.core.internal.handlers.BaseDocumentLifeCycleHandler.publishDiagnostics(BaseDocumentLifeCycleHandler.java:285)
	at org.eclipse.jdt.ls.core.internal.handlers.BaseDocumentLifeCycleHandler.publishDiagnostics(BaseDocumentLifeCycleHandler.java:249)
	at org.eclipse.jdt.ls.core.internal.handlers.BaseDocumentLifeCycleHandler$2.runInWorkspace(BaseDocumentLifeCycleHandler.java:117)
	at org.eclipse.core.internal.resources.InternalWorkspaceJob.run(InternalWorkspaceJob.java:42)
	at org.eclipse.core.internal.jobs.Worker.run(Worker.java:63)

[Error - 8:13:36 PM] May 27, 2022, 8:13:36 PM Error while handling document save. URI: file:///run/media/j/josia/Info/Workspace/java/overflow/overflow.java
_/java/overflow [in Workspace_ec567480] does not exist
Java Model Exception: Error in Java Model (code 969): _/java/overflow [in Workspace_ec567480] does not exist
	at org.eclipse.jdt.internal.core.JavaElement.newNotPresentException(JavaElement.java:574)
	at org.eclipse.jdt.internal.core.PackageFragmentRoot.getUnderlyingResource(PackageFragmentRoot.java:761)
	at org.eclipse.jdt.internal.core.PackageFragment.getUnderlyingResource(PackageFragment.java:426)
	at org.eclipse.jdt.internal.core.Openable.getUnderlyingResource(Openable.java:349)
	at org.eclipse.jdt.internal.core.CompilationUnit.getUnderlyingResource(CompilationUnit.java:980)
	at org.eclipse.jdt.ls.core.internal.handlers.BaseDocumentLifeCycleHandler.handleSaved(BaseDocumentLifeCycleHandler.java:494)
	at org.eclipse.jdt.ls.core.internal.handlers.BaseDocumentLifeCycleHandler$7.run(BaseDocumentLifeCycleHandler.java:340)
	at org.eclipse.core.internal.resources.Workspace.run(Workspace.java:2315)
	at org.eclipse.core.internal.resources.Workspace.run(Workspace.java:2340)
	at org.eclipse.jdt.ls.core.internal.handlers.BaseDocumentLifeCycleHandler.didSave(BaseDocumentLifeCycleHandler.java:337)
	at org.eclipse.jdt.ls.core.internal.handlers.JDTLanguageServer.didSave(JDTLanguageServer.java:812)
	at java.base/jdk.internal.reflect.NativeMethodAccessorImpl.invoke0(Native Method)
	at java.base/jdk.internal.reflect.NativeMethodAccessorImpl.invoke(Unknown Source)
	at java.base/jdk.internal.reflect.DelegatingMethodAccessorImpl.invoke(Unknown Source)
	at java.base/java.lang.reflect.Method.invoke(Unknown Source)
	at org.eclipse.lsp4j.jsonrpc.services.GenericEndpoint.lambda$null$0(GenericEndpoint.java:65)
	at org.eclipse.lsp4j.jsonrpc.services.GenericEndpoint.notify(GenericEndpoint.java:152)
	at org.eclipse.lsp4j.jsonrpc.RemoteEndpoint.handleNotification(RemoteEndpoint.java:220)
	at org.eclipse.lsp4j.jsonrpc.RemoteEndpoint.consume(RemoteEndpoint.java:187)
	at org.eclipse.jdt.ls.core.internal.ParentProcessWatcher.lambda$0(ParentProcessWatcher.java:123)
	at org.eclipse.lsp4j.jsonrpc.json.StreamMessageProducer.handleMessage(StreamMessageProducer.java:194)
	at org.eclipse.lsp4j.jsonrpc.json.StreamMessageProducer.listen(StreamMessageProducer.java:94)
	at org.eclipse.lsp4j.jsonrpc.json.ConcurrentMessageProcessor.run(ConcurrentMessageProcessor.java:113)
	at java.base/java.util.concurrent.Executors$RunnableAdapter.call(Unknown Source)
	at java.base/java.util.concurrent.FutureTask.run(Unknown Source)
	at java.base/java.util.concurrent.ThreadPoolExecutor.runWorker(Unknown Source)
	at java.base/java.util.concurrent.ThreadPoolExecutor$Worker.run(Unknown Source)
	at java.base/java.lang.Thread.run(Unknown Source)

[Error - 8:13:36 PM] May 27, 2022, 8:13:36 PM _/java/overflow [in Workspace_ec567480] does not exist
_/java/overflow [in Workspace_ec567480] does not exist
Java Model Exception: Error in Java Model (code 969): _/java/overflow [in Workspace_ec567480] does not exist
	at org.eclipse.jdt.internal.core.JavaElement.newNotPresentException(JavaElement.java:574)
	at org.eclipse.jdt.internal.core.PackageFragmentRoot.getUnderlyingResource(PackageFragmentRoot.java:761)
	at org.eclipse.jdt.internal.core.PackageFragment.getUnderlyingResource(PackageFragment.java:426)
	at org.eclipse.jdt.internal.core.Openable.getUnderlyingResource(Openable.java:349)
	at org.eclipse.jdt.internal.core.CompilationUnit.getUnderlyingResource(CompilationUnit.java:980)
	at org.eclipse.jdt.ls.core.internal.handlers.WorkspaceEventsHandler.didChangeWatchedFiles(WorkspaceEventsHandler.java:100)
	at org.eclipse.jdt.ls.core.internal.handlers.JDTLanguageServer.didChangeWatchedFiles(JDTLanguageServer.java:515)
	at java.base/jdk.internal.reflect.NativeMethodAccessorImpl.invoke0(Native Method)
	at java.base/jdk.internal.reflect.NativeMethodAccessorImpl.invoke(Unknown Source)
	at java.base/jdk.internal.reflect.DelegatingMethodAccessorImpl.invoke(Unknown Source)
	at java.base/java.lang.reflect.Method.invoke(Unknown Source)
	at org.eclipse.lsp4j.jsonrpc.services.GenericEndpoint.lambda$null$0(GenericEndpoint.java:65)
	at org.eclipse.lsp4j.jsonrpc.services.GenericEndpoint.notify(GenericEndpoint.java:152)
	at org.eclipse.lsp4j.jsonrpc.RemoteEndpoint.handleNotification(RemoteEndpoint.java:220)
	at org.eclipse.lsp4j.jsonrpc.RemoteEndpoint.consume(RemoteEndpoint.java:187)
	at org.eclipse.jdt.ls.core.internal.ParentProcessWatcher.lambda$0(ParentProcessWatcher.java:123)
	at org.eclipse.lsp4j.jsonrpc.json.StreamMessageProducer.handleMessage(StreamMessageProducer.java:194)
	at org.eclipse.lsp4j.jsonrpc.json.StreamMessageProducer.listen(StreamMessageProducer.java:94)
	at org.eclipse.lsp4j.jsonrpc.json.ConcurrentMessageProcessor.run(ConcurrentMessageProcessor.java:113)
	at java.base/java.util.concurrent.Executors$RunnableAdapter.call(Unknown Source)
	at java.base/java.util.concurrent.FutureTask.run(Unknown Source)
	at java.base/java.util.concurrent.ThreadPoolExecutor.runWorker(Unknown Source)
	at java.base/java.util.concurrent.ThreadPoolExecutor$Worker.run(Unknown Source)
	at java.base/java.lang.Thread.run(Unknown Source)

[Error - 8:13:42 PM] May 27, 2022, 8:13:42 PM BadLocationException
null
org.eclipse.jface.text.BadLocationException
	at org.eclipse.jface.text.TreeLineTracker.fail(TreeLineTracker.java:1054)
	at org.eclipse.jface.text.TreeLineTracker.lineByOffset(TreeLineTracker.java:268)
	at org.eclipse.jface.text.TreeLineTracker.getLineNumberOfOffset(TreeLineTracker.java:1122)
	at org.eclipse.jface.text.AbstractLineTracker.getLineNumberOfOffset(AbstractLineTracker.java:155)
	at org.eclipse.jface.text.AbstractDocument.getLineOfOffset(AbstractDocument.java:872)
	at org.eclipse.core.internal.filebuffers.SynchronizableDocument.getLineOfOffset(SynchronizableDocument.java:334)
	at org.eclipse.jdt.ls.core.internal.handlers.JsonRpcHelpers.toLine(JsonRpcHelpers.java:156)
	at org.eclipse.jdt.ls.core.internal.handlers.JsonRpcHelpers.toLine(JsonRpcHelpers.java:101)
	at org.eclipse.jdt.ls.core.internal.JDTUtils.toRange(JDTUtils.java:858)
	at org.eclipse.jdt.ls.core.internal.handlers.BaseDiagnosticsHandler.convertRange(BaseDiagnosticsHandler.java:246)
	at org.eclipse.jdt.ls.core.internal.handlers.BaseDiagnosticsHandler.toDiagnosticsArray(BaseDiagnosticsHandler.java:152)
	at org.eclipse.jdt.ls.core.internal.handlers.BaseDiagnosticsHandler.endReporting(BaseDiagnosticsHandler.java:130)
	at org.eclipse.jdt.internal.core.ReconcileWorkingCopyOperation.reportProblems(ReconcileWorkingCopyOperation.java:148)
	at org.eclipse.jdt.internal.core.ReconcileWorkingCopyOperation.executeOperation(ReconcileWorkingCopyOperation.java:112)
	at org.eclipse.jdt.internal.core.JavaModelOperation.run(JavaModelOperation.java:740)
	at org.eclipse.jdt.internal.core.JavaModelOperation.runOperation(JavaModelOperation.java:806)
	at org.eclipse.jdt.internal.core.CompilationUnit.reconcile(CompilationUnit.java:1319)
	at org.eclipse.jdt.ls.core.internal.handlers.BaseDocumentLifeCycleHandler.publishDiagnostics(BaseDocumentLifeCycleHandler.java:285)
	at org.eclipse.jdt.ls.core.internal.handlers.BaseDocumentLifeCycleHandler.publishDiagnostics(BaseDocumentLifeCycleHandler.java:249)
	at org.eclipse.jdt.ls.core.internal.handlers.BaseDocumentLifeCycleHandler$2.runInWorkspace(BaseDocumentLifeCycleHandler.java:117)
	at org.eclipse.core.internal.resources.InternalWorkspaceJob.run(InternalWorkspaceJob.java:42)
	at org.eclipse.core.internal.jobs.Worker.run(Worker.java:63)

[Error - 8:13:42 PM] May 27, 2022, 8:13:42 PM Error while handling document save. URI: file:///run/media/j/josia/Info/Workspace/java/overflow/overflow.java
_/java/overflow [in Workspace_ec567480] does not exist
Java Model Exception: Error in Java Model (code 969): _/java/overflow [in Workspace_ec567480] does not exist
	at org.eclipse.jdt.internal.core.JavaElement.newNotPresentException(JavaElement.java:574)
	at org.eclipse.jdt.internal.core.PackageFragmentRoot.getUnderlyingResource(PackageFragmentRoot.java:761)
	at org.eclipse.jdt.internal.core.PackageFragment.getUnderlyingResource(PackageFragment.java:426)
	at org.eclipse.jdt.internal.core.Openable.getUnderlyingResource(Openable.java:349)
	at org.eclipse.jdt.internal.core.CompilationUnit.getUnderlyingResource(CompilationUnit.java:980)
	at org.eclipse.jdt.ls.core.internal.handlers.BaseDocumentLifeCycleHandler.handleSaved(BaseDocumentLifeCycleHandler.java:494)
	at org.eclipse.jdt.ls.core.internal.handlers.BaseDocumentLifeCycleHandler$7.run(BaseDocumentLifeCycleHandler.java:340)
	at org.eclipse.core.internal.resources.Workspace.run(Workspace.java:2315)
	at org.eclipse.core.internal.resources.Workspace.run(Workspace.java:2340)
	at org.eclipse.jdt.ls.core.internal.handlers.BaseDocumentLifeCycleHandler.didSave(BaseDocumentLifeCycleHandler.java:337)
	at org.eclipse.jdt.ls.core.internal.handlers.JDTLanguageServer.didSave(JDTLanguageServer.java:812)
	at java.base/jdk.internal.reflect.NativeMethodAccessorImpl.invoke0(Native Method)
	at java.base/jdk.internal.reflect.NativeMethodAccessorImpl.invoke(Unknown Source)
	at java.base/jdk.internal.reflect.DelegatingMethodAccessorImpl.invoke(Unknown Source)
	at java.base/java.lang.reflect.Method.invoke(Unknown Source)
	at org.eclipse.lsp4j.jsonrpc.services.GenericEndpoint.lambda$null$0(GenericEndpoint.java:65)
	at org.eclipse.lsp4j.jsonrpc.services.GenericEndpoint.notify(GenericEndpoint.java:152)
	at org.eclipse.lsp4j.jsonrpc.RemoteEndpoint.handleNotification(RemoteEndpoint.java:220)
	at org.eclipse.lsp4j.jsonrpc.RemoteEndpoint.consume(RemoteEndpoint.java:187)
	at org.eclipse.jdt.ls.core.internal.ParentProcessWatcher.lambda$0(ParentProcessWatcher.java:123)
	at org.eclipse.lsp4j.jsonrpc.json.StreamMessageProducer.handleMessage(StreamMessageProducer.java:194)
	at org.eclipse.lsp4j.jsonrpc.json.StreamMessageProducer.listen(StreamMessageProducer.java:94)
	at org.eclipse.lsp4j.jsonrpc.json.ConcurrentMessageProcessor.run(ConcurrentMessageProcessor.java:113)
	at java.base/java.util.concurrent.Executors$RunnableAdapter.call(Unknown Source)
	at java.base/java.util.concurrent.FutureTask.run(Unknown Source)
	at java.base/java.util.concurrent.ThreadPoolExecutor.runWorker(Unknown Source)
	at java.base/java.util.concurrent.ThreadPoolExecutor$Worker.run(Unknown Source)
	at java.base/java.lang.Thread.run(Unknown Source)

[Error - 8:13:43 PM] May 27, 2022, 8:13:43 PM _/java/overflow [in Workspace_ec567480] does not exist
_/java/overflow [in Workspace_ec567480] does not exist
Java Model Exception: Error in Java Model (code 969): _/java/overflow [in Workspace_ec567480] does not exist
	at org.eclipse.jdt.internal.core.JavaElement.newNotPresentException(JavaElement.java:574)
	at org.eclipse.jdt.internal.core.PackageFragmentRoot.getUnderlyingResource(PackageFragmentRoot.java:761)
	at org.eclipse.jdt.internal.core.PackageFragment.getUnderlyingResource(PackageFragment.java:426)
	at org.eclipse.jdt.internal.core.Openable.getUnderlyingResource(Openable.java:349)
	at org.eclipse.jdt.internal.core.CompilationUnit.getUnderlyingResource(CompilationUnit.java:980)
	at org.eclipse.jdt.ls.core.internal.handlers.WorkspaceEventsHandler.didChangeWatchedFiles(WorkspaceEventsHandler.java:100)
	at org.eclipse.jdt.ls.core.internal.handlers.JDTLanguageServer.didChangeWatchedFiles(JDTLanguageServer.java:515)
	at java.base/jdk.internal.reflect.NativeMethodAccessorImpl.invoke0(Native Method)
	at java.base/jdk.internal.reflect.NativeMethodAccessorImpl.invoke(Unknown Source)
	at java.base/jdk.internal.reflect.DelegatingMethodAccessorImpl.invoke(Unknown Source)
	at java.base/java.lang.reflect.Method.invoke(Unknown Source)
	at org.eclipse.lsp4j.jsonrpc.services.GenericEndpoint.lambda$null$0(GenericEndpoint.java:65)
	at org.eclipse.lsp4j.jsonrpc.services.GenericEndpoint.notify(GenericEndpoint.java:152)
	at org.eclipse.lsp4j.jsonrpc.RemoteEndpoint.handleNotification(RemoteEndpoint.java:220)
	at org.eclipse.lsp4j.jsonrpc.RemoteEndpoint.consume(RemoteEndpoint.java:187)
	at org.eclipse.jdt.ls.core.internal.ParentProcessWatcher.lambda$0(ParentProcessWatcher.java:123)
	at org.eclipse.lsp4j.jsonrpc.json.StreamMessageProducer.handleMessage(StreamMessageProducer.java:194)
	at org.eclipse.lsp4j.jsonrpc.json.StreamMessageProducer.listen(StreamMessageProducer.java:94)
	at org.eclipse.lsp4j.jsonrpc.json.ConcurrentMessageProcessor.run(ConcurrentMessageProcessor.java:113)
	at java.base/java.util.concurrent.Executors$RunnableAdapter.call(Unknown Source)
	at java.base/java.util.concurrent.FutureTask.run(Unknown Source)
	at java.base/java.util.concurrent.ThreadPoolExecutor.runWorker(Unknown Source)
	at java.base/java.util.concurrent.ThreadPoolExecutor$Worker.run(Unknown Source)
	at java.base/java.lang.Thread.run(Unknown Source)

[Error - 8:13:52 PM] May 27, 2022, 8:13:52 PM _/java/overflow [in Workspace_ec567480] does not exist
_/java/overflow [in Workspace_ec567480] does not exist
Java Model Exception: Error in Java Model (code 969): _/java/overflow [in Workspace_ec567480] does not exist
	at org.eclipse.jdt.internal.core.JavaElement.newNotPresentException(JavaElement.java:574)
	at org.eclipse.jdt.internal.core.PackageFragmentRoot.getUnderlyingResource(PackageFragmentRoot.java:761)
	at org.eclipse.jdt.internal.core.PackageFragment.getUnderlyingResource(PackageFragment.java:426)
	at org.eclipse.jdt.internal.core.Openable.getUnderlyingResource(Openable.java:349)
	at org.eclipse.jdt.internal.core.CompilationUnit.getUnderlyingResource(CompilationUnit.java:980)
	at org.eclipse.jdt.ls.core.internal.handlers.WorkspaceEventsHandler.didChangeWatchedFiles(WorkspaceEventsHandler.java:100)
	at org.eclipse.jdt.ls.core.internal.handlers.JDTLanguageServer.didChangeWatchedFiles(JDTLanguageServer.java:515)
	at java.base/jdk.internal.reflect.NativeMethodAccessorImpl.invoke0(Native Method)
	at java.base/jdk.internal.reflect.NativeMethodAccessorImpl.invoke(Unknown Source)
	at java.base/jdk.internal.reflect.DelegatingMethodAccessorImpl.invoke(Unknown Source)
	at java.base/java.lang.reflect.Method.invoke(Unknown Source)
	at org.eclipse.lsp4j.jsonrpc.services.GenericEndpoint.lambda$null$0(GenericEndpoint.java:65)
	at org.eclipse.lsp4j.jsonrpc.services.GenericEndpoint.notify(GenericEndpoint.java:152)
	at org.eclipse.lsp4j.jsonrpc.RemoteEndpoint.handleNotification(RemoteEndpoint.java:220)
	at org.eclipse.lsp4j.jsonrpc.RemoteEndpoint.consume(RemoteEndpoint.java:187)
	at org.eclipse.jdt.ls.core.internal.ParentProcessWatcher.lambda$0(ParentProcessWatcher.java:123)
	at org.eclipse.lsp4j.jsonrpc.json.StreamMessageProducer.handleMessage(StreamMessageProducer.java:194)
	at org.eclipse.lsp4j.jsonrpc.json.StreamMessageProducer.listen(StreamMessageProducer.java:94)
	at org.eclipse.lsp4j.jsonrpc.json.ConcurrentMessageProcessor.run(ConcurrentMessageProcessor.java:113)
	at java.base/java.util.concurrent.Executors$RunnableAdapter.call(Unknown Source)
	at java.base/java.util.concurrent.FutureTask.run(Unknown Source)
	at java.base/java.util.concurrent.ThreadPoolExecutor.runWorker(Unknown Source)
	at java.base/java.util.concurrent.ThreadPoolExecutor$Worker.run(Unknown Source)
	at java.base/java.lang.Thread.run(Unknown Source)

[Error - 8:13:53 PM] May 27, 2022, 8:13:53 PM Error while handling document save. URI: file:///run/media/j/josia/Info/Workspace/java/overflow/overflow.java
_/java/overflow [in Workspace_ec567480] does not exist
Java Model Exception: Error in Java Model (code 969): _/java/overflow [in Workspace_ec567480] does not exist
	at org.eclipse.jdt.internal.core.JavaElement.newNotPresentException(JavaElement.java:574)
	at org.eclipse.jdt.internal.core.PackageFragmentRoot.getUnderlyingResource(PackageFragmentRoot.java:761)
	at org.eclipse.jdt.internal.core.PackageFragment.getUnderlyingResource(PackageFragment.java:426)
	at org.eclipse.jdt.internal.core.Openable.getUnderlyingResource(Openable.java:349)
	at org.eclipse.jdt.internal.core.CompilationUnit.getUnderlyingResource(CompilationUnit.java:980)
	at org.eclipse.jdt.ls.core.internal.handlers.BaseDocumentLifeCycleHandler.handleSaved(BaseDocumentLifeCycleHandler.java:494)
	at org.eclipse.jdt.ls.core.internal.handlers.BaseDocumentLifeCycleHandler$7.run(BaseDocumentLifeCycleHandler.java:340)
	at org.eclipse.core.internal.resources.Workspace.run(Workspace.java:2315)
	at org.eclipse.core.internal.resources.Workspace.run(Workspace.java:2340)
	at org.eclipse.jdt.ls.core.internal.handlers.BaseDocumentLifeCycleHandler.didSave(BaseDocumentLifeCycleHandler.java:337)
	at org.eclipse.jdt.ls.core.internal.handlers.JDTLanguageServer.didSave(JDTLanguageServer.java:812)
	at java.base/jdk.internal.reflect.NativeMethodAccessorImpl.invoke0(Native Method)
	at java.base/jdk.internal.reflect.NativeMethodAccessorImpl.invoke(Unknown Source)
	at java.base/jdk.internal.reflect.DelegatingMethodAccessorImpl.invoke(Unknown Source)
	at java.base/java.lang.reflect.Method.invoke(Unknown Source)
	at org.eclipse.lsp4j.jsonrpc.services.GenericEndpoint.lambda$null$0(GenericEndpoint.java:65)
	at org.eclipse.lsp4j.jsonrpc.services.GenericEndpoint.notify(GenericEndpoint.java:152)
	at org.eclipse.lsp4j.jsonrpc.RemoteEndpoint.handleNotification(RemoteEndpoint.java:220)
	at org.eclipse.lsp4j.jsonrpc.RemoteEndpoint.consume(RemoteEndpoint.java:187)
	at org.eclipse.jdt.ls.core.internal.ParentProcessWatcher.lambda$0(ParentProcessWatcher.java:123)
	at org.eclipse.lsp4j.jsonrpc.json.StreamMessageProducer.handleMessage(StreamMessageProducer.java:194)
	at org.eclipse.lsp4j.jsonrpc.json.StreamMessageProducer.listen(StreamMessageProducer.java:94)
	at org.eclipse.lsp4j.jsonrpc.json.ConcurrentMessageProcessor.run(ConcurrentMessageProcessor.java:113)
	at java.base/java.util.concurrent.Executors$RunnableAdapter.call(Unknown Source)
	at java.base/java.util.concurrent.FutureTask.run(Unknown Source)
	at java.base/java.util.concurrent.ThreadPoolExecutor.runWorker(Unknown Source)
	at java.base/java.util.concurrent.ThreadPoolExecutor$Worker.run(Unknown Source)
	at java.base/java.lang.Thread.run(Unknown Source)

[Error - 8:13:53 PM] May 27, 2022, 8:13:53 PM _/java/overflow [in Workspace_ec567480] does not exist
_/java/overflow [in Workspace_ec567480] does not exist
Java Model Exception: Error in Java Model (code 969): _/java/overflow [in Workspace_ec567480] does not exist
	at org.eclipse.jdt.internal.core.JavaElement.newNotPresentException(JavaElement.java:574)
	at org.eclipse.jdt.internal.core.PackageFragmentRoot.getUnderlyingResource(PackageFragmentRoot.java:761)
	at org.eclipse.jdt.internal.core.PackageFragment.getUnderlyingResource(PackageFragment.java:426)
	at org.eclipse.jdt.internal.core.Openable.getUnderlyingResource(Openable.java:349)
	at org.eclipse.jdt.internal.core.CompilationUnit.getUnderlyingResource(CompilationUnit.java:980)
	at org.eclipse.jdt.ls.core.internal.handlers.WorkspaceEventsHandler.didChangeWatchedFiles(WorkspaceEventsHandler.java:100)
	at org.eclipse.jdt.ls.core.internal.handlers.JDTLanguageServer.didChangeWatchedFiles(JDTLanguageServer.java:515)
	at java.base/jdk.internal.reflect.NativeMethodAccessorImpl.invoke0(Native Method)
	at java.base/jdk.internal.reflect.NativeMethodAccessorImpl.invoke(Unknown Source)
	at java.base/jdk.internal.reflect.DelegatingMethodAccessorImpl.invoke(Unknown Source)
	at java.base/java.lang.reflect.Method.invoke(Unknown Source)
	at org.eclipse.lsp4j.jsonrpc.services.GenericEndpoint.lambda$null$0(GenericEndpoint.java:65)
	at org.eclipse.lsp4j.jsonrpc.services.GenericEndpoint.notify(GenericEndpoint.java:152)
	at org.eclipse.lsp4j.jsonrpc.RemoteEndpoint.handleNotification(RemoteEndpoint.java:220)
	at org.eclipse.lsp4j.jsonrpc.RemoteEndpoint.consume(RemoteEndpoint.java:187)
	at org.eclipse.jdt.ls.core.internal.ParentProcessWatcher.lambda$0(ParentProcessWatcher.java:123)
	at org.eclipse.lsp4j.jsonrpc.json.StreamMessageProducer.handleMessage(StreamMessageProducer.java:194)
	at org.eclipse.lsp4j.jsonrpc.json.StreamMessageProducer.listen(StreamMessageProducer.java:94)
	at org.eclipse.lsp4j.jsonrpc.json.ConcurrentMessageProcessor.run(ConcurrentMessageProcessor.java:113)
	at java.base/java.util.concurrent.Executors$RunnableAdapter.call(Unknown Source)
	at java.base/java.util.concurrent.FutureTask.run(Unknown Source)
	at java.base/java.util.concurrent.ThreadPoolExecutor.runWorker(Unknown Source)
	at java.base/java.util.concurrent.ThreadPoolExecutor$Worker.run(Unknown Source)
	at java.base/java.lang.Thread.run(Unknown Source)

[Error - 8:13:57 PM] May 27, 2022, 8:13:57 PM Error while handling document save. URI: file:///run/media/j/josia/Info/Workspace/java/overflow/overflow.java
_/java/overflow [in Workspace_ec567480] does not exist
Java Model Exception: Error in Java Model (code 969): _/java/overflow [in Workspace_ec567480] does not exist
	at org.eclipse.jdt.internal.core.JavaElement.newNotPresentException(JavaElement.java:574)
	at org.eclipse.jdt.internal.core.PackageFragmentRoot.getUnderlyingResource(PackageFragmentRoot.java:761)
	at org.eclipse.jdt.internal.core.PackageFragment.getUnderlyingResource(PackageFragment.java:426)
	at org.eclipse.jdt.internal.core.Openable.getUnderlyingResource(Openable.java:349)
	at org.eclipse.jdt.internal.core.CompilationUnit.getUnderlyingResource(CompilationUnit.java:980)
	at org.eclipse.jdt.ls.core.internal.handlers.BaseDocumentLifeCycleHandler.handleSaved(BaseDocumentLifeCycleHandler.java:494)
	at org.eclipse.jdt.ls.core.internal.handlers.BaseDocumentLifeCycleHandler$7.run(BaseDocumentLifeCycleHandler.java:340)
	at org.eclipse.core.internal.resources.Workspace.run(Workspace.java:2315)
	at org.eclipse.core.internal.resources.Workspace.run(Workspace.java:2340)
	at org.eclipse.jdt.ls.core.internal.handlers.BaseDocumentLifeCycleHandler.didSave(BaseDocumentLifeCycleHandler.java:337)
	at org.eclipse.jdt.ls.core.internal.handlers.JDTLanguageServer.didSave(JDTLanguageServer.java:812)
	at java.base/jdk.internal.reflect.NativeMethodAccessorImpl.invoke0(Native Method)
	at java.base/jdk.internal.reflect.NativeMethodAccessorImpl.invoke(Unknown Source)
	at java.base/jdk.internal.reflect.DelegatingMethodAccessorImpl.invoke(Unknown Source)
	at java.base/java.lang.reflect.Method.invoke(Unknown Source)
	at org.eclipse.lsp4j.jsonrpc.services.GenericEndpoint.lambda$null$0(GenericEndpoint.java:65)
	at org.eclipse.lsp4j.jsonrpc.services.GenericEndpoint.notify(GenericEndpoint.java:152)
	at org.eclipse.lsp4j.jsonrpc.RemoteEndpoint.handleNotification(RemoteEndpoint.java:220)
	at org.eclipse.lsp4j.jsonrpc.RemoteEndpoint.consume(RemoteEndpoint.java:187)
	at org.eclipse.jdt.ls.core.internal.ParentProcessWatcher.lambda$0(ParentProcessWatcher.java:123)
	at org.eclipse.lsp4j.jsonrpc.json.StreamMessageProducer.handleMessage(StreamMessageProducer.java:194)
	at org.eclipse.lsp4j.jsonrpc.json.StreamMessageProducer.listen(StreamMessageProducer.java:94)
	at org.eclipse.lsp4j.jsonrpc.json.ConcurrentMessageProcessor.run(ConcurrentMessageProcessor.java:113)
	at java.base/java.util.concurrent.Executors$RunnableAdapter.call(Unknown Source)
	at java.base/java.util.concurrent.FutureTask.run(Unknown Source)
	at java.base/java.util.concurrent.ThreadPoolExecutor.runWorker(Unknown Source)
	at java.base/java.util.concurrent.ThreadPoolExecutor$Worker.run(Unknown Source)
	at java.base/java.lang.Thread.run(Unknown Source)

[Error - 8:13:57 PM] May 27, 2022, 8:13:57 PM _/java/overflow [in Workspace_ec567480] does not exist
_/java/overflow [in Workspace_ec567480] does not exist
Java Model Exception: Error in Java Model (code 969): _/java/overflow [in Workspace_ec567480] does not exist
	at org.eclipse.jdt.internal.core.JavaElement.newNotPresentException(JavaElement.java:574)
	at org.eclipse.jdt.internal.core.PackageFragmentRoot.getUnderlyingResource(PackageFragmentRoot.java:761)
	at org.eclipse.jdt.internal.core.PackageFragment.getUnderlyingResource(PackageFragment.java:426)
	at org.eclipse.jdt.internal.core.Openable.getUnderlyingResource(Openable.java:349)
	at org.eclipse.jdt.internal.core.CompilationUnit.getUnderlyingResource(CompilationUnit.java:980)
	at org.eclipse.jdt.ls.core.internal.handlers.WorkspaceEventsHandler.didChangeWatchedFiles(WorkspaceEventsHandler.java:100)
	at org.eclipse.jdt.ls.core.internal.handlers.JDTLanguageServer.didChangeWatchedFiles(JDTLanguageServer.java:515)
	at java.base/jdk.internal.reflect.NativeMethodAccessorImpl.invoke0(Native Method)
	at java.base/jdk.internal.reflect.NativeMethodAccessorImpl.invoke(Unknown Source)
	at java.base/jdk.internal.reflect.DelegatingMethodAccessorImpl.invoke(Unknown Source)
	at java.base/java.lang.reflect.Method.invoke(Unknown Source)
	at org.eclipse.lsp4j.jsonrpc.services.GenericEndpoint.lambda$null$0(GenericEndpoint.java:65)
	at org.eclipse.lsp4j.jsonrpc.services.GenericEndpoint.notify(GenericEndpoint.java:152)
	at org.eclipse.lsp4j.jsonrpc.RemoteEndpoint.handleNotification(RemoteEndpoint.java:220)
	at org.eclipse.lsp4j.jsonrpc.RemoteEndpoint.consume(RemoteEndpoint.java:187)
	at org.eclipse.jdt.ls.core.internal.ParentProcessWatcher.lambda$0(ParentProcessWatcher.java:123)
	at org.eclipse.lsp4j.jsonrpc.json.StreamMessageProducer.handleMessage(StreamMessageProducer.java:194)
	at org.eclipse.lsp4j.jsonrpc.json.StreamMessageProducer.listen(StreamMessageProducer.java:94)
	at org.eclipse.lsp4j.jsonrpc.json.ConcurrentMessageProcessor.run(ConcurrentMessageProcessor.java:113)
	at java.base/java.util.concurrent.Executors$RunnableAdapter.call(Unknown Source)
	at java.base/java.util.concurrent.FutureTask.run(Unknown Source)
	at java.base/java.util.concurrent.ThreadPoolExecutor.runWorker(Unknown Source)
	at java.base/java.util.concurrent.ThreadPoolExecutor$Worker.run(Unknown Source)
	at java.base/java.lang.Thread.run(Unknown Source)

[Error - 8:14:08 PM] May 27, 2022, 8:14:08 PM Error while handling document save. URI: file:///run/media/j/josia/Info/Workspace/java/overflow/overflow.java
_/java/overflow [in Workspace_ec567480] does not exist
Java Model Exception: Error in Java Model (code 969): _/java/overflow [in Workspace_ec567480] does not exist
	at org.eclipse.jdt.internal.core.JavaElement.newNotPresentException(JavaElement.java:574)
	at org.eclipse.jdt.internal.core.PackageFragmentRoot.getUnderlyingResource(PackageFragmentRoot.java:761)
	at org.eclipse.jdt.internal.core.PackageFragment.getUnderlyingResource(PackageFragment.java:426)
	at org.eclipse.jdt.internal.core.Openable.getUnderlyingResource(Openable.java:349)
	at org.eclipse.jdt.internal.core.CompilationUnit.getUnderlyingResource(CompilationUnit.java:980)
	at org.eclipse.jdt.ls.core.internal.handlers.BaseDocumentLifeCycleHandler.handleSaved(BaseDocumentLifeCycleHandler.java:494)
	at org.eclipse.jdt.ls.core.internal.handlers.BaseDocumentLifeCycleHandler$7.run(BaseDocumentLifeCycleHandler.java:340)
	at org.eclipse.core.internal.resources.Workspace.run(Workspace.java:2315)
	at org.eclipse.core.internal.resources.Workspace.run(Workspace.java:2340)
	at org.eclipse.jdt.ls.core.internal.handlers.BaseDocumentLifeCycleHandler.didSave(BaseDocumentLifeCycleHandler.java:337)
	at org.eclipse.jdt.ls.core.internal.handlers.JDTLanguageServer.didSave(JDTLanguageServer.java:812)
	at java.base/jdk.internal.reflect.NativeMethodAccessorImpl.invoke0(Native Method)
	at java.base/jdk.internal.reflect.NativeMethodAccessorImpl.invoke(Unknown Source)
	at java.base/jdk.internal.reflect.DelegatingMethodAccessorImpl.invoke(Unknown Source)
	at java.base/java.lang.reflect.Method.invoke(Unknown Source)
	at org.eclipse.lsp4j.jsonrpc.services.GenericEndpoint.lambda$null$0(GenericEndpoint.java:65)
	at org.eclipse.lsp4j.jsonrpc.services.GenericEndpoint.notify(GenericEndpoint.java:152)
	at org.eclipse.lsp4j.jsonrpc.RemoteEndpoint.handleNotification(RemoteEndpoint.java:220)
	at org.eclipse.lsp4j.jsonrpc.RemoteEndpoint.consume(RemoteEndpoint.java:187)
	at org.eclipse.jdt.ls.core.internal.ParentProcessWatcher.lambda$0(ParentProcessWatcher.java:123)
	at org.eclipse.lsp4j.jsonrpc.json.StreamMessageProducer.handleMessage(StreamMessageProducer.java:194)
	at org.eclipse.lsp4j.jsonrpc.json.StreamMessageProducer.listen(StreamMessageProducer.java:94)
	at org.eclipse.lsp4j.jsonrpc.json.ConcurrentMessageProcessor.run(ConcurrentMessageProcessor.java:113)
	at java.base/java.util.concurrent.Executors$RunnableAdapter.call(Unknown Source)
	at java.base/java.util.concurrent.FutureTask.run(Unknown Source)
	at java.base/java.util.concurrent.ThreadPoolExecutor.runWorker(Unknown Source)
	at java.base/java.util.concurrent.ThreadPoolExecutor$Worker.run(Unknown Source)
	at java.base/java.lang.Thread.run(Unknown Source)

[Error - 8:14:09 PM] May 27, 2022, 8:14:09 PM _/java/overflow [in Workspace_ec567480] does not exist
_/java/overflow [in Workspace_ec567480] does not exist
Java Model Exception: Error in Java Model (code 969): _/java/overflow [in Workspace_ec567480] does not exist
	at org.eclipse.jdt.internal.core.JavaElement.newNotPresentException(JavaElement.java:574)
	at org.eclipse.jdt.internal.core.PackageFragmentRoot.getUnderlyingResource(PackageFragmentRoot.java:761)
	at org.eclipse.jdt.internal.core.PackageFragment.getUnderlyingResource(PackageFragment.java:426)
	at org.eclipse.jdt.internal.core.Openable.getUnderlyingResource(Openable.java:349)
	at org.eclipse.jdt.internal.core.CompilationUnit.getUnderlyingResource(CompilationUnit.java:980)
	at org.eclipse.jdt.ls.core.internal.handlers.WorkspaceEventsHandler.didChangeWatchedFiles(WorkspaceEventsHandler.java:100)
	at org.eclipse.jdt.ls.core.internal.handlers.JDTLanguageServer.didChangeWatchedFiles(JDTLanguageServer.java:515)
	at java.base/jdk.internal.reflect.NativeMethodAccessorImpl.invoke0(Native Method)
	at java.base/jdk.internal.reflect.NativeMethodAccessorImpl.invoke(Unknown Source)
	at java.base/jdk.internal.reflect.DelegatingMethodAccessorImpl.invoke(Unknown Source)
	at java.base/java.lang.reflect.Method.invoke(Unknown Source)
	at org.eclipse.lsp4j.jsonrpc.services.GenericEndpoint.lambda$null$0(GenericEndpoint.java:65)
	at org.eclipse.lsp4j.jsonrpc.services.GenericEndpoint.notify(GenericEndpoint.java:152)
	at org.eclipse.lsp4j.jsonrpc.RemoteEndpoint.handleNotification(RemoteEndpoint.java:220)
	at org.eclipse.lsp4j.jsonrpc.RemoteEndpoint.consume(RemoteEndpoint.java:187)
	at org.eclipse.jdt.ls.core.internal.ParentProcessWatcher.lambda$0(ParentProcessWatcher.java:123)
	at org.eclipse.lsp4j.jsonrpc.json.StreamMessageProducer.handleMessage(StreamMessageProducer.java:194)
	at org.eclipse.lsp4j.jsonrpc.json.StreamMessageProducer.listen(StreamMessageProducer.java:94)
	at org.eclipse.lsp4j.jsonrpc.json.ConcurrentMessageProcessor.run(ConcurrentMessageProcessor.java:113)
	at java.base/java.util.concurrent.Executors$RunnableAdapter.call(Unknown Source)
	at java.base/java.util.concurrent.FutureTask.run(Unknown Source)
	at java.base/java.util.concurrent.ThreadPoolExecutor.runWorker(Unknown Source)
	at java.base/java.util.concurrent.ThreadPoolExecutor$Worker.run(Unknown Source)
	at java.base/java.lang.Thread.run(Unknown Source)

[Error - 8:14:10 PM] May 27, 2022, 8:14:10 PM Error while handling document save. URI: file:///run/media/j/josia/Info/Workspace/java/overflow/overflow.java
_/java/overflow [in Workspace_ec567480] does not exist
Java Model Exception: Error in Java Model (code 969): _/java/overflow [in Workspace_ec567480] does not exist
	at org.eclipse.jdt.internal.core.JavaElement.newNotPresentException(JavaElement.java:574)
	at org.eclipse.jdt.internal.core.PackageFragmentRoot.getUnderlyingResource(PackageFragmentRoot.java:761)
	at org.eclipse.jdt.internal.core.PackageFragment.getUnderlyingResource(PackageFragment.java:426)
	at org.eclipse.jdt.internal.core.Openable.getUnderlyingResource(Openable.java:349)
	at org.eclipse.jdt.internal.core.CompilationUnit.getUnderlyingResource(CompilationUnit.java:980)
	at org.eclipse.jdt.ls.core.internal.handlers.BaseDocumentLifeCycleHandler.handleSaved(BaseDocumentLifeCycleHandler.java:494)
	at org.eclipse.jdt.ls.core.internal.handlers.BaseDocumentLifeCycleHandler$7.run(BaseDocumentLifeCycleHandler.java:340)
	at org.eclipse.core.internal.resources.Workspace.run(Workspace.java:2315)
	at org.eclipse.core.internal.resources.Workspace.run(Workspace.java:2340)
	at org.eclipse.jdt.ls.core.internal.handlers.BaseDocumentLifeCycleHandler.didSave(BaseDocumentLifeCycleHandler.java:337)
	at org.eclipse.jdt.ls.core.internal.handlers.JDTLanguageServer.didSave(JDTLanguageServer.java:812)
	at java.base/jdk.internal.reflect.NativeMethodAccessorImpl.invoke0(Native Method)
	at java.base/jdk.internal.reflect.NativeMethodAccessorImpl.invoke(Unknown Source)
	at java.base/jdk.internal.reflect.DelegatingMethodAccessorImpl.invoke(Unknown Source)
	at java.base/java.lang.reflect.Method.invoke(Unknown Source)
	at org.eclipse.lsp4j.jsonrpc.services.GenericEndpoint.lambda$null$0(GenericEndpoint.java:65)
	at org.eclipse.lsp4j.jsonrpc.services.GenericEndpoint.notify(GenericEndpoint.java:152)
	at org.eclipse.lsp4j.jsonrpc.RemoteEndpoint.handleNotification(RemoteEndpoint.java:220)
	at org.eclipse.lsp4j.jsonrpc.RemoteEndpoint.consume(RemoteEndpoint.java:187)
	at org.eclipse.jdt.ls.core.internal.ParentProcessWatcher.lambda$0(ParentProcessWatcher.java:123)
	at org.eclipse.lsp4j.jsonrpc.json.StreamMessageProducer.handleMessage(StreamMessageProducer.java:194)
	at org.eclipse.lsp4j.jsonrpc.json.StreamMessageProducer.listen(StreamMessageProducer.java:94)
	at org.eclipse.lsp4j.jsonrpc.json.ConcurrentMessageProcessor.run(ConcurrentMessageProcessor.java:113)
	at java.base/java.util.concurrent.Executors$RunnableAdapter.call(Unknown Source)
	at java.base/java.util.concurrent.FutureTask.run(Unknown Source)
	at java.base/java.util.concurrent.ThreadPoolExecutor.runWorker(Unknown Source)
	at java.base/java.util.concurrent.ThreadPoolExecutor$Worker.run(Unknown Source)
	at java.base/java.lang.Thread.run(Unknown Source)

[Error - 8:14:11 PM] May 27, 2022, 8:14:11 PM _/java/overflow [in Workspace_ec567480] does not exist
_/java/overflow [in Workspace_ec567480] does not exist
Java Model Exception: Error in Java Model (code 969): _/java/overflow [in Workspace_ec567480] does not exist
	at org.eclipse.jdt.internal.core.JavaElement.newNotPresentException(JavaElement.java:574)
	at org.eclipse.jdt.internal.core.PackageFragmentRoot.getUnderlyingResource(PackageFragmentRoot.java:761)
	at org.eclipse.jdt.internal.core.PackageFragment.getUnderlyingResource(PackageFragment.java:426)
	at org.eclipse.jdt.internal.core.Openable.getUnderlyingResource(Openable.java:349)
	at org.eclipse.jdt.internal.core.CompilationUnit.getUnderlyingResource(CompilationUnit.java:980)
	at org.eclipse.jdt.ls.core.internal.handlers.WorkspaceEventsHandler.didChangeWatchedFiles(WorkspaceEventsHandler.java:100)
	at org.eclipse.jdt.ls.core.internal.handlers.JDTLanguageServer.didChangeWatchedFiles(JDTLanguageServer.java:515)
	at java.base/jdk.internal.reflect.NativeMethodAccessorImpl.invoke0(Native Method)
	at java.base/jdk.internal.reflect.NativeMethodAccessorImpl.invoke(Unknown Source)
	at java.base/jdk.internal.reflect.DelegatingMethodAccessorImpl.invoke(Unknown Source)
	at java.base/java.lang.reflect.Method.invoke(Unknown Source)
	at org.eclipse.lsp4j.jsonrpc.services.GenericEndpoint.lambda$null$0(GenericEndpoint.java:65)
	at org.eclipse.lsp4j.jsonrpc.services.GenericEndpoint.notify(GenericEndpoint.java:152)
	at org.eclipse.lsp4j.jsonrpc.RemoteEndpoint.handleNotification(RemoteEndpoint.java:220)
	at org.eclipse.lsp4j.jsonrpc.RemoteEndpoint.consume(RemoteEndpoint.java:187)
	at org.eclipse.jdt.ls.core.internal.ParentProcessWatcher.lambda$0(ParentProcessWatcher.java:123)
	at org.eclipse.lsp4j.jsonrpc.json.StreamMessageProducer.handleMessage(StreamMessageProducer.java:194)
	at org.eclipse.lsp4j.jsonrpc.json.StreamMessageProducer.listen(StreamMessageProducer.java:94)
	at org.eclipse.lsp4j.jsonrpc.json.ConcurrentMessageProcessor.run(ConcurrentMessageProcessor.java:113)
	at java.base/java.util.concurrent.Executors$RunnableAdapter.call(Unknown Source)
	at java.base/java.util.concurrent.FutureTask.run(Unknown Source)
	at java.base/java.util.concurrent.ThreadPoolExecutor.runWorker(Unknown Source)
	at java.base/java.util.concurrent.ThreadPoolExecutor$Worker.run(Unknown Source)
	at java.base/java.lang.Thread.run(Unknown Source)

[Error - 8:14:12 PM] May 27, 2022, 8:14:12 PM Error while handling document save. URI: file:///run/media/j/josia/Info/Workspace/java/overflow/overflow.java
_/java/overflow [in Workspace_ec567480] does not exist
Java Model Exception: Error in Java Model (code 969): _/java/overflow [in Workspace_ec567480] does not exist
	at org.eclipse.jdt.internal.core.JavaElement.newNotPresentException(JavaElement.java:574)
	at org.eclipse.jdt.internal.core.PackageFragmentRoot.getUnderlyingResource(PackageFragmentRoot.java:761)
	at org.eclipse.jdt.internal.core.PackageFragment.getUnderlyingResource(PackageFragment.java:426)
	at org.eclipse.jdt.internal.core.Openable.getUnderlyingResource(Openable.java:349)
	at org.eclipse.jdt.internal.core.CompilationUnit.getUnderlyingResource(CompilationUnit.java:980)
	at org.eclipse.jdt.ls.core.internal.handlers.BaseDocumentLifeCycleHandler.handleSaved(BaseDocumentLifeCycleHandler.java:494)
	at org.eclipse.jdt.ls.core.internal.handlers.BaseDocumentLifeCycleHandler$7.run(BaseDocumentLifeCycleHandler.java:340)
	at org.eclipse.core.internal.resources.Workspace.run(Workspace.java:2315)
	at org.eclipse.core.internal.resources.Workspace.run(Workspace.java:2340)
	at org.eclipse.jdt.ls.core.internal.handlers.BaseDocumentLifeCycleHandler.didSave(BaseDocumentLifeCycleHandler.java:337)
	at org.eclipse.jdt.ls.core.internal.handlers.JDTLanguageServer.didSave(JDTLanguageServer.java:812)
	at java.base/jdk.internal.reflect.NativeMethodAccessorImpl.invoke0(Native Method)
	at java.base/jdk.internal.reflect.NativeMethodAccessorImpl.invoke(Unknown Source)
	at java.base/jdk.internal.reflect.DelegatingMethodAccessorImpl.invoke(Unknown Source)
	at java.base/java.lang.reflect.Method.invoke(Unknown Source)
	at org.eclipse.lsp4j.jsonrpc.services.GenericEndpoint.lambda$null$0(GenericEndpoint.java:65)
	at org.eclipse.lsp4j.jsonrpc.services.GenericEndpoint.notify(GenericEndpoint.java:152)
	at org.eclipse.lsp4j.jsonrpc.RemoteEndpoint.handleNotification(RemoteEndpoint.java:220)
	at org.eclipse.lsp4j.jsonrpc.RemoteEndpoint.consume(RemoteEndpoint.java:187)
	at org.eclipse.jdt.ls.core.internal.ParentProcessWatcher.lambda$0(ParentProcessWatcher.java:123)
	at org.eclipse.lsp4j.jsonrpc.json.StreamMessageProducer.handleMessage(StreamMessageProducer.java:194)
	at org.eclipse.lsp4j.jsonrpc.json.StreamMessageProducer.listen(StreamMessageProducer.java:94)
	at org.eclipse.lsp4j.jsonrpc.json.ConcurrentMessageProcessor.run(ConcurrentMessageProcessor.java:113)
	at java.base/java.util.concurrent.Executors$RunnableAdapter.call(Unknown Source)
	at java.base/java.util.concurrent.FutureTask.run(Unknown Source)
	at java.base/java.util.concurrent.ThreadPoolExecutor.runWorker(Unknown Source)
	at java.base/java.util.concurrent.ThreadPoolExecutor$Worker.run(Unknown Source)
	at java.base/java.lang.Thread.run(Unknown Source)

[Error - 8:14:13 PM] May 27, 2022, 8:14:13 PM _/java/overflow [in Workspace_ec567480] does not exist
_/java/overflow [in Workspace_ec567480] does not exist
Java Model Exception: Error in Java Model (code 969): _/java/overflow [in Workspace_ec567480] does not exist
	at org.eclipse.jdt.internal.core.JavaElement.newNotPresentException(JavaElement.java:574)
	at org.eclipse.jdt.internal.core.PackageFragmentRoot.getUnderlyingResource(PackageFragmentRoot.java:761)
	at org.eclipse.jdt.internal.core.PackageFragment.getUnderlyingResource(PackageFragment.java:426)
	at org.eclipse.jdt.internal.core.Openable.getUnderlyingResource(Openable.java:349)
	at org.eclipse.jdt.internal.core.CompilationUnit.getUnderlyingResource(CompilationUnit.java:980)
	at org.eclipse.jdt.ls.core.internal.handlers.WorkspaceEventsHandler.didChangeWatchedFiles(WorkspaceEventsHandler.java:100)
	at org.eclipse.jdt.ls.core.internal.handlers.JDTLanguageServer.didChangeWatchedFiles(JDTLanguageServer.java:515)
	at java.base/jdk.internal.reflect.NativeMethodAccessorImpl.invoke0(Native Method)
	at java.base/jdk.internal.reflect.NativeMethodAccessorImpl.invoke(Unknown Source)
	at java.base/jdk.internal.reflect.DelegatingMethodAccessorImpl.invoke(Unknown Source)
	at java.base/java.lang.reflect.Method.invoke(Unknown Source)
	at org.eclipse.lsp4j.jsonrpc.services.GenericEndpoint.lambda$null$0(GenericEndpoint.java:65)
	at org.eclipse.lsp4j.jsonrpc.services.GenericEndpoint.notify(GenericEndpoint.java:152)
	at org.eclipse.lsp4j.jsonrpc.RemoteEndpoint.handleNotification(RemoteEndpoint.java:220)
	at org.eclipse.lsp4j.jsonrpc.RemoteEndpoint.consume(RemoteEndpoint.java:187)
	at org.eclipse.jdt.ls.core.internal.ParentProcessWatcher.lambda$0(ParentProcessWatcher.java:123)
	at org.eclipse.lsp4j.jsonrpc.json.StreamMessageProducer.handleMessage(StreamMessageProducer.java:194)
	at org.eclipse.lsp4j.jsonrpc.json.StreamMessageProducer.listen(StreamMessageProducer.java:94)
	at org.eclipse.lsp4j.jsonrpc.json.ConcurrentMessageProcessor.run(ConcurrentMessageProcessor.java:113)
	at java.base/java.util.concurrent.Executors$RunnableAdapter.call(Unknown Source)
	at java.base/java.util.concurrent.FutureTask.run(Unknown Source)
	at java.base/java.util.concurrent.ThreadPoolExecutor.runWorker(Unknown Source)
	at java.base/java.util.concurrent.ThreadPoolExecutor$Worker.run(Unknown Source)
	at java.base/java.lang.Thread.run(Unknown Source)

[Error - 8:14:20 PM] May 27, 2022, 8:14:20 PM Error while handling document save. URI: file:///run/media/j/josia/Info/Workspace/java/overflow/overflow.java
_/java/overflow [in Workspace_ec567480] does not exist
Java Model Exception: Error in Java Model (code 969): _/java/overflow [in Workspace_ec567480] does not exist
	at org.eclipse.jdt.internal.core.JavaElement.newNotPresentException(JavaElement.java:574)
	at org.eclipse.jdt.internal.core.PackageFragmentRoot.getUnderlyingResource(PackageFragmentRoot.java:761)
	at org.eclipse.jdt.internal.core.PackageFragment.getUnderlyingResource(PackageFragment.java:426)
	at org.eclipse.jdt.internal.core.Openable.getUnderlyingResource(Openable.java:349)
	at org.eclipse.jdt.internal.core.CompilationUnit.getUnderlyingResource(CompilationUnit.java:980)
	at org.eclipse.jdt.ls.core.internal.handlers.BaseDocumentLifeCycleHandler.handleSaved(BaseDocumentLifeCycleHandler.java:494)
	at org.eclipse.jdt.ls.core.internal.handlers.BaseDocumentLifeCycleHandler$7.run(BaseDocumentLifeCycleHandler.java:340)
	at org.eclipse.core.internal.resources.Workspace.run(Workspace.java:2315)
	at org.eclipse.core.internal.resources.Workspace.run(Workspace.java:2340)
	at org.eclipse.jdt.ls.core.internal.handlers.BaseDocumentLifeCycleHandler.didSave(BaseDocumentLifeCycleHandler.java:337)
	at org.eclipse.jdt.ls.core.internal.handlers.JDTLanguageServer.didSave(JDTLanguageServer.java:812)
	at java.base/jdk.internal.reflect.NativeMethodAccessorImpl.invoke0(Native Method)
	at java.base/jdk.internal.reflect.NativeMethodAccessorImpl.invoke(Unknown Source)
	at java.base/jdk.internal.reflect.DelegatingMethodAccessorImpl.invoke(Unknown Source)
	at java.base/java.lang.reflect.Method.invoke(Unknown Source)
	at org.eclipse.lsp4j.jsonrpc.services.GenericEndpoint.lambda$null$0(GenericEndpoint.java:65)
	at org.eclipse.lsp4j.jsonrpc.services.GenericEndpoint.notify(GenericEndpoint.java:152)
	at org.eclipse.lsp4j.jsonrpc.RemoteEndpoint.handleNotification(RemoteEndpoint.java:220)
	at org.eclipse.lsp4j.jsonrpc.RemoteEndpoint.consume(RemoteEndpoint.java:187)
	at org.eclipse.jdt.ls.core.internal.ParentProcessWatcher.lambda$0(ParentProcessWatcher.java:123)
	at org.eclipse.lsp4j.jsonrpc.json.StreamMessageProducer.handleMessage(StreamMessageProducer.java:194)
	at org.eclipse.lsp4j.jsonrpc.json.StreamMessageProducer.listen(StreamMessageProducer.java:94)
	at org.eclipse.lsp4j.jsonrpc.json.ConcurrentMessageProcessor.run(ConcurrentMessageProcessor.java:113)
	at java.base/java.util.concurrent.Executors$RunnableAdapter.call(Unknown Source)
	at java.base/java.util.concurrent.FutureTask.run(Unknown Source)
	at java.base/java.util.concurrent.ThreadPoolExecutor.runWorker(Unknown Source)
	at java.base/java.util.concurrent.ThreadPoolExecutor$Worker.run(Unknown Source)
	at java.base/java.lang.Thread.run(Unknown Source)

[Error - 8:14:20 PM] May 27, 2022, 8:14:20 PM _/java/overflow [in Workspace_ec567480] does not exist
_/java/overflow [in Workspace_ec567480] does not exist
Java Model Exception: Error in Java Model (code 969): _/java/overflow [in Workspace_ec567480] does not exist
	at org.eclipse.jdt.internal.core.JavaElement.newNotPresentException(JavaElement.java:574)
	at org.eclipse.jdt.internal.core.PackageFragmentRoot.getUnderlyingResource(PackageFragmentRoot.java:761)
	at org.eclipse.jdt.internal.core.PackageFragment.getUnderlyingResource(PackageFragment.java:426)
	at org.eclipse.jdt.internal.core.Openable.getUnderlyingResource(Openable.java:349)
	at org.eclipse.jdt.internal.core.CompilationUnit.getUnderlyingResource(CompilationUnit.java:980)
	at org.eclipse.jdt.ls.core.internal.handlers.WorkspaceEventsHandler.didChangeWatchedFiles(WorkspaceEventsHandler.java:100)
	at org.eclipse.jdt.ls.core.internal.handlers.JDTLanguageServer.didChangeWatchedFiles(JDTLanguageServer.java:515)
	at java.base/jdk.internal.reflect.NativeMethodAccessorImpl.invoke0(Native Method)
	at java.base/jdk.internal.reflect.NativeMethodAccessorImpl.invoke(Unknown Source)
	at java.base/jdk.internal.reflect.DelegatingMethodAccessorImpl.invoke(Unknown Source)
	at java.base/java.lang.reflect.Method.invoke(Unknown Source)
	at org.eclipse.lsp4j.jsonrpc.services.GenericEndpoint.lambda$null$0(GenericEndpoint.java:65)
	at org.eclipse.lsp4j.jsonrpc.services.GenericEndpoint.notify(GenericEndpoint.java:152)
	at org.eclipse.lsp4j.jsonrpc.RemoteEndpoint.handleNotification(RemoteEndpoint.java:220)
	at org.eclipse.lsp4j.jsonrpc.RemoteEndpoint.consume(RemoteEndpoint.java:187)
	at org.eclipse.jdt.ls.core.internal.ParentProcessWatcher.lambda$0(ParentProcessWatcher.java:123)
	at org.eclipse.lsp4j.jsonrpc.json.StreamMessageProducer.handleMessage(StreamMessageProducer.java:194)
	at org.eclipse.lsp4j.jsonrpc.json.StreamMessageProducer.listen(StreamMessageProducer.java:94)
	at org.eclipse.lsp4j.jsonrpc.json.ConcurrentMessageProcessor.run(ConcurrentMessageProcessor.java:113)
	at java.base/java.util.concurrent.Executors$RunnableAdapter.call(Unknown Source)
	at java.base/java.util.concurrent.FutureTask.run(Unknown Source)
	at java.base/java.util.concurrent.ThreadPoolExecutor.runWorker(Unknown Source)
	at java.base/java.util.concurrent.ThreadPoolExecutor$Worker.run(Unknown Source)
	at java.base/java.lang.Thread.run(Unknown Source)

[Error - 8:14:31 PM] May 27, 2022, 8:14:31 PM Error while handling document save. URI: file:///run/media/j/josia/Info/Workspace/java/overflow/overflow.java
_/java/overflow [in Workspace_ec567480] does not exist
Java Model Exception: Error in Java Model (code 969): _/java/overflow [in Workspace_ec567480] does not exist
	at org.eclipse.jdt.internal.core.JavaElement.newNotPresentException(JavaElement.java:574)
	at org.eclipse.jdt.internal.core.PackageFragmentRoot.getUnderlyingResource(PackageFragmentRoot.java:761)
	at org.eclipse.jdt.internal.core.PackageFragment.getUnderlyingResource(PackageFragment.java:426)
	at org.eclipse.jdt.internal.core.Openable.getUnderlyingResource(Openable.java:349)
	at org.eclipse.jdt.internal.core.CompilationUnit.getUnderlyingResource(CompilationUnit.java:980)
	at org.eclipse.jdt.ls.core.internal.handlers.BaseDocumentLifeCycleHandler.handleSaved(BaseDocumentLifeCycleHandler.java:494)
	at org.eclipse.jdt.ls.core.internal.handlers.BaseDocumentLifeCycleHandler$7.run(BaseDocumentLifeCycleHandler.java:340)
	at org.eclipse.core.internal.resources.Workspace.run(Workspace.java:2315)
	at org.eclipse.core.internal.resources.Workspace.run(Workspace.java:2340)
	at org.eclipse.jdt.ls.core.internal.handlers.BaseDocumentLifeCycleHandler.didSave(BaseDocumentLifeCycleHandler.java:337)
	at org.eclipse.jdt.ls.core.internal.handlers.JDTLanguageServer.didSave(JDTLanguageServer.java:812)
	at java.base/jdk.internal.reflect.NativeMethodAccessorImpl.invoke0(Native Method)
	at java.base/jdk.internal.reflect.NativeMethodAccessorImpl.invoke(Unknown Source)
	at java.base/jdk.internal.reflect.DelegatingMethodAccessorImpl.invoke(Unknown Source)
	at java.base/java.lang.reflect.Method.invoke(Unknown Source)
	at org.eclipse.lsp4j.jsonrpc.services.GenericEndpoint.lambda$null$0(GenericEndpoint.java:65)
	at org.eclipse.lsp4j.jsonrpc.services.GenericEndpoint.notify(GenericEndpoint.java:152)
	at org.eclipse.lsp4j.jsonrpc.RemoteEndpoint.handleNotification(RemoteEndpoint.java:220)
	at org.eclipse.lsp4j.jsonrpc.RemoteEndpoint.consume(RemoteEndpoint.java:187)
	at org.eclipse.jdt.ls.core.internal.ParentProcessWatcher.lambda$0(ParentProcessWatcher.java:123)
	at org.eclipse.lsp4j.jsonrpc.json.StreamMessageProducer.handleMessage(StreamMessageProducer.java:194)
	at org.eclipse.lsp4j.jsonrpc.json.StreamMessageProducer.listen(StreamMessageProducer.java:94)
	at org.eclipse.lsp4j.jsonrpc.json.ConcurrentMessageProcessor.run(ConcurrentMessageProcessor.java:113)
	at java.base/java.util.concurrent.Executors$RunnableAdapter.call(Unknown Source)
	at java.base/java.util.concurrent.FutureTask.run(Unknown Source)
	at java.base/java.util.concurrent.ThreadPoolExecutor.runWorker(Unknown Source)
	at java.base/java.util.concurrent.ThreadPoolExecutor$Worker.run(Unknown Source)
	at java.base/java.lang.Thread.run(Unknown Source)

[Error - 8:14:31 PM] May 27, 2022, 8:14:31 PM _/java/overflow [in Workspace_ec567480] does not exist
_/java/overflow [in Workspace_ec567480] does not exist
Java Model Exception: Error in Java Model (code 969): _/java/overflow [in Workspace_ec567480] does not exist
	at org.eclipse.jdt.internal.core.JavaElement.newNotPresentException(JavaElement.java:574)
	at org.eclipse.jdt.internal.core.PackageFragmentRoot.getUnderlyingResource(PackageFragmentRoot.java:761)
	at org.eclipse.jdt.internal.core.PackageFragment.getUnderlyingResource(PackageFragment.java:426)
	at org.eclipse.jdt.internal.core.Openable.getUnderlyingResource(Openable.java:349)
	at org.eclipse.jdt.internal.core.CompilationUnit.getUnderlyingResource(CompilationUnit.java:980)
	at org.eclipse.jdt.ls.core.internal.handlers.WorkspaceEventsHandler.didChangeWatchedFiles(WorkspaceEventsHandler.java:100)
	at org.eclipse.jdt.ls.core.internal.handlers.JDTLanguageServer.didChangeWatchedFiles(JDTLanguageServer.java:515)
	at java.base/jdk.internal.reflect.NativeMethodAccessorImpl.invoke0(Native Method)
	at java.base/jdk.internal.reflect.NativeMethodAccessorImpl.invoke(Unknown Source)
	at java.base/jdk.internal.reflect.DelegatingMethodAccessorImpl.invoke(Unknown Source)
	at java.base/java.lang.reflect.Method.invoke(Unknown Source)
	at org.eclipse.lsp4j.jsonrpc.services.GenericEndpoint.lambda$null$0(GenericEndpoint.java:65)
	at org.eclipse.lsp4j.jsonrpc.services.GenericEndpoint.notify(GenericEndpoint.java:152)
	at org.eclipse.lsp4j.jsonrpc.RemoteEndpoint.handleNotification(RemoteEndpoint.java:220)
	at org.eclipse.lsp4j.jsonrpc.RemoteEndpoint.consume(RemoteEndpoint.java:187)
	at org.eclipse.jdt.ls.core.internal.ParentProcessWatcher.lambda$0(ParentProcessWatcher.java:123)
	at org.eclipse.lsp4j.jsonrpc.json.StreamMessageProducer.handleMessage(StreamMessageProducer.java:194)
	at org.eclipse.lsp4j.jsonrpc.json.StreamMessageProducer.listen(StreamMessageProducer.java:94)
	at org.eclipse.lsp4j.jsonrpc.json.ConcurrentMessageProcessor.run(ConcurrentMessageProcessor.java:113)
	at java.base/java.util.concurrent.Executors$RunnableAdapter.call(Unknown Source)
	at java.base/java.util.concurrent.FutureTask.run(Unknown Source)
	at java.base/java.util.concurrent.ThreadPoolExecutor.runWorker(Unknown Source)
	at java.base/java.util.concurrent.ThreadPoolExecutor$Worker.run(Unknown Source)
	at java.base/java.lang.Thread.run(Unknown Source)

[Error - 8:14:34 PM] May 27, 2022, 8:14:34 PM Error while handling document save. URI: file:///run/media/j/josia/Info/Workspace/java/overflow/overflow.java
_/java/overflow [in Workspace_ec567480] does not exist
Java Model Exception: Error in Java Model (code 969): _/java/overflow [in Workspace_ec567480] does not exist
	at org.eclipse.jdt.internal.core.JavaElement.newNotPresentException(JavaElement.java:574)
	at org.eclipse.jdt.internal.core.PackageFragmentRoot.getUnderlyingResource(PackageFragmentRoot.java:761)
	at org.eclipse.jdt.internal.core.PackageFragment.getUnderlyingResource(PackageFragment.java:426)
	at org.eclipse.jdt.internal.core.Openable.getUnderlyingResource(Openable.java:349)
	at org.eclipse.jdt.internal.core.CompilationUnit.getUnderlyingResource(CompilationUnit.java:980)
	at org.eclipse.jdt.ls.core.internal.handlers.BaseDocumentLifeCycleHandler.handleSaved(BaseDocumentLifeCycleHandler.java:494)
	at org.eclipse.jdt.ls.core.internal.handlers.BaseDocumentLifeCycleHandler$7.run(BaseDocumentLifeCycleHandler.java:340)
	at org.eclipse.core.internal.resources.Workspace.run(Workspace.java:2315)
	at org.eclipse.core.internal.resources.Workspace.run(Workspace.java:2340)
	at org.eclipse.jdt.ls.core.internal.handlers.BaseDocumentLifeCycleHandler.didSave(BaseDocumentLifeCycleHandler.java:337)
	at org.eclipse.jdt.ls.core.internal.handlers.JDTLanguageServer.didSave(JDTLanguageServer.java:812)
	at java.base/jdk.internal.reflect.NativeMethodAccessorImpl.invoke0(Native Method)
	at java.base/jdk.internal.reflect.NativeMethodAccessorImpl.invoke(Unknown Source)
	at java.base/jdk.internal.reflect.DelegatingMethodAccessorImpl.invoke(Unknown Source)
	at java.base/java.lang.reflect.Method.invoke(Unknown Source)
	at org.eclipse.lsp4j.jsonrpc.services.GenericEndpoint.lambda$null$0(GenericEndpoint.java:65)
	at org.eclipse.lsp4j.jsonrpc.services.GenericEndpoint.notify(GenericEndpoint.java:152)
	at org.eclipse.lsp4j.jsonrpc.RemoteEndpoint.handleNotification(RemoteEndpoint.java:220)
	at org.eclipse.lsp4j.jsonrpc.RemoteEndpoint.consume(RemoteEndpoint.java:187)
	at org.eclipse.jdt.ls.core.internal.ParentProcessWatcher.lambda$0(ParentProcessWatcher.java:123)
	at org.eclipse.lsp4j.jsonrpc.json.StreamMessageProducer.handleMessage(StreamMessageProducer.java:194)
	at org.eclipse.lsp4j.jsonrpc.json.StreamMessageProducer.listen(StreamMessageProducer.java:94)
	at org.eclipse.lsp4j.jsonrpc.json.ConcurrentMessageProcessor.run(ConcurrentMessageProcessor.java:113)
	at java.base/java.util.concurrent.Executors$RunnableAdapter.call(Unknown Source)
	at java.base/java.util.concurrent.FutureTask.run(Unknown Source)
	at java.base/java.util.concurrent.ThreadPoolExecutor.runWorker(Unknown Source)
	at java.base/java.util.concurrent.ThreadPoolExecutor$Worker.run(Unknown Source)
	at java.base/java.lang.Thread.run(Unknown Source)

[Error - 8:14:34 PM] May 27, 2022, 8:14:34 PM _/java/overflow [in Workspace_ec567480] does not exist
_/java/overflow [in Workspace_ec567480] does not exist
Java Model Exception: Error in Java Model (code 969): _/java/overflow [in Workspace_ec567480] does not exist
	at org.eclipse.jdt.internal.core.JavaElement.newNotPresentException(JavaElement.java:574)
	at org.eclipse.jdt.internal.core.PackageFragmentRoot.getUnderlyingResource(PackageFragmentRoot.java:761)
	at org.eclipse.jdt.internal.core.PackageFragment.getUnderlyingResource(PackageFragment.java:426)
	at org.eclipse.jdt.internal.core.Openable.getUnderlyingResource(Openable.java:349)
	at org.eclipse.jdt.internal.core.CompilationUnit.getUnderlyingResource(CompilationUnit.java:980)
	at org.eclipse.jdt.ls.core.internal.handlers.WorkspaceEventsHandler.didChangeWatchedFiles(WorkspaceEventsHandler.java:100)
	at org.eclipse.jdt.ls.core.internal.handlers.JDTLanguageServer.didChangeWatchedFiles(JDTLanguageServer.java:515)
	at java.base/jdk.internal.reflect.NativeMethodAccessorImpl.invoke0(Native Method)
	at java.base/jdk.internal.reflect.NativeMethodAccessorImpl.invoke(Unknown Source)
	at java.base/jdk.internal.reflect.DelegatingMethodAccessorImpl.invoke(Unknown Source)
	at java.base/java.lang.reflect.Method.invoke(Unknown Source)
	at org.eclipse.lsp4j.jsonrpc.services.GenericEndpoint.lambda$null$0(GenericEndpoint.java:65)
	at org.eclipse.lsp4j.jsonrpc.services.GenericEndpoint.notify(GenericEndpoint.java:152)
	at org.eclipse.lsp4j.jsonrpc.RemoteEndpoint.handleNotification(RemoteEndpoint.java:220)
	at org.eclipse.lsp4j.jsonrpc.RemoteEndpoint.consume(RemoteEndpoint.java:187)
	at org.eclipse.jdt.ls.core.internal.ParentProcessWatcher.lambda$0(ParentProcessWatcher.java:123)
	at org.eclipse.lsp4j.jsonrpc.json.StreamMessageProducer.handleMessage(StreamMessageProducer.java:194)
	at org.eclipse.lsp4j.jsonrpc.json.StreamMessageProducer.listen(StreamMessageProducer.java:94)
	at org.eclipse.lsp4j.jsonrpc.json.ConcurrentMessageProcessor.run(ConcurrentMessageProcessor.java:113)
	at java.base/java.util.concurrent.Executors$RunnableAdapter.call(Unknown Source)
	at java.base/java.util.concurrent.FutureTask.run(Unknown Source)
	at java.base/java.util.concurrent.ThreadPoolExecutor.runWorker(Unknown Source)
	at java.base/java.util.concurrent.ThreadPoolExecutor$Worker.run(Unknown Source)
	at java.base/java.lang.Thread.run(Unknown Source)

[Error - 8:14:40 PM] May 27, 2022, 8:14:40 PM Error while handling document save. URI: file:///run/media/j/josia/Info/Workspace/java/overflow/overflow.java
_/java/overflow [in Workspace_ec567480] does not exist
Java Model Exception: Error in Java Model (code 969): _/java/overflow [in Workspace_ec567480] does not exist
	at org.eclipse.jdt.internal.core.JavaElement.newNotPresentException(JavaElement.java:574)
	at org.eclipse.jdt.internal.core.PackageFragmentRoot.getUnderlyingResource(PackageFragmentRoot.java:761)
	at org.eclipse.jdt.internal.core.PackageFragment.getUnderlyingResource(PackageFragment.java:426)
	at org.eclipse.jdt.internal.core.Openable.getUnderlyingResource(Openable.java:349)
	at org.eclipse.jdt.internal.core.CompilationUnit.getUnderlyingResource(CompilationUnit.java:980)
	at org.eclipse.jdt.ls.core.internal.handlers.BaseDocumentLifeCycleHandler.handleSaved(BaseDocumentLifeCycleHandler.java:494)
	at org.eclipse.jdt.ls.core.internal.handlers.BaseDocumentLifeCycleHandler$7.run(BaseDocumentLifeCycleHandler.java:340)
	at org.eclipse.core.internal.resources.Workspace.run(Workspace.java:2315)
	at org.eclipse.core.internal.resources.Workspace.run(Workspace.java:2340)
	at org.eclipse.jdt.ls.core.internal.handlers.BaseDocumentLifeCycleHandler.didSave(BaseDocumentLifeCycleHandler.java:337)
	at org.eclipse.jdt.ls.core.internal.handlers.JDTLanguageServer.didSave(JDTLanguageServer.java:812)
	at java.base/jdk.internal.reflect.NativeMethodAccessorImpl.invoke0(Native Method)
	at java.base/jdk.internal.reflect.NativeMethodAccessorImpl.invoke(Unknown Source)
	at java.base/jdk.internal.reflect.DelegatingMethodAccessorImpl.invoke(Unknown Source)
	at java.base/java.lang.reflect.Method.invoke(Unknown Source)
	at org.eclipse.lsp4j.jsonrpc.services.GenericEndpoint.lambda$null$0(GenericEndpoint.java:65)
	at org.eclipse.lsp4j.jsonrpc.services.GenericEndpoint.notify(GenericEndpoint.java:152)
	at org.eclipse.lsp4j.jsonrpc.RemoteEndpoint.handleNotification(RemoteEndpoint.java:220)
	at org.eclipse.lsp4j.jsonrpc.RemoteEndpoint.consume(RemoteEndpoint.java:187)
	at org.eclipse.jdt.ls.core.internal.ParentProcessWatcher.lambda$0(ParentProcessWatcher.java:123)
	at org.eclipse.lsp4j.jsonrpc.json.StreamMessageProducer.handleMessage(StreamMessageProducer.java:194)
	at org.eclipse.lsp4j.jsonrpc.json.StreamMessageProducer.listen(StreamMessageProducer.java:94)
	at org.eclipse.lsp4j.jsonrpc.json.ConcurrentMessageProcessor.run(ConcurrentMessageProcessor.java:113)
	at java.base/java.util.concurrent.Executors$RunnableAdapter.call(Unknown Source)
	at java.base/java.util.concurrent.FutureTask.run(Unknown Source)
	at java.base/java.util.concurrent.ThreadPoolExecutor.runWorker(Unknown Source)
	at java.base/java.util.concurrent.ThreadPoolExecutor$Worker.run(Unknown Source)
	at java.base/java.lang.Thread.run(Unknown Source)

[Error - 8:14:41 PM] May 27, 2022, 8:14:41 PM _/java/overflow [in Workspace_ec567480] does not exist
_/java/overflow [in Workspace_ec567480] does not exist
Java Model Exception: Error in Java Model (code 969): _/java/overflow [in Workspace_ec567480] does not exist
	at org.eclipse.jdt.internal.core.JavaElement.newNotPresentException(JavaElement.java:574)
	at org.eclipse.jdt.internal.core.PackageFragmentRoot.getUnderlyingResource(PackageFragmentRoot.java:761)
	at org.eclipse.jdt.internal.core.PackageFragment.getUnderlyingResource(PackageFragment.java:426)
	at org.eclipse.jdt.internal.core.Openable.getUnderlyingResource(Openable.java:349)
	at org.eclipse.jdt.internal.core.CompilationUnit.getUnderlyingResource(CompilationUnit.java:980)
	at org.eclipse.jdt.ls.core.internal.handlers.WorkspaceEventsHandler.didChangeWatchedFiles(WorkspaceEventsHandler.java:100)
	at org.eclipse.jdt.ls.core.internal.handlers.JDTLanguageServer.didChangeWatchedFiles(JDTLanguageServer.java:515)
	at java.base/jdk.internal.reflect.NativeMethodAccessorImpl.invoke0(Native Method)
	at java.base/jdk.internal.reflect.NativeMethodAccessorImpl.invoke(Unknown Source)
	at java.base/jdk.internal.reflect.DelegatingMethodAccessorImpl.invoke(Unknown Source)
	at java.base/java.lang.reflect.Method.invoke(Unknown Source)
	at org.eclipse.lsp4j.jsonrpc.services.GenericEndpoint.lambda$null$0(GenericEndpoint.java:65)
	at org.eclipse.lsp4j.jsonrpc.services.GenericEndpoint.notify(GenericEndpoint.java:152)
	at org.eclipse.lsp4j.jsonrpc.RemoteEndpoint.handleNotification(RemoteEndpoint.java:220)
	at org.eclipse.lsp4j.jsonrpc.RemoteEndpoint.consume(RemoteEndpoint.java:187)
	at org.eclipse.jdt.ls.core.internal.ParentProcessWatcher.lambda$0(ParentProcessWatcher.java:123)
	at org.eclipse.lsp4j.jsonrpc.json.StreamMessageProducer.handleMessage(StreamMessageProducer.java:194)
	at org.eclipse.lsp4j.jsonrpc.json.StreamMessageProducer.listen(StreamMessageProducer.java:94)
	at org.eclipse.lsp4j.jsonrpc.json.ConcurrentMessageProcessor.run(ConcurrentMessageProcessor.java:113)
	at java.base/java.util.concurrent.Executors$RunnableAdapter.call(Unknown Source)
	at java.base/java.util.concurrent.FutureTask.run(Unknown Source)
	at java.base/java.util.concurrent.ThreadPoolExecutor.runWorker(Unknown Source)
	at java.base/java.util.concurrent.ThreadPoolExecutor$Worker.run(Unknown Source)
	at java.base/java.lang.Thread.run(Unknown Source)

[Error - 8:14:52 PM] May 27, 2022, 8:14:52 PM Error while handling document save. URI: file:///run/media/j/josia/Info/Workspace/java/overflow/overflow.java
_/java/overflow [in Workspace_ec567480] does not exist
Java Model Exception: Error in Java Model (code 969): _/java/overflow [in Workspace_ec567480] does not exist
	at org.eclipse.jdt.internal.core.JavaElement.newNotPresentException(JavaElement.java:574)
	at org.eclipse.jdt.internal.core.PackageFragmentRoot.getUnderlyingResource(PackageFragmentRoot.java:761)
	at org.eclipse.jdt.internal.core.PackageFragment.getUnderlyingResource(PackageFragment.java:426)
	at org.eclipse.jdt.internal.core.Openable.getUnderlyingResource(Openable.java:349)
	at org.eclipse.jdt.internal.core.CompilationUnit.getUnderlyingResource(CompilationUnit.java:980)
	at org.eclipse.jdt.ls.core.internal.handlers.BaseDocumentLifeCycleHandler.handleSaved(BaseDocumentLifeCycleHandler.java:494)
	at org.eclipse.jdt.ls.core.internal.handlers.BaseDocumentLifeCycleHandler$7.run(BaseDocumentLifeCycleHandler.java:340)
	at org.eclipse.core.internal.resources.Workspace.run(Workspace.java:2315)
	at org.eclipse.core.internal.resources.Workspace.run(Workspace.java:2340)
	at org.eclipse.jdt.ls.core.internal.handlers.BaseDocumentLifeCycleHandler.didSave(BaseDocumentLifeCycleHandler.java:337)
	at org.eclipse.jdt.ls.core.internal.handlers.JDTLanguageServer.didSave(JDTLanguageServer.java:812)
	at java.base/jdk.internal.reflect.NativeMethodAccessorImpl.invoke0(Native Method)
	at java.base/jdk.internal.reflect.NativeMethodAccessorImpl.invoke(Unknown Source)
	at java.base/jdk.internal.reflect.DelegatingMethodAccessorImpl.invoke(Unknown Source)
	at java.base/java.lang.reflect.Method.invoke(Unknown Source)
	at org.eclipse.lsp4j.jsonrpc.services.GenericEndpoint.lambda$null$0(GenericEndpoint.java:65)
	at org.eclipse.lsp4j.jsonrpc.services.GenericEndpoint.notify(GenericEndpoint.java:152)
	at org.eclipse.lsp4j.jsonrpc.RemoteEndpoint.handleNotification(RemoteEndpoint.java:220)
	at org.eclipse.lsp4j.jsonrpc.RemoteEndpoint.consume(RemoteEndpoint.java:187)
	at org.eclipse.jdt.ls.core.internal.ParentProcessWatcher.lambda$0(ParentProcessWatcher.java:123)
	at org.eclipse.lsp4j.jsonrpc.json.StreamMessageProducer.handleMessage(StreamMessageProducer.java:194)
	at org.eclipse.lsp4j.jsonrpc.json.StreamMessageProducer.listen(StreamMessageProducer.java:94)
	at org.eclipse.lsp4j.jsonrpc.json.ConcurrentMessageProcessor.run(ConcurrentMessageProcessor.java:113)
	at java.base/java.util.concurrent.Executors$RunnableAdapter.call(Unknown Source)
	at java.base/java.util.concurrent.FutureTask.run(Unknown Source)
	at java.base/java.util.concurrent.ThreadPoolExecutor.runWorker(Unknown Source)
	at java.base/java.util.concurrent.ThreadPoolExecutor$Worker.run(Unknown Source)
	at java.base/java.lang.Thread.run(Unknown Source)

[Error - 8:14:53 PM] May 27, 2022, 8:14:53 PM _/java/overflow [in Workspace_ec567480] does not exist
_/java/overflow [in Workspace_ec567480] does not exist
Java Model Exception: Error in Java Model (code 969): _/java/overflow [in Workspace_ec567480] does not exist
	at org.eclipse.jdt.internal.core.JavaElement.newNotPresentException(JavaElement.java:574)
	at org.eclipse.jdt.internal.core.PackageFragmentRoot.getUnderlyingResource(PackageFragmentRoot.java:761)
	at org.eclipse.jdt.internal.core.PackageFragment.getUnderlyingResource(PackageFragment.java:426)
	at org.eclipse.jdt.internal.core.Openable.getUnderlyingResource(Openable.java:349)
	at org.eclipse.jdt.internal.core.CompilationUnit.getUnderlyingResource(CompilationUnit.java:980)
	at org.eclipse.jdt.ls.core.internal.handlers.WorkspaceEventsHandler.didChangeWatchedFiles(WorkspaceEventsHandler.java:100)
	at org.eclipse.jdt.ls.core.internal.handlers.JDTLanguageServer.didChangeWatchedFiles(JDTLanguageServer.java:515)
	at java.base/jdk.internal.reflect.NativeMethodAccessorImpl.invoke0(Native Method)
	at java.base/jdk.internal.reflect.NativeMethodAccessorImpl.invoke(Unknown Source)
	at java.base/jdk.internal.reflect.DelegatingMethodAccessorImpl.invoke(Unknown Source)
	at java.base/java.lang.reflect.Method.invoke(Unknown Source)
	at org.eclipse.lsp4j.jsonrpc.services.GenericEndpoint.lambda$null$0(GenericEndpoint.java:65)
	at org.eclipse.lsp4j.jsonrpc.services.GenericEndpoint.notify(GenericEndpoint.java:152)
	at org.eclipse.lsp4j.jsonrpc.RemoteEndpoint.handleNotification(RemoteEndpoint.java:220)
	at org.eclipse.lsp4j.jsonrpc.RemoteEndpoint.consume(RemoteEndpoint.java:187)
	at org.eclipse.jdt.ls.core.internal.ParentProcessWatcher.lambda$0(ParentProcessWatcher.java:123)
	at org.eclipse.lsp4j.jsonrpc.json.StreamMessageProducer.handleMessage(StreamMessageProducer.java:194)
	at org.eclipse.lsp4j.jsonrpc.json.StreamMessageProducer.listen(StreamMessageProducer.java:94)
	at org.eclipse.lsp4j.jsonrpc.json.ConcurrentMessageProcessor.run(ConcurrentMessageProcessor.java:113)
	at java.base/java.util.concurrent.Executors$RunnableAdapter.call(Unknown Source)
	at java.base/java.util.concurrent.FutureTask.run(Unknown Source)
	at java.base/java.util.concurrent.ThreadPoolExecutor.runWorker(Unknown Source)
	at java.base/java.util.concurrent.ThreadPoolExecutor$Worker.run(Unknown Source)
	at java.base/java.lang.Thread.run(Unknown Source)

[Error - 8:14:54 PM] May 27, 2022, 8:14:54 PM Error while handling document save. URI: file:///run/media/j/josia/Info/Workspace/java/overflow/overflow.java
_/java/overflow [in Workspace_ec567480] does not exist
Java Model Exception: Error in Java Model (code 969): _/java/overflow [in Workspace_ec567480] does not exist
	at org.eclipse.jdt.internal.core.JavaElement.newNotPresentException(JavaElement.java:574)
	at org.eclipse.jdt.internal.core.PackageFragmentRoot.getUnderlyingResource(PackageFragmentRoot.java:761)
	at org.eclipse.jdt.internal.core.PackageFragment.getUnderlyingResource(PackageFragment.java:426)
	at org.eclipse.jdt.internal.core.Openable.getUnderlyingResource(Openable.java:349)
	at org.eclipse.jdt.internal.core.CompilationUnit.getUnderlyingResource(CompilationUnit.java:980)
	at org.eclipse.jdt.ls.core.internal.handlers.BaseDocumentLifeCycleHandler.handleSaved(BaseDocumentLifeCycleHandler.java:494)
	at org.eclipse.jdt.ls.core.internal.handlers.BaseDocumentLifeCycleHandler$7.run(BaseDocumentLifeCycleHandler.java:340)
	at org.eclipse.core.internal.resources.Workspace.run(Workspace.java:2315)
	at org.eclipse.core.internal.resources.Workspace.run(Workspace.java:2340)
	at org.eclipse.jdt.ls.core.internal.handlers.BaseDocumentLifeCycleHandler.didSave(BaseDocumentLifeCycleHandler.java:337)
	at org.eclipse.jdt.ls.core.internal.handlers.JDTLanguageServer.didSave(JDTLanguageServer.java:812)
	at java.base/jdk.internal.reflect.NativeMethodAccessorImpl.invoke0(Native Method)
	at java.base/jdk.internal.reflect.NativeMethodAccessorImpl.invoke(Unknown Source)
	at java.base/jdk.internal.reflect.DelegatingMethodAccessorImpl.invoke(Unknown Source)
	at java.base/java.lang.reflect.Method.invoke(Unknown Source)
	at org.eclipse.lsp4j.jsonrpc.services.GenericEndpoint.lambda$null$0(GenericEndpoint.java:65)
	at org.eclipse.lsp4j.jsonrpc.services.GenericEndpoint.notify(GenericEndpoint.java:152)
	at org.eclipse.lsp4j.jsonrpc.RemoteEndpoint.handleNotification(RemoteEndpoint.java:220)
	at org.eclipse.lsp4j.jsonrpc.RemoteEndpoint.consume(RemoteEndpoint.java:187)
	at org.eclipse.jdt.ls.core.internal.ParentProcessWatcher.lambda$0(ParentProcessWatcher.java:123)
	at org.eclipse.lsp4j.jsonrpc.json.StreamMessageProducer.handleMessage(StreamMessageProducer.java:194)
	at org.eclipse.lsp4j.jsonrpc.json.StreamMessageProducer.listen(StreamMessageProducer.java:94)
	at org.eclipse.lsp4j.jsonrpc.json.ConcurrentMessageProcessor.run(ConcurrentMessageProcessor.java:113)
	at java.base/java.util.concurrent.Executors$RunnableAdapter.call(Unknown Source)
	at java.base/java.util.concurrent.FutureTask.run(Unknown Source)
	at java.base/java.util.concurrent.ThreadPoolExecutor.runWorker(Unknown Source)
	at java.base/java.util.concurrent.ThreadPoolExecutor$Worker.run(Unknown Source)
	at java.base/java.lang.Thread.run(Unknown Source)

[Error - 8:14:54 PM] May 27, 2022, 8:14:54 PM _/java/overflow [in Workspace_ec567480] does not exist
_/java/overflow [in Workspace_ec567480] does not exist
Java Model Exception: Error in Java Model (code 969): _/java/overflow [in Workspace_ec567480] does not exist
	at org.eclipse.jdt.internal.core.JavaElement.newNotPresentException(JavaElement.java:574)
	at org.eclipse.jdt.internal.core.PackageFragmentRoot.getUnderlyingResource(PackageFragmentRoot.java:761)
	at org.eclipse.jdt.internal.core.PackageFragment.getUnderlyingResource(PackageFragment.java:426)
	at org.eclipse.jdt.internal.core.Openable.getUnderlyingResource(Openable.java:349)
	at org.eclipse.jdt.internal.core.CompilationUnit.getUnderlyingResource(CompilationUnit.java:980)
	at org.eclipse.jdt.ls.core.internal.handlers.WorkspaceEventsHandler.didChangeWatchedFiles(WorkspaceEventsHandler.java:100)
	at org.eclipse.jdt.ls.core.internal.handlers.JDTLanguageServer.didChangeWatchedFiles(JDTLanguageServer.java:515)
	at java.base/jdk.internal.reflect.NativeMethodAccessorImpl.invoke0(Native Method)
	at java.base/jdk.internal.reflect.NativeMethodAccessorImpl.invoke(Unknown Source)
	at java.base/jdk.internal.reflect.DelegatingMethodAccessorImpl.invoke(Unknown Source)
	at java.base/java.lang.reflect.Method.invoke(Unknown Source)
	at org.eclipse.lsp4j.jsonrpc.services.GenericEndpoint.lambda$null$0(GenericEndpoint.java:65)
	at org.eclipse.lsp4j.jsonrpc.services.GenericEndpoint.notify(GenericEndpoint.java:152)
	at org.eclipse.lsp4j.jsonrpc.RemoteEndpoint.handleNotification(RemoteEndpoint.java:220)
	at org.eclipse.lsp4j.jsonrpc.RemoteEndpoint.consume(RemoteEndpoint.java:187)
	at org.eclipse.jdt.ls.core.internal.ParentProcessWatcher.lambda$0(ParentProcessWatcher.java:123)
	at org.eclipse.lsp4j.jsonrpc.json.StreamMessageProducer.handleMessage(StreamMessageProducer.java:194)
	at org.eclipse.lsp4j.jsonrpc.json.StreamMessageProducer.listen(StreamMessageProducer.java:94)
	at org.eclipse.lsp4j.jsonrpc.json.ConcurrentMessageProcessor.run(ConcurrentMessageProcessor.java:113)
	at java.base/java.util.concurrent.Executors$RunnableAdapter.call(Unknown Source)
	at java.base/java.util.concurrent.FutureTask.run(Unknown Source)
	at java.base/java.util.concurrent.ThreadPoolExecutor.runWorker(Unknown Source)
	at java.base/java.util.concurrent.ThreadPoolExecutor$Worker.run(Unknown Source)
	at java.base/java.lang.Thread.run(Unknown Source)

[Error - 8:14:56 PM] May 27, 2022, 8:14:56 PM Error while handling document save. URI: file:///run/media/j/josia/Info/Workspace/java/overflow/overflow.java
_/java/overflow [in Workspace_ec567480] does not exist
Java Model Exception: Error in Java Model (code 969): _/java/overflow [in Workspace_ec567480] does not exist
	at org.eclipse.jdt.internal.core.JavaElement.newNotPresentException(JavaElement.java:574)
	at org.eclipse.jdt.internal.core.PackageFragmentRoot.getUnderlyingResource(PackageFragmentRoot.java:761)
	at org.eclipse.jdt.internal.core.PackageFragment.getUnderlyingResource(PackageFragment.java:426)
	at org.eclipse.jdt.internal.core.Openable.getUnderlyingResource(Openable.java:349)
	at org.eclipse.jdt.internal.core.CompilationUnit.getUnderlyingResource(CompilationUnit.java:980)
	at org.eclipse.jdt.ls.core.internal.handlers.BaseDocumentLifeCycleHandler.handleSaved(BaseDocumentLifeCycleHandler.java:494)
	at org.eclipse.jdt.ls.core.internal.handlers.BaseDocumentLifeCycleHandler$7.run(BaseDocumentLifeCycleHandler.java:340)
	at org.eclipse.core.internal.resources.Workspace.run(Workspace.java:2315)
	at org.eclipse.core.internal.resources.Workspace.run(Workspace.java:2340)
	at org.eclipse.jdt.ls.core.internal.handlers.BaseDocumentLifeCycleHandler.didSave(BaseDocumentLifeCycleHandler.java:337)
	at org.eclipse.jdt.ls.core.internal.handlers.JDTLanguageServer.didSave(JDTLanguageServer.java:812)
	at java.base/jdk.internal.reflect.NativeMethodAccessorImpl.invoke0(Native Method)
	at java.base/jdk.internal.reflect.NativeMethodAccessorImpl.invoke(Unknown Source)
	at java.base/jdk.internal.reflect.DelegatingMethodAccessorImpl.invoke(Unknown Source)
	at java.base/java.lang.reflect.Method.invoke(Unknown Source)
	at org.eclipse.lsp4j.jsonrpc.services.GenericEndpoint.lambda$null$0(GenericEndpoint.java:65)
	at org.eclipse.lsp4j.jsonrpc.services.GenericEndpoint.notify(GenericEndpoint.java:152)
	at org.eclipse.lsp4j.jsonrpc.RemoteEndpoint.handleNotification(RemoteEndpoint.java:220)
	at org.eclipse.lsp4j.jsonrpc.RemoteEndpoint.consume(RemoteEndpoint.java:187)
	at org.eclipse.jdt.ls.core.internal.ParentProcessWatcher.lambda$0(ParentProcessWatcher.java:123)
	at org.eclipse.lsp4j.jsonrpc.json.StreamMessageProducer.handleMessage(StreamMessageProducer.java:194)
	at org.eclipse.lsp4j.jsonrpc.json.StreamMessageProducer.listen(StreamMessageProducer.java:94)
	at org.eclipse.lsp4j.jsonrpc.json.ConcurrentMessageProcessor.run(ConcurrentMessageProcessor.java:113)
	at java.base/java.util.concurrent.Executors$RunnableAdapter.call(Unknown Source)
	at java.base/java.util.concurrent.FutureTask.run(Unknown Source)
	at java.base/java.util.concurrent.ThreadPoolExecutor.runWorker(Unknown Source)
	at java.base/java.util.concurrent.ThreadPoolExecutor$Worker.run(Unknown Source)
	at java.base/java.lang.Thread.run(Unknown Source)

[Error - 8:14:56 PM] May 27, 2022, 8:14:56 PM _/java/overflow [in Workspace_ec567480] does not exist
_/java/overflow [in Workspace_ec567480] does not exist
Java Model Exception: Error in Java Model (code 969): _/java/overflow [in Workspace_ec567480] does not exist
	at org.eclipse.jdt.internal.core.JavaElement.newNotPresentException(JavaElement.java:574)
	at org.eclipse.jdt.internal.core.PackageFragmentRoot.getUnderlyingResource(PackageFragmentRoot.java:761)
	at org.eclipse.jdt.internal.core.PackageFragment.getUnderlyingResource(PackageFragment.java:426)
	at org.eclipse.jdt.internal.core.Openable.getUnderlyingResource(Openable.java:349)
	at org.eclipse.jdt.internal.core.CompilationUnit.getUnderlyingResource(CompilationUnit.java:980)
	at org.eclipse.jdt.ls.core.internal.handlers.WorkspaceEventsHandler.didChangeWatchedFiles(WorkspaceEventsHandler.java:100)
	at org.eclipse.jdt.ls.core.internal.handlers.JDTLanguageServer.didChangeWatchedFiles(JDTLanguageServer.java:515)
	at java.base/jdk.internal.reflect.NativeMethodAccessorImpl.invoke0(Native Method)
	at java.base/jdk.internal.reflect.NativeMethodAccessorImpl.invoke(Unknown Source)
	at java.base/jdk.internal.reflect.DelegatingMethodAccessorImpl.invoke(Unknown Source)
	at java.base/java.lang.reflect.Method.invoke(Unknown Source)
	at org.eclipse.lsp4j.jsonrpc.services.GenericEndpoint.lambda$null$0(GenericEndpoint.java:65)
	at org.eclipse.lsp4j.jsonrpc.services.GenericEndpoint.notify(GenericEndpoint.java:152)
	at org.eclipse.lsp4j.jsonrpc.RemoteEndpoint.handleNotification(RemoteEndpoint.java:220)
	at org.eclipse.lsp4j.jsonrpc.RemoteEndpoint.consume(RemoteEndpoint.java:187)
	at org.eclipse.jdt.ls.core.internal.ParentProcessWatcher.lambda$0(ParentProcessWatcher.java:123)
	at org.eclipse.lsp4j.jsonrpc.json.StreamMessageProducer.handleMessage(StreamMessageProducer.java:194)
	at org.eclipse.lsp4j.jsonrpc.json.StreamMessageProducer.listen(StreamMessageProducer.java:94)
	at org.eclipse.lsp4j.jsonrpc.json.ConcurrentMessageProcessor.run(ConcurrentMessageProcessor.java:113)
	at java.base/java.util.concurrent.Executors$RunnableAdapter.call(Unknown Source)
	at java.base/java.util.concurrent.FutureTask.run(Unknown Source)
	at java.base/java.util.concurrent.ThreadPoolExecutor.runWorker(Unknown Source)
	at java.base/java.util.concurrent.ThreadPoolExecutor$Worker.run(Unknown Source)
	at java.base/java.lang.Thread.run(Unknown Source)

