[2022-05-24 16:05:43.523] [exthost] [info] Extension host with pid 45456 started
[2022-05-24 16:05:43.523] [exthost] [info] Skipping acquiring lock for /home/j/.config/Code/User/workspaceStorage/f22ff248307dd6f261e926a2c59fecfd.
[2022-05-24 16:05:43.567] [exthost] [info] ExtensionService#_doActivateExtension vscode.configuration-editing, startup: false, activationEvent: 'onLanguage:json'
[2022-05-24 16:05:43.569] [exthost] [info] ExtensionService#_doActivateExtension vscode.extension-editing, startup: false, activationEvent: 'onLanguage:json'
[2022-05-24 16:05:43.571] [exthost] [info] ExtensionService#_doActivateExtension vscode.json-language-features, startup: false, activationEvent: 'onLanguage:json'
[2022-05-24 16:05:43.581] [exthost] [info] ExtensionService#_doActivateExtension vscode.npm, startup: false, activationEvent: 'onLanguage:json'
[2022-05-24 16:05:43.586] [exthost] [info] ExtensionService#_doActivateExtension vscode.microsoft-authentication, startup: false, activationEvent: 'onAuthenticationRequest:microsoft'
[2022-05-24 16:05:43.594] [exthost] [info] ExtensionService#_doActivateExtension vscode.debug-auto-launch, startup: true, activationEvent: '*'
[2022-05-24 16:05:43.595] [exthost] [info] ExtensionService#_doActivateExtension vscode.git-base, startup: true, activationEvent: '*', root cause: vscode.git
[2022-05-24 16:05:43.596] [exthost] [info] ExtensionService#_doActivateExtension vscode.ipynb, startup: true, activationEvent: '*'
[2022-05-24 16:05:43.646] [exthost] [info] ExtensionService#_doActivateExtension vscode.git, startup: true, activationEvent: '*'
[2022-05-24 16:05:43.659] [exthost] [info] ExtensionService#_doActivateExtension vscode.github, startup: true, activationEvent: '*'
[2022-05-24 16:05:43.716] [exthost] [info] Eager extensions activated
[2022-05-24 16:05:43.729] [exthost] [info] ExtensionService#_doActivateExtension vscode.emmet, startup: false, activationEvent: 'onStartupFinished'
[2022-05-24 16:05:43.733] [exthost] [info] ExtensionService#_doActivateExtension vscode.merge-conflict, startup: false, activationEvent: 'onStartupFinished'
[2022-05-24 16:05:43.734] [exthost] [info] ExtensionService#_doActivateExtension aaron-bond.better-comments, startup: false, activationEvent: 'onStartupFinished'
[2022-05-24 16:05:43.738] [exthost] [info] ExtensionService#_doActivateExtension PKief.material-icon-theme, startup: false, activationEvent: 'onStartupFinished'
[2022-05-24 16:05:43.743] [exthost] [info] ExtensionService#_doActivateExtension ritwickdey.LiveServer, startup: false, activationEvent: 'onStartupFinished'
[2022-05-24 16:05:43.804] [exthost] [info] ExtensionService#_doActivateExtension zhuangtongfa.material-theme, startup: false, activationEvent: 'onStartupFinished'
[2022-05-24 16:05:43.819] [exthost] [info] ExtensionService#_doActivateExtension vscode.github-authentication, startup: false, activationEvent: 'onAuthenticationRequest:github'
[2022-05-24 16:06:28.244] [exthost] [info] Extension host terminating: renderer closed the socket
[2022-05-24 16:06:28.252] [exthost] [info] Extension host with pid 45456 exiting with code 0
