[2022-05-27 18:49:43.773] [main] [info] window#load: attempt to load window (id: 1)
[2022-05-27 18:49:43.779] [main] [info] update#setState idle
[2022-05-27 18:49:43.806] [main] [info] ExtensionHostStarterWorker created
[2022-05-27 18:49:44.447] [main] [info] window#load: window reported ready (id: 1)
[2022-05-27 18:49:44.576] [main] [info] Starting extension host with pid 73479 (fork() took 11 ms).
[2022-05-27 18:49:44.576] [main] [info] ExtensionHostStarterWorker.start() took 12 ms.
[2022-05-27 18:50:10.384] [main] [info] Starting extension host with pid 73686 (fork() took 5 ms).
[2022-05-27 18:50:10.384] [main] [info] ExtensionHostStarterWorker.start() took 6 ms.
[2022-05-27 18:50:10.420] [main] [info] Extension host with pid 73479 exited with code: 0, signal: null.
[2022-05-27 18:50:13.781] [main] [info] update#setState checking for updates
[2022-05-27 18:50:13.809] [main] [info] update#setState idle
[2022-05-27 18:50:22.228] [main] [info] Starting extension host with pid 73787 (fork() took 7 ms).
[2022-05-27 18:50:22.228] [main] [info] ExtensionHostStarterWorker.start() took 10 ms.
[2022-05-27 18:50:22.239] [main] [info] Extension host with pid 73686 exited with code: 0, signal: null.
[2022-05-27 18:50:30.746] [main] [info] window#load: attempt to load window (id: 1)
[2022-05-27 18:50:30.764] [main] [info] Extension host with pid 73787 exited with code: 0, signal: null.
[2022-05-27 18:50:31.286] [main] [info] window#load: window reported ready (id: 1)
[2022-05-27 18:50:31.444] [main] [info] Starting extension host with pid 73851 (fork() took 6 ms).
[2022-05-27 18:50:31.444] [main] [info] ExtensionHostStarterWorker.start() took 7 ms.
[2022-05-27 19:50:13.794] [main] [info] update#setState checking for updates
[2022-05-27 19:50:13.954] [main] [info] update#setState idle
[2022-05-27 19:53:02.654] [main] [info] Waiting for extension host with pid 73851 to exit.
[2022-05-27 19:53:02.666] [main] [info] Extension host with pid 73851 exited with code: 0, signal: null.
