[2022-05-27 19:53:56.959] [exthost] [info] Extension host with pid 97492 started
[2022-05-27 19:53:56.960] [exthost] [info] Skipping acquiring lock for /home/j/.config/Code/User/workspaceStorage/58bb743b4abc472a50f77c95472dd42a.
[2022-05-27 19:53:57.007] [exthost] [info] ExtensionService#_doActivateExtension vscode.microsoft-authentication, startup: false, activationEvent: 'onAuthenticationRequest:microsoft'
[2022-05-27 19:53:57.016] [exthost] [info] ExtensionService#_doActivateExtension vscode.debug-auto-launch, startup: true, activationEvent: '*'
[2022-05-27 19:53:57.017] [exthost] [info] ExtensionService#_doActivateExtension vscode.git-base, startup: true, activationEvent: '*', root cause: vscode.git
[2022-05-27 19:53:57.018] [exthost] [info] ExtensionService#_doActivateExtension vscode.ipynb, startup: true, activationEvent: '*'
[2022-05-27 19:53:57.038] [exthost] [info] ExtensionService#_doActivateExtension vscode.git, startup: true, activationEvent: '*'
[2022-05-27 19:53:57.047] [exthost] [info] ExtensionService#_doActivateExtension vscode.github, startup: true, activationEvent: '*'
[2022-05-27 19:53:57.054] [exthost] [info] ExtensionService#_doActivateExtension vlanguage.vscode-vlang, startup: true, activationEvent: 'workspaceContains:**/*.v'
[2022-05-27 19:53:57.089] [exthost] [info] Eager extensions activated
[2022-05-27 19:53:57.104] [exthost] [info] ExtensionService#_doActivateExtension vscode.github-authentication, startup: false, activationEvent: 'onAuthenticationRequest:github'
[2022-05-27 19:53:57.110] [exthost] [info] ExtensionService#_doActivateExtension vscode.emmet, startup: false, activationEvent: 'onStartupFinished'
[2022-05-27 19:53:57.114] [exthost] [info] ExtensionService#_doActivateExtension vscode.merge-conflict, startup: false, activationEvent: 'onStartupFinished'
[2022-05-27 19:53:57.115] [exthost] [info] ExtensionService#_doActivateExtension aaron-bond.better-comments, startup: false, activationEvent: 'onStartupFinished'
[2022-05-27 19:53:57.117] [exthost] [info] ExtensionService#_doActivateExtension PKief.material-icon-theme, startup: false, activationEvent: 'onStartupFinished'
[2022-05-27 19:53:57.127] [exthost] [info] ExtensionService#_doActivateExtension ritwickdey.LiveServer, startup: false, activationEvent: 'onStartupFinished'
[2022-05-27 19:53:57.180] [exthost] [info] ExtensionService#_doActivateExtension zhuangtongfa.material-theme, startup: false, activationEvent: 'onStartupFinished'
[2022-05-27 19:54:12.407] [exthost] [info] ExtensionService#_doActivateExtension mtxr.sqltools, startup: false, activationEvent: '*'
[2022-05-27 19:54:38.584] [exthost] [info] Extension host terminating: renderer closed the socket
[2022-05-27 19:54:38.594] [exthost] [info] Extension host with pid 97492 exiting with code 0
[2022-05-27 19:54:40.588] [exthost] [info] Extension host with pid 97746 started
[2022-05-27 19:54:40.588] [exthost] [info] Skipping acquiring lock for /home/j/.config/Code/User/workspaceStorage/58bb743b4abc472a50f77c95472dd42a.
[2022-05-27 19:54:40.698] [exthost] [info] ExtensionService#_doActivateExtension vlanguage.vscode-vlang, startup: false, activationEvent: 'onLanguage:v'
[2022-05-27 19:54:40.716] [exthost] [info] ExtensionService#_doActivateExtension vscode.microsoft-authentication, startup: false, activationEvent: 'onAuthenticationRequest:microsoft'
[2022-05-27 19:54:40.731] [exthost] [info] ExtensionService#_doActivateExtension vscode.debug-auto-launch, startup: true, activationEvent: '*'
[2022-05-27 19:54:40.733] [exthost] [info] ExtensionService#_doActivateExtension vscode.git-base, startup: true, activationEvent: '*', root cause: vscode.git
[2022-05-27 19:54:40.735] [exthost] [info] ExtensionService#_doActivateExtension vscode.ipynb, startup: true, activationEvent: '*'
[2022-05-27 19:54:40.759] [exthost] [info] ExtensionService#_doActivateExtension vscode.git, startup: true, activationEvent: '*'
[2022-05-27 19:54:40.770] [exthost] [info] ExtensionService#_doActivateExtension vscode.github, startup: true, activationEvent: '*'
[2022-05-27 19:54:40.788] [exthost] [info] Eager extensions activated
[2022-05-27 19:54:40.805] [exthost] [info] ExtensionService#_doActivateExtension vscode.emmet, startup: false, activationEvent: 'onStartupFinished'
[2022-05-27 19:54:40.808] [exthost] [info] ExtensionService#_doActivateExtension vscode.merge-conflict, startup: false, activationEvent: 'onStartupFinished'
[2022-05-27 19:54:40.809] [exthost] [info] ExtensionService#_doActivateExtension aaron-bond.better-comments, startup: false, activationEvent: 'onStartupFinished'
[2022-05-27 19:54:40.812] [exthost] [info] ExtensionService#_doActivateExtension PKief.material-icon-theme, startup: false, activationEvent: 'onStartupFinished'
[2022-05-27 19:54:40.818] [exthost] [info] ExtensionService#_doActivateExtension ritwickdey.LiveServer, startup: false, activationEvent: 'onStartupFinished'
[2022-05-27 19:54:40.874] [exthost] [info] ExtensionService#_doActivateExtension zhuangtongfa.material-theme, startup: false, activationEvent: 'onStartupFinished'
[2022-05-27 19:54:40.881] [exthost] [info] ExtensionService#_doActivateExtension vscode.github-authentication, startup: false, activationEvent: 'onAuthenticationRequest:github'
[2022-05-27 19:55:00.456] [exthost] [info] ExtensionService#_doActivateExtension vscode.extension-editing, startup: false, activationEvent: 'onLanguage:markdown'
[2022-05-27 19:55:00.463] [exthost] [info] ExtensionService#_doActivateExtension vscode.markdown-language-features, startup: false, activationEvent: 'onLanguage:markdown'
[2022-05-27 19:55:00.683] [exthost] [info] ExtensionService#_doActivateExtension vscode.markdown-math, startup: false, activationEvent: 'api', root cause: vscode.markdown-language-features
[2022-05-27 20:06:11.999] [exthost] [info] ExtensionService#_doActivateExtension ms-python.python, startup: false, activationEvent: 'onLanguage:python'
[2022-05-27 20:06:12.117] [exthost] [info] ExtensionService#_doActivateExtension ms-toolsai.jupyter, startup: false, activationEvent: 'onLanguage:python'
[2022-05-27 20:06:12.420] [exthost] [info] ExtensionService#_doActivateExtension VisualStudioExptTeam.vscodeintellicode, startup: false, activationEvent: 'onLanguage:python'
[2022-05-27 20:06:12.928] [exthost] [info] ExtensionService#_doActivateExtension ms-toolsai.jupyter-renderers, startup: false, activationEvent: 'api', root cause: ms-toolsai.jupyter
[2022-05-27 20:06:12.988] [exthost] [info] ExtensionService#_doActivateExtension ms-python.vscode-pylance, startup: false, activationEvent: 'onLanguage:python'
[2022-05-27 20:13:31.871] [exthost] [info] ExtensionService#_doActivateExtension redhat.java, startup: false, activationEvent: 'onLanguage:java'
[2022-05-27 20:13:31.911] [exthost] [info] ExtensionService#_doActivateExtension vscjava.vscode-java-debug, startup: false, activationEvent: 'onLanguage:java'
[2022-05-27 20:13:31.928] [exthost] [info] ExtensionService#_doActivateExtension vscjava.vscode-java-dependency, startup: false, activationEvent: 'onLanguage:java'
[2022-05-27 20:13:31.980] [exthost] [info] ExtensionService#_doActivateExtension vscjava.vscode-java-pack, startup: false, activationEvent: 'onLanguage:java'
[2022-05-27 20:13:32.106] [exthost] [warning] [redhat.java] Accessing a resource scoped configuration without providing a resource is not expected. To get the effective value for '[java]', provide the URI of a resource or 'null' for any resource.
[2022-05-27 20:13:32.150] [exthost] [warning] [redhat.java] Accessing a resource scoped configuration without providing a resource is not expected. To get the effective value for '[java]', provide the URI of a resource or 'null' for any resource.
[2022-05-27 20:13:33.595] [exthost] [info] ExtensionService#_doActivateExtension vscjava.vscode-java-test, startup: false, activationEvent: 'onLanguage:java'
[2022-05-27 20:13:34.773] [exthost] [error] [redhat.java] provider FAILED
[2022-05-27 20:13:34.777] [exthost] [error] TypeError: s.logFailedRequest is not a function
	at /home/j/.vscode/extensions/redhat.java-1.6.0-linux-x64/dist/extension.js:2:697505
	at async U.provideCodeActions (/opt/visual-studio-code/resources/app/out/vs/workbench/api/node/extensionHostProcess.js:83:103131)
[2022-05-27 20:13:34.867] [exthost] [error] [redhat.java] provider FAILED
[2022-05-27 20:13:34.867] [exthost] [error] TypeError: s.logFailedRequest is not a function
	at /home/j/.vscode/extensions/redhat.java-1.6.0-linux-x64/dist/extension.js:2:697505
	at async U.provideCodeActions (/opt/visual-studio-code/resources/app/out/vs/workbench/api/node/extensionHostProcess.js:83:103131)
[2022-05-27 20:14:46.763] [exthost] [error] [redhat.java] provider FAILED
[2022-05-27 20:14:46.764] [exthost] [error] TypeError: s.logFailedRequest is not a function
	at /home/j/.vscode/extensions/redhat.java-1.6.0-linux-x64/dist/extension.js:2:697505
	at async U.provideCodeActions (/opt/visual-studio-code/resources/app/out/vs/workbench/api/node/extensionHostProcess.js:83:103131)
[2022-05-27 20:15:06.428] [exthost] [info] ExtensionService#_doActivateExtension vscode.configuration-editing, startup: false, activationEvent: 'onLanguage:jsonc'
[2022-05-27 20:15:06.431] [exthost] [info] ExtensionService#_doActivateExtension vscode.json-language-features, startup: false, activationEvent: 'onLanguage:jsonc'
[2022-05-27 20:15:06.445] [exthost] [info] ExtensionService#_doActivateExtension vscode.typescript-language-features, startup: false, activationEvent: 'onLanguage:jsonc'
[2022-05-27 20:15:31.123] [exthost] [info] ExtensionService#_doActivateExtension vscode.debug-server-ready, startup: false, activationEvent: 'onDebugResolve'
[2022-05-27 20:15:38.712] [exthost] [error] [redhat.java] provider FAILED
[2022-05-27 20:15:38.712] [exthost] [error] Error: The request (id: 387, method: 'textDocument/hover') has been cancelled
	at /home/j/.vscode/extensions/redhat.java-1.6.0-linux-x64/dist/extension.js:2:1019383
	at /home/j/.vscode/extensions/redhat.java-1.6.0-linux-x64/dist/extension.js:2:1019677
	at Immediate.<anonymous> (/home/j/.vscode/extensions/redhat.java-1.6.0-linux-x64/dist/extension.js:2:1020042)
	at processImmediate (node:internal/timers:464:21)
[2022-05-27 20:17:51.668] [exthost] [error] [redhat.java] provider FAILED
[2022-05-27 20:17:51.668] [exthost] [error] Error: The request (id: 513, method: 'textDocument/hover') has been cancelled
	at /home/j/.vscode/extensions/redhat.java-1.6.0-linux-x64/dist/extension.js:2:1019383
	at /home/j/.vscode/extensions/redhat.java-1.6.0-linux-x64/dist/extension.js:2:1019677
	at Immediate.<anonymous> (/home/j/.vscode/extensions/redhat.java-1.6.0-linux-x64/dist/extension.js:2:1020042)
	at processImmediate (node:internal/timers:464:21)
[2022-05-27 20:20:29.340] [exthost] [info] Extension host terminating: renderer closed the socket
[2022-05-27 20:20:29.356] [exthost] [info] Extension host with pid 97746 exiting with code 0
