[Error - 7:29:22 PM] May 24, 2022, 7:29:22 PM _/java/algorithms [in Workspace_ec567480] does not exist
_/java/algorithms [in Workspace_ec567480] does not exist
Java Model Exception: Error in Java Model (code 969): _/java/algorithms [in Workspace_ec567480] does not exist
	at org.eclipse.jdt.internal.core.JavaElement.newNotPresentException(JavaElement.java:574)
	at org.eclipse.jdt.internal.core.PackageFragmentRoot.getUnderlyingResource(PackageFragmentRoot.java:761)
	at org.eclipse.jdt.internal.core.PackageFragment.getUnderlyingResource(PackageFragment.java:426)
	at org.eclipse.jdt.internal.core.Openable.getUnderlyingResource(Openable.java:349)
	at org.eclipse.jdt.internal.core.CompilationUnit.getUnderlyingResource(CompilationUnit.java:980)
	at org.eclipse.jdt.ls.core.internal.handlers.WorkspaceEventsHandler.didChangeWatchedFiles(WorkspaceEventsHandler.java:100)
	at org.eclipse.jdt.ls.core.internal.handlers.JDTLanguageServer.didChangeWatchedFiles(JDTLanguageServer.java:515)
	at java.base/jdk.internal.reflect.NativeMethodAccessorImpl.invoke0(Native Method)
	at java.base/jdk.internal.reflect.NativeMethodAccessorImpl.invoke(Unknown Source)
	at java.base/jdk.internal.reflect.DelegatingMethodAccessorImpl.invoke(Unknown Source)
	at java.base/java.lang.reflect.Method.invoke(Unknown Source)
	at org.eclipse.lsp4j.jsonrpc.services.GenericEndpoint.lambda$null$0(GenericEndpoint.java:65)
	at org.eclipse.lsp4j.jsonrpc.services.GenericEndpoint.notify(GenericEndpoint.java:152)
	at org.eclipse.lsp4j.jsonrpc.RemoteEndpoint.handleNotification(RemoteEndpoint.java:220)
	at org.eclipse.lsp4j.jsonrpc.RemoteEndpoint.consume(RemoteEndpoint.java:187)
	at org.eclipse.jdt.ls.core.internal.ParentProcessWatcher.lambda$0(ParentProcessWatcher.java:123)
	at org.eclipse.lsp4j.jsonrpc.json.StreamMessageProducer.handleMessage(StreamMessageProducer.java:194)
	at org.eclipse.lsp4j.jsonrpc.json.StreamMessageProducer.listen(StreamMessageProducer.java:94)
	at org.eclipse.lsp4j.jsonrpc.json.ConcurrentMessageProcessor.run(ConcurrentMessageProcessor.java:113)
	at java.base/java.util.concurrent.Executors$RunnableAdapter.call(Unknown Source)
	at java.base/java.util.concurrent.FutureTask.run(Unknown Source)
	at java.base/java.util.concurrent.ThreadPoolExecutor.runWorker(Unknown Source)
	at java.base/java.util.concurrent.ThreadPoolExecutor$Worker.run(Unknown Source)
	at java.base/java.lang.Thread.run(Unknown Source)

[Error - 7:29:23 PM] May 24, 2022, 7:29:23 PM Error while handling document save. URI: file:///run/media/j/josia/Info/Workspace/java/algorithms/main.java
_/java/algorithms [in Workspace_ec567480] does not exist
Java Model Exception: Error in Java Model (code 969): _/java/algorithms [in Workspace_ec567480] does not exist
	at org.eclipse.jdt.internal.core.JavaElement.newNotPresentException(JavaElement.java:574)
	at org.eclipse.jdt.internal.core.PackageFragmentRoot.getUnderlyingResource(PackageFragmentRoot.java:761)
	at org.eclipse.jdt.internal.core.PackageFragment.getUnderlyingResource(PackageFragment.java:426)
	at org.eclipse.jdt.internal.core.Openable.getUnderlyingResource(Openable.java:349)
	at org.eclipse.jdt.internal.core.CompilationUnit.getUnderlyingResource(CompilationUnit.java:980)
	at org.eclipse.jdt.ls.core.internal.handlers.BaseDocumentLifeCycleHandler.handleSaved(BaseDocumentLifeCycleHandler.java:494)
	at org.eclipse.jdt.ls.core.internal.handlers.BaseDocumentLifeCycleHandler$7.run(BaseDocumentLifeCycleHandler.java:340)
	at org.eclipse.core.internal.resources.Workspace.run(Workspace.java:2315)
	at org.eclipse.core.internal.resources.Workspace.run(Workspace.java:2340)
	at org.eclipse.jdt.ls.core.internal.handlers.BaseDocumentLifeCycleHandler.didSave(BaseDocumentLifeCycleHandler.java:337)
	at org.eclipse.jdt.ls.core.internal.handlers.JDTLanguageServer.didSave(JDTLanguageServer.java:812)
	at java.base/jdk.internal.reflect.NativeMethodAccessorImpl.invoke0(Native Method)
	at java.base/jdk.internal.reflect.NativeMethodAccessorImpl.invoke(Unknown Source)
	at java.base/jdk.internal.reflect.DelegatingMethodAccessorImpl.invoke(Unknown Source)
	at java.base/java.lang.reflect.Method.invoke(Unknown Source)
	at org.eclipse.lsp4j.jsonrpc.services.GenericEndpoint.lambda$null$0(GenericEndpoint.java:65)
	at org.eclipse.lsp4j.jsonrpc.services.GenericEndpoint.notify(GenericEndpoint.java:152)
	at org.eclipse.lsp4j.jsonrpc.RemoteEndpoint.handleNotification(RemoteEndpoint.java:220)
	at org.eclipse.lsp4j.jsonrpc.RemoteEndpoint.consume(RemoteEndpoint.java:187)
	at org.eclipse.jdt.ls.core.internal.ParentProcessWatcher.lambda$0(ParentProcessWatcher.java:123)
	at org.eclipse.lsp4j.jsonrpc.json.StreamMessageProducer.handleMessage(StreamMessageProducer.java:194)
	at org.eclipse.lsp4j.jsonrpc.json.StreamMessageProducer.listen(StreamMessageProducer.java:94)
	at org.eclipse.lsp4j.jsonrpc.json.ConcurrentMessageProcessor.run(ConcurrentMessageProcessor.java:113)
	at java.base/java.util.concurrent.Executors$RunnableAdapter.call(Unknown Source)
	at java.base/java.util.concurrent.FutureTask.run(Unknown Source)
	at java.base/java.util.concurrent.ThreadPoolExecutor.runWorker(Unknown Source)
	at java.base/java.util.concurrent.ThreadPoolExecutor$Worker.run(Unknown Source)
	at java.base/java.lang.Thread.run(Unknown Source)

[Error - 7:29:23 PM] May 24, 2022, 7:29:23 PM _/java/algorithms [in Workspace_ec567480] does not exist
_/java/algorithms [in Workspace_ec567480] does not exist
Java Model Exception: Error in Java Model (code 969): _/java/algorithms [in Workspace_ec567480] does not exist
	at org.eclipse.jdt.internal.core.JavaElement.newNotPresentException(JavaElement.java:574)
	at org.eclipse.jdt.internal.core.PackageFragmentRoot.getUnderlyingResource(PackageFragmentRoot.java:761)
	at org.eclipse.jdt.internal.core.PackageFragment.getUnderlyingResource(PackageFragment.java:426)
	at org.eclipse.jdt.internal.core.Openable.getUnderlyingResource(Openable.java:349)
	at org.eclipse.jdt.internal.core.CompilationUnit.getUnderlyingResource(CompilationUnit.java:980)
	at org.eclipse.jdt.ls.core.internal.handlers.WorkspaceEventsHandler.didChangeWatchedFiles(WorkspaceEventsHandler.java:100)
	at org.eclipse.jdt.ls.core.internal.handlers.JDTLanguageServer.didChangeWatchedFiles(JDTLanguageServer.java:515)
	at java.base/jdk.internal.reflect.NativeMethodAccessorImpl.invoke0(Native Method)
	at java.base/jdk.internal.reflect.NativeMethodAccessorImpl.invoke(Unknown Source)
	at java.base/jdk.internal.reflect.DelegatingMethodAccessorImpl.invoke(Unknown Source)
	at java.base/java.lang.reflect.Method.invoke(Unknown Source)
	at org.eclipse.lsp4j.jsonrpc.services.GenericEndpoint.lambda$null$0(GenericEndpoint.java:65)
	at org.eclipse.lsp4j.jsonrpc.services.GenericEndpoint.notify(GenericEndpoint.java:152)
	at org.eclipse.lsp4j.jsonrpc.RemoteEndpoint.handleNotification(RemoteEndpoint.java:220)
	at org.eclipse.lsp4j.jsonrpc.RemoteEndpoint.consume(RemoteEndpoint.java:187)
	at org.eclipse.jdt.ls.core.internal.ParentProcessWatcher.lambda$0(ParentProcessWatcher.java:123)
	at org.eclipse.lsp4j.jsonrpc.json.StreamMessageProducer.handleMessage(StreamMessageProducer.java:194)
	at org.eclipse.lsp4j.jsonrpc.json.StreamMessageProducer.listen(StreamMessageProducer.java:94)
	at org.eclipse.lsp4j.jsonrpc.json.ConcurrentMessageProcessor.run(ConcurrentMessageProcessor.java:113)
	at java.base/java.util.concurrent.Executors$RunnableAdapter.call(Unknown Source)
	at java.base/java.util.concurrent.FutureTask.run(Unknown Source)
	at java.base/java.util.concurrent.ThreadPoolExecutor.runWorker(Unknown Source)
	at java.base/java.util.concurrent.ThreadPoolExecutor$Worker.run(Unknown Source)
	at java.base/java.lang.Thread.run(Unknown Source)

[Error - 7:29:41 PM] May 24, 2022, 7:29:41 PM Error while handling document save. URI: file:///run/media/j/josia/Info/Workspace/java/algorithms/main.java
_/java/algorithms [in Workspace_ec567480] does not exist
Java Model Exception: Error in Java Model (code 969): _/java/algorithms [in Workspace_ec567480] does not exist
	at org.eclipse.jdt.internal.core.JavaElement.newNotPresentException(JavaElement.java:574)
	at org.eclipse.jdt.internal.core.PackageFragmentRoot.getUnderlyingResource(PackageFragmentRoot.java:761)
	at org.eclipse.jdt.internal.core.PackageFragment.getUnderlyingResource(PackageFragment.java:426)
	at org.eclipse.jdt.internal.core.Openable.getUnderlyingResource(Openable.java:349)
	at org.eclipse.jdt.internal.core.CompilationUnit.getUnderlyingResource(CompilationUnit.java:980)
	at org.eclipse.jdt.ls.core.internal.handlers.BaseDocumentLifeCycleHandler.handleSaved(BaseDocumentLifeCycleHandler.java:494)
	at org.eclipse.jdt.ls.core.internal.handlers.BaseDocumentLifeCycleHandler$7.run(BaseDocumentLifeCycleHandler.java:340)
	at org.eclipse.core.internal.resources.Workspace.run(Workspace.java:2315)
	at org.eclipse.core.internal.resources.Workspace.run(Workspace.java:2340)
	at org.eclipse.jdt.ls.core.internal.handlers.BaseDocumentLifeCycleHandler.didSave(BaseDocumentLifeCycleHandler.java:337)
	at org.eclipse.jdt.ls.core.internal.handlers.JDTLanguageServer.didSave(JDTLanguageServer.java:812)
	at java.base/jdk.internal.reflect.NativeMethodAccessorImpl.invoke0(Native Method)
	at java.base/jdk.internal.reflect.NativeMethodAccessorImpl.invoke(Unknown Source)
	at java.base/jdk.internal.reflect.DelegatingMethodAccessorImpl.invoke(Unknown Source)
	at java.base/java.lang.reflect.Method.invoke(Unknown Source)
	at org.eclipse.lsp4j.jsonrpc.services.GenericEndpoint.lambda$null$0(GenericEndpoint.java:65)
	at org.eclipse.lsp4j.jsonrpc.services.GenericEndpoint.notify(GenericEndpoint.java:152)
	at org.eclipse.lsp4j.jsonrpc.RemoteEndpoint.handleNotification(RemoteEndpoint.java:220)
	at org.eclipse.lsp4j.jsonrpc.RemoteEndpoint.consume(RemoteEndpoint.java:187)
	at org.eclipse.jdt.ls.core.internal.ParentProcessWatcher.lambda$0(ParentProcessWatcher.java:123)
	at org.eclipse.lsp4j.jsonrpc.json.StreamMessageProducer.handleMessage(StreamMessageProducer.java:194)
	at org.eclipse.lsp4j.jsonrpc.json.StreamMessageProducer.listen(StreamMessageProducer.java:94)
	at org.eclipse.lsp4j.jsonrpc.json.ConcurrentMessageProcessor.run(ConcurrentMessageProcessor.java:113)
	at java.base/java.util.concurrent.Executors$RunnableAdapter.call(Unknown Source)
	at java.base/java.util.concurrent.FutureTask.run(Unknown Source)
	at java.base/java.util.concurrent.ThreadPoolExecutor.runWorker(Unknown Source)
	at java.base/java.util.concurrent.ThreadPoolExecutor$Worker.run(Unknown Source)
	at java.base/java.lang.Thread.run(Unknown Source)

[Error - 7:29:41 PM] May 24, 2022, 7:29:41 PM _/java/algorithms [in Workspace_ec567480] does not exist
_/java/algorithms [in Workspace_ec567480] does not exist
Java Model Exception: Error in Java Model (code 969): _/java/algorithms [in Workspace_ec567480] does not exist
	at org.eclipse.jdt.internal.core.JavaElement.newNotPresentException(JavaElement.java:574)
	at org.eclipse.jdt.internal.core.PackageFragmentRoot.getUnderlyingResource(PackageFragmentRoot.java:761)
	at org.eclipse.jdt.internal.core.PackageFragment.getUnderlyingResource(PackageFragment.java:426)
	at org.eclipse.jdt.internal.core.Openable.getUnderlyingResource(Openable.java:349)
	at org.eclipse.jdt.internal.core.CompilationUnit.getUnderlyingResource(CompilationUnit.java:980)
	at org.eclipse.jdt.ls.core.internal.handlers.WorkspaceEventsHandler.didChangeWatchedFiles(WorkspaceEventsHandler.java:100)
	at org.eclipse.jdt.ls.core.internal.handlers.JDTLanguageServer.didChangeWatchedFiles(JDTLanguageServer.java:515)
	at java.base/jdk.internal.reflect.NativeMethodAccessorImpl.invoke0(Native Method)
	at java.base/jdk.internal.reflect.NativeMethodAccessorImpl.invoke(Unknown Source)
	at java.base/jdk.internal.reflect.DelegatingMethodAccessorImpl.invoke(Unknown Source)
	at java.base/java.lang.reflect.Method.invoke(Unknown Source)
	at org.eclipse.lsp4j.jsonrpc.services.GenericEndpoint.lambda$null$0(GenericEndpoint.java:65)
	at org.eclipse.lsp4j.jsonrpc.services.GenericEndpoint.notify(GenericEndpoint.java:152)
	at org.eclipse.lsp4j.jsonrpc.RemoteEndpoint.handleNotification(RemoteEndpoint.java:220)
	at org.eclipse.lsp4j.jsonrpc.RemoteEndpoint.consume(RemoteEndpoint.java:187)
	at org.eclipse.jdt.ls.core.internal.ParentProcessWatcher.lambda$0(ParentProcessWatcher.java:123)
	at org.eclipse.lsp4j.jsonrpc.json.StreamMessageProducer.handleMessage(StreamMessageProducer.java:194)
	at org.eclipse.lsp4j.jsonrpc.json.StreamMessageProducer.listen(StreamMessageProducer.java:94)
	at org.eclipse.lsp4j.jsonrpc.json.ConcurrentMessageProcessor.run(ConcurrentMessageProcessor.java:113)
	at java.base/java.util.concurrent.Executors$RunnableAdapter.call(Unknown Source)
	at java.base/java.util.concurrent.FutureTask.run(Unknown Source)
	at java.base/java.util.concurrent.ThreadPoolExecutor.runWorker(Unknown Source)
	at java.base/java.util.concurrent.ThreadPoolExecutor$Worker.run(Unknown Source)
	at java.base/java.lang.Thread.run(Unknown Source)

[Error - 7:30:18 PM] May 24, 2022, 7:30:18 PM Error while handling document save. URI: file:///run/media/j/josia/Info/Workspace/java/algorithms/main.java
_/java/algorithms [in Workspace_ec567480] does not exist
Java Model Exception: Error in Java Model (code 969): _/java/algorithms [in Workspace_ec567480] does not exist
	at org.eclipse.jdt.internal.core.JavaElement.newNotPresentException(JavaElement.java:574)
	at org.eclipse.jdt.internal.core.PackageFragmentRoot.getUnderlyingResource(PackageFragmentRoot.java:761)
	at org.eclipse.jdt.internal.core.PackageFragment.getUnderlyingResource(PackageFragment.java:426)
	at org.eclipse.jdt.internal.core.Openable.getUnderlyingResource(Openable.java:349)
	at org.eclipse.jdt.internal.core.CompilationUnit.getUnderlyingResource(CompilationUnit.java:980)
	at org.eclipse.jdt.ls.core.internal.handlers.BaseDocumentLifeCycleHandler.handleSaved(BaseDocumentLifeCycleHandler.java:494)
	at org.eclipse.jdt.ls.core.internal.handlers.BaseDocumentLifeCycleHandler$7.run(BaseDocumentLifeCycleHandler.java:340)
	at org.eclipse.core.internal.resources.Workspace.run(Workspace.java:2315)
	at org.eclipse.core.internal.resources.Workspace.run(Workspace.java:2340)
	at org.eclipse.jdt.ls.core.internal.handlers.BaseDocumentLifeCycleHandler.didSave(BaseDocumentLifeCycleHandler.java:337)
	at org.eclipse.jdt.ls.core.internal.handlers.JDTLanguageServer.didSave(JDTLanguageServer.java:812)
	at java.base/jdk.internal.reflect.NativeMethodAccessorImpl.invoke0(Native Method)
	at java.base/jdk.internal.reflect.NativeMethodAccessorImpl.invoke(Unknown Source)
	at java.base/jdk.internal.reflect.DelegatingMethodAccessorImpl.invoke(Unknown Source)
	at java.base/java.lang.reflect.Method.invoke(Unknown Source)
	at org.eclipse.lsp4j.jsonrpc.services.GenericEndpoint.lambda$null$0(GenericEndpoint.java:65)
	at org.eclipse.lsp4j.jsonrpc.services.GenericEndpoint.notify(GenericEndpoint.java:152)
	at org.eclipse.lsp4j.jsonrpc.RemoteEndpoint.handleNotification(RemoteEndpoint.java:220)
	at org.eclipse.lsp4j.jsonrpc.RemoteEndpoint.consume(RemoteEndpoint.java:187)
	at org.eclipse.jdt.ls.core.internal.ParentProcessWatcher.lambda$0(ParentProcessWatcher.java:123)
	at org.eclipse.lsp4j.jsonrpc.json.StreamMessageProducer.handleMessage(StreamMessageProducer.java:194)
	at org.eclipse.lsp4j.jsonrpc.json.StreamMessageProducer.listen(StreamMessageProducer.java:94)
	at org.eclipse.lsp4j.jsonrpc.json.ConcurrentMessageProcessor.run(ConcurrentMessageProcessor.java:113)
	at java.base/java.util.concurrent.Executors$RunnableAdapter.call(Unknown Source)
	at java.base/java.util.concurrent.FutureTask.run(Unknown Source)
	at java.base/java.util.concurrent.ThreadPoolExecutor.runWorker(Unknown Source)
	at java.base/java.util.concurrent.ThreadPoolExecutor$Worker.run(Unknown Source)
	at java.base/java.lang.Thread.run(Unknown Source)

[Error - 7:30:18 PM] May 24, 2022, 7:30:18 PM _/java/algorithms [in Workspace_ec567480] does not exist
_/java/algorithms [in Workspace_ec567480] does not exist
Java Model Exception: Error in Java Model (code 969): _/java/algorithms [in Workspace_ec567480] does not exist
	at org.eclipse.jdt.internal.core.JavaElement.newNotPresentException(JavaElement.java:574)
	at org.eclipse.jdt.internal.core.PackageFragmentRoot.getUnderlyingResource(PackageFragmentRoot.java:761)
	at org.eclipse.jdt.internal.core.PackageFragment.getUnderlyingResource(PackageFragment.java:426)
	at org.eclipse.jdt.internal.core.Openable.getUnderlyingResource(Openable.java:349)
	at org.eclipse.jdt.internal.core.CompilationUnit.getUnderlyingResource(CompilationUnit.java:980)
	at org.eclipse.jdt.ls.core.internal.handlers.WorkspaceEventsHandler.didChangeWatchedFiles(WorkspaceEventsHandler.java:100)
	at org.eclipse.jdt.ls.core.internal.handlers.JDTLanguageServer.didChangeWatchedFiles(JDTLanguageServer.java:515)
	at java.base/jdk.internal.reflect.NativeMethodAccessorImpl.invoke0(Native Method)
	at java.base/jdk.internal.reflect.NativeMethodAccessorImpl.invoke(Unknown Source)
	at java.base/jdk.internal.reflect.DelegatingMethodAccessorImpl.invoke(Unknown Source)
	at java.base/java.lang.reflect.Method.invoke(Unknown Source)
	at org.eclipse.lsp4j.jsonrpc.services.GenericEndpoint.lambda$null$0(GenericEndpoint.java:65)
	at org.eclipse.lsp4j.jsonrpc.services.GenericEndpoint.notify(GenericEndpoint.java:152)
	at org.eclipse.lsp4j.jsonrpc.RemoteEndpoint.handleNotification(RemoteEndpoint.java:220)
	at org.eclipse.lsp4j.jsonrpc.RemoteEndpoint.consume(RemoteEndpoint.java:187)
	at org.eclipse.jdt.ls.core.internal.ParentProcessWatcher.lambda$0(ParentProcessWatcher.java:123)
	at org.eclipse.lsp4j.jsonrpc.json.StreamMessageProducer.handleMessage(StreamMessageProducer.java:194)
	at org.eclipse.lsp4j.jsonrpc.json.StreamMessageProducer.listen(StreamMessageProducer.java:94)
	at org.eclipse.lsp4j.jsonrpc.json.ConcurrentMessageProcessor.run(ConcurrentMessageProcessor.java:113)
	at java.base/java.util.concurrent.Executors$RunnableAdapter.call(Unknown Source)
	at java.base/java.util.concurrent.FutureTask.run(Unknown Source)
	at java.base/java.util.concurrent.ThreadPoolExecutor.runWorker(Unknown Source)
	at java.base/java.util.concurrent.ThreadPoolExecutor$Worker.run(Unknown Source)
	at java.base/java.lang.Thread.run(Unknown Source)

[Error - 7:30:25 PM] May 24, 2022, 7:30:25 PM Error while handling document save. URI: file:///run/media/j/josia/Info/Workspace/java/algorithms/main.java
_/java/algorithms [in Workspace_ec567480] does not exist
Java Model Exception: Error in Java Model (code 969): _/java/algorithms [in Workspace_ec567480] does not exist
	at org.eclipse.jdt.internal.core.JavaElement.newNotPresentException(JavaElement.java:574)
	at org.eclipse.jdt.internal.core.PackageFragmentRoot.getUnderlyingResource(PackageFragmentRoot.java:761)
	at org.eclipse.jdt.internal.core.PackageFragment.getUnderlyingResource(PackageFragment.java:426)
	at org.eclipse.jdt.internal.core.Openable.getUnderlyingResource(Openable.java:349)
	at org.eclipse.jdt.internal.core.CompilationUnit.getUnderlyingResource(CompilationUnit.java:980)
	at org.eclipse.jdt.ls.core.internal.handlers.BaseDocumentLifeCycleHandler.handleSaved(BaseDocumentLifeCycleHandler.java:494)
	at org.eclipse.jdt.ls.core.internal.handlers.BaseDocumentLifeCycleHandler$7.run(BaseDocumentLifeCycleHandler.java:340)
	at org.eclipse.core.internal.resources.Workspace.run(Workspace.java:2315)
	at org.eclipse.core.internal.resources.Workspace.run(Workspace.java:2340)
	at org.eclipse.jdt.ls.core.internal.handlers.BaseDocumentLifeCycleHandler.didSave(BaseDocumentLifeCycleHandler.java:337)
	at org.eclipse.jdt.ls.core.internal.handlers.JDTLanguageServer.didSave(JDTLanguageServer.java:812)
	at java.base/jdk.internal.reflect.NativeMethodAccessorImpl.invoke0(Native Method)
	at java.base/jdk.internal.reflect.NativeMethodAccessorImpl.invoke(Unknown Source)
	at java.base/jdk.internal.reflect.DelegatingMethodAccessorImpl.invoke(Unknown Source)
	at java.base/java.lang.reflect.Method.invoke(Unknown Source)
	at org.eclipse.lsp4j.jsonrpc.services.GenericEndpoint.lambda$null$0(GenericEndpoint.java:65)
	at org.eclipse.lsp4j.jsonrpc.services.GenericEndpoint.notify(GenericEndpoint.java:152)
	at org.eclipse.lsp4j.jsonrpc.RemoteEndpoint.handleNotification(RemoteEndpoint.java:220)
	at org.eclipse.lsp4j.jsonrpc.RemoteEndpoint.consume(RemoteEndpoint.java:187)
	at org.eclipse.jdt.ls.core.internal.ParentProcessWatcher.lambda$0(ParentProcessWatcher.java:123)
	at org.eclipse.lsp4j.jsonrpc.json.StreamMessageProducer.handleMessage(StreamMessageProducer.java:194)
	at org.eclipse.lsp4j.jsonrpc.json.StreamMessageProducer.listen(StreamMessageProducer.java:94)
	at org.eclipse.lsp4j.jsonrpc.json.ConcurrentMessageProcessor.run(ConcurrentMessageProcessor.java:113)
	at java.base/java.util.concurrent.Executors$RunnableAdapter.call(Unknown Source)
	at java.base/java.util.concurrent.FutureTask.run(Unknown Source)
	at java.base/java.util.concurrent.ThreadPoolExecutor.runWorker(Unknown Source)
	at java.base/java.util.concurrent.ThreadPoolExecutor$Worker.run(Unknown Source)
	at java.base/java.lang.Thread.run(Unknown Source)

[Error - 7:30:25 PM] May 24, 2022, 7:30:25 PM _/java/algorithms [in Workspace_ec567480] does not exist
_/java/algorithms [in Workspace_ec567480] does not exist
Java Model Exception: Error in Java Model (code 969): _/java/algorithms [in Workspace_ec567480] does not exist
	at org.eclipse.jdt.internal.core.JavaElement.newNotPresentException(JavaElement.java:574)
	at org.eclipse.jdt.internal.core.PackageFragmentRoot.getUnderlyingResource(PackageFragmentRoot.java:761)
	at org.eclipse.jdt.internal.core.PackageFragment.getUnderlyingResource(PackageFragment.java:426)
	at org.eclipse.jdt.internal.core.Openable.getUnderlyingResource(Openable.java:349)
	at org.eclipse.jdt.internal.core.CompilationUnit.getUnderlyingResource(CompilationUnit.java:980)
	at org.eclipse.jdt.ls.core.internal.handlers.WorkspaceEventsHandler.didChangeWatchedFiles(WorkspaceEventsHandler.java:100)
	at org.eclipse.jdt.ls.core.internal.handlers.JDTLanguageServer.didChangeWatchedFiles(JDTLanguageServer.java:515)
	at java.base/jdk.internal.reflect.NativeMethodAccessorImpl.invoke0(Native Method)
	at java.base/jdk.internal.reflect.NativeMethodAccessorImpl.invoke(Unknown Source)
	at java.base/jdk.internal.reflect.DelegatingMethodAccessorImpl.invoke(Unknown Source)
	at java.base/java.lang.reflect.Method.invoke(Unknown Source)
	at org.eclipse.lsp4j.jsonrpc.services.GenericEndpoint.lambda$null$0(GenericEndpoint.java:65)
	at org.eclipse.lsp4j.jsonrpc.services.GenericEndpoint.notify(GenericEndpoint.java:152)
	at org.eclipse.lsp4j.jsonrpc.RemoteEndpoint.handleNotification(RemoteEndpoint.java:220)
	at org.eclipse.lsp4j.jsonrpc.RemoteEndpoint.consume(RemoteEndpoint.java:187)
	at org.eclipse.jdt.ls.core.internal.ParentProcessWatcher.lambda$0(ParentProcessWatcher.java:123)
	at org.eclipse.lsp4j.jsonrpc.json.StreamMessageProducer.handleMessage(StreamMessageProducer.java:194)
	at org.eclipse.lsp4j.jsonrpc.json.StreamMessageProducer.listen(StreamMessageProducer.java:94)
	at org.eclipse.lsp4j.jsonrpc.json.ConcurrentMessageProcessor.run(ConcurrentMessageProcessor.java:113)
	at java.base/java.util.concurrent.Executors$RunnableAdapter.call(Unknown Source)
	at java.base/java.util.concurrent.FutureTask.run(Unknown Source)
	at java.base/java.util.concurrent.ThreadPoolExecutor.runWorker(Unknown Source)
	at java.base/java.util.concurrent.ThreadPoolExecutor$Worker.run(Unknown Source)
	at java.base/java.lang.Thread.run(Unknown Source)

[Error - 7:30:39 PM] May 24, 2022, 7:30:39 PM Error while handling document save. URI: file:///run/media/j/josia/Info/Workspace/java/algorithms/main.java
_/java/algorithms [in Workspace_ec567480] does not exist
Java Model Exception: Error in Java Model (code 969): _/java/algorithms [in Workspace_ec567480] does not exist
	at org.eclipse.jdt.internal.core.JavaElement.newNotPresentException(JavaElement.java:574)
	at org.eclipse.jdt.internal.core.PackageFragmentRoot.getUnderlyingResource(PackageFragmentRoot.java:761)
	at org.eclipse.jdt.internal.core.PackageFragment.getUnderlyingResource(PackageFragment.java:426)
	at org.eclipse.jdt.internal.core.Openable.getUnderlyingResource(Openable.java:349)
	at org.eclipse.jdt.internal.core.CompilationUnit.getUnderlyingResource(CompilationUnit.java:980)
	at org.eclipse.jdt.ls.core.internal.handlers.BaseDocumentLifeCycleHandler.handleSaved(BaseDocumentLifeCycleHandler.java:494)
	at org.eclipse.jdt.ls.core.internal.handlers.BaseDocumentLifeCycleHandler$7.run(BaseDocumentLifeCycleHandler.java:340)
	at org.eclipse.core.internal.resources.Workspace.run(Workspace.java:2315)
	at org.eclipse.core.internal.resources.Workspace.run(Workspace.java:2340)
	at org.eclipse.jdt.ls.core.internal.handlers.BaseDocumentLifeCycleHandler.didSave(BaseDocumentLifeCycleHandler.java:337)
	at org.eclipse.jdt.ls.core.internal.handlers.JDTLanguageServer.didSave(JDTLanguageServer.java:812)
	at java.base/jdk.internal.reflect.NativeMethodAccessorImpl.invoke0(Native Method)
	at java.base/jdk.internal.reflect.NativeMethodAccessorImpl.invoke(Unknown Source)
	at java.base/jdk.internal.reflect.DelegatingMethodAccessorImpl.invoke(Unknown Source)
	at java.base/java.lang.reflect.Method.invoke(Unknown Source)
	at org.eclipse.lsp4j.jsonrpc.services.GenericEndpoint.lambda$null$0(GenericEndpoint.java:65)
	at org.eclipse.lsp4j.jsonrpc.services.GenericEndpoint.notify(GenericEndpoint.java:152)
	at org.eclipse.lsp4j.jsonrpc.RemoteEndpoint.handleNotification(RemoteEndpoint.java:220)
	at org.eclipse.lsp4j.jsonrpc.RemoteEndpoint.consume(RemoteEndpoint.java:187)
	at org.eclipse.jdt.ls.core.internal.ParentProcessWatcher.lambda$0(ParentProcessWatcher.java:123)
	at org.eclipse.lsp4j.jsonrpc.json.StreamMessageProducer.handleMessage(StreamMessageProducer.java:194)
	at org.eclipse.lsp4j.jsonrpc.json.StreamMessageProducer.listen(StreamMessageProducer.java:94)
	at org.eclipse.lsp4j.jsonrpc.json.ConcurrentMessageProcessor.run(ConcurrentMessageProcessor.java:113)
	at java.base/java.util.concurrent.Executors$RunnableAdapter.call(Unknown Source)
	at java.base/java.util.concurrent.FutureTask.run(Unknown Source)
	at java.base/java.util.concurrent.ThreadPoolExecutor.runWorker(Unknown Source)
	at java.base/java.util.concurrent.ThreadPoolExecutor$Worker.run(Unknown Source)
	at java.base/java.lang.Thread.run(Unknown Source)

[Error - 7:30:39 PM] May 24, 2022, 7:30:39 PM _/java/algorithms [in Workspace_ec567480] does not exist
_/java/algorithms [in Workspace_ec567480] does not exist
Java Model Exception: Error in Java Model (code 969): _/java/algorithms [in Workspace_ec567480] does not exist
	at org.eclipse.jdt.internal.core.JavaElement.newNotPresentException(JavaElement.java:574)
	at org.eclipse.jdt.internal.core.PackageFragmentRoot.getUnderlyingResource(PackageFragmentRoot.java:761)
	at org.eclipse.jdt.internal.core.PackageFragment.getUnderlyingResource(PackageFragment.java:426)
	at org.eclipse.jdt.internal.core.Openable.getUnderlyingResource(Openable.java:349)
	at org.eclipse.jdt.internal.core.CompilationUnit.getUnderlyingResource(CompilationUnit.java:980)
	at org.eclipse.jdt.ls.core.internal.handlers.WorkspaceEventsHandler.didChangeWatchedFiles(WorkspaceEventsHandler.java:100)
	at org.eclipse.jdt.ls.core.internal.handlers.JDTLanguageServer.didChangeWatchedFiles(JDTLanguageServer.java:515)
	at java.base/jdk.internal.reflect.NativeMethodAccessorImpl.invoke0(Native Method)
	at java.base/jdk.internal.reflect.NativeMethodAccessorImpl.invoke(Unknown Source)
	at java.base/jdk.internal.reflect.DelegatingMethodAccessorImpl.invoke(Unknown Source)
	at java.base/java.lang.reflect.Method.invoke(Unknown Source)
	at org.eclipse.lsp4j.jsonrpc.services.GenericEndpoint.lambda$null$0(GenericEndpoint.java:65)
	at org.eclipse.lsp4j.jsonrpc.services.GenericEndpoint.notify(GenericEndpoint.java:152)
	at org.eclipse.lsp4j.jsonrpc.RemoteEndpoint.handleNotification(RemoteEndpoint.java:220)
	at org.eclipse.lsp4j.jsonrpc.RemoteEndpoint.consume(RemoteEndpoint.java:187)
	at org.eclipse.jdt.ls.core.internal.ParentProcessWatcher.lambda$0(ParentProcessWatcher.java:123)
	at org.eclipse.lsp4j.jsonrpc.json.StreamMessageProducer.handleMessage(StreamMessageProducer.java:194)
	at org.eclipse.lsp4j.jsonrpc.json.StreamMessageProducer.listen(StreamMessageProducer.java:94)
	at org.eclipse.lsp4j.jsonrpc.json.ConcurrentMessageProcessor.run(ConcurrentMessageProcessor.java:113)
	at java.base/java.util.concurrent.Executors$RunnableAdapter.call(Unknown Source)
	at java.base/java.util.concurrent.FutureTask.run(Unknown Source)
	at java.base/java.util.concurrent.ThreadPoolExecutor.runWorker(Unknown Source)
	at java.base/java.util.concurrent.ThreadPoolExecutor$Worker.run(Unknown Source)
	at java.base/java.lang.Thread.run(Unknown Source)

[Error - 7:30:41 PM] May 24, 2022, 7:30:41 PM Error while handling document save. URI: file:///run/media/j/josia/Info/Workspace/java/algorithms/main.java
_/java/algorithms [in Workspace_ec567480] does not exist
Java Model Exception: Error in Java Model (code 969): _/java/algorithms [in Workspace_ec567480] does not exist
	at org.eclipse.jdt.internal.core.JavaElement.newNotPresentException(JavaElement.java:574)
	at org.eclipse.jdt.internal.core.PackageFragmentRoot.getUnderlyingResource(PackageFragmentRoot.java:761)
	at org.eclipse.jdt.internal.core.PackageFragment.getUnderlyingResource(PackageFragment.java:426)
	at org.eclipse.jdt.internal.core.Openable.getUnderlyingResource(Openable.java:349)
	at org.eclipse.jdt.internal.core.CompilationUnit.getUnderlyingResource(CompilationUnit.java:980)
	at org.eclipse.jdt.ls.core.internal.handlers.BaseDocumentLifeCycleHandler.handleSaved(BaseDocumentLifeCycleHandler.java:494)
	at org.eclipse.jdt.ls.core.internal.handlers.BaseDocumentLifeCycleHandler$7.run(BaseDocumentLifeCycleHandler.java:340)
	at org.eclipse.core.internal.resources.Workspace.run(Workspace.java:2315)
	at org.eclipse.core.internal.resources.Workspace.run(Workspace.java:2340)
	at org.eclipse.jdt.ls.core.internal.handlers.BaseDocumentLifeCycleHandler.didSave(BaseDocumentLifeCycleHandler.java:337)
	at org.eclipse.jdt.ls.core.internal.handlers.JDTLanguageServer.didSave(JDTLanguageServer.java:812)
	at java.base/jdk.internal.reflect.NativeMethodAccessorImpl.invoke0(Native Method)
	at java.base/jdk.internal.reflect.NativeMethodAccessorImpl.invoke(Unknown Source)
	at java.base/jdk.internal.reflect.DelegatingMethodAccessorImpl.invoke(Unknown Source)
	at java.base/java.lang.reflect.Method.invoke(Unknown Source)
	at org.eclipse.lsp4j.jsonrpc.services.GenericEndpoint.lambda$null$0(GenericEndpoint.java:65)
	at org.eclipse.lsp4j.jsonrpc.services.GenericEndpoint.notify(GenericEndpoint.java:152)
	at org.eclipse.lsp4j.jsonrpc.RemoteEndpoint.handleNotification(RemoteEndpoint.java:220)
	at org.eclipse.lsp4j.jsonrpc.RemoteEndpoint.consume(RemoteEndpoint.java:187)
	at org.eclipse.jdt.ls.core.internal.ParentProcessWatcher.lambda$0(ParentProcessWatcher.java:123)
	at org.eclipse.lsp4j.jsonrpc.json.StreamMessageProducer.handleMessage(StreamMessageProducer.java:194)
	at org.eclipse.lsp4j.jsonrpc.json.StreamMessageProducer.listen(StreamMessageProducer.java:94)
	at org.eclipse.lsp4j.jsonrpc.json.ConcurrentMessageProcessor.run(ConcurrentMessageProcessor.java:113)
	at java.base/java.util.concurrent.Executors$RunnableAdapter.call(Unknown Source)
	at java.base/java.util.concurrent.FutureTask.run(Unknown Source)
	at java.base/java.util.concurrent.ThreadPoolExecutor.runWorker(Unknown Source)
	at java.base/java.util.concurrent.ThreadPoolExecutor$Worker.run(Unknown Source)
	at java.base/java.lang.Thread.run(Unknown Source)

[Error - 7:30:41 PM] May 24, 2022, 7:30:41 PM _/java/algorithms [in Workspace_ec567480] does not exist
_/java/algorithms [in Workspace_ec567480] does not exist
Java Model Exception: Error in Java Model (code 969): _/java/algorithms [in Workspace_ec567480] does not exist
	at org.eclipse.jdt.internal.core.JavaElement.newNotPresentException(JavaElement.java:574)
	at org.eclipse.jdt.internal.core.PackageFragmentRoot.getUnderlyingResource(PackageFragmentRoot.java:761)
	at org.eclipse.jdt.internal.core.PackageFragment.getUnderlyingResource(PackageFragment.java:426)
	at org.eclipse.jdt.internal.core.Openable.getUnderlyingResource(Openable.java:349)
	at org.eclipse.jdt.internal.core.CompilationUnit.getUnderlyingResource(CompilationUnit.java:980)
	at org.eclipse.jdt.ls.core.internal.handlers.WorkspaceEventsHandler.didChangeWatchedFiles(WorkspaceEventsHandler.java:100)
	at org.eclipse.jdt.ls.core.internal.handlers.JDTLanguageServer.didChangeWatchedFiles(JDTLanguageServer.java:515)
	at java.base/jdk.internal.reflect.NativeMethodAccessorImpl.invoke0(Native Method)
	at java.base/jdk.internal.reflect.NativeMethodAccessorImpl.invoke(Unknown Source)
	at java.base/jdk.internal.reflect.DelegatingMethodAccessorImpl.invoke(Unknown Source)
	at java.base/java.lang.reflect.Method.invoke(Unknown Source)
	at org.eclipse.lsp4j.jsonrpc.services.GenericEndpoint.lambda$null$0(GenericEndpoint.java:65)
	at org.eclipse.lsp4j.jsonrpc.services.GenericEndpoint.notify(GenericEndpoint.java:152)
	at org.eclipse.lsp4j.jsonrpc.RemoteEndpoint.handleNotification(RemoteEndpoint.java:220)
	at org.eclipse.lsp4j.jsonrpc.RemoteEndpoint.consume(RemoteEndpoint.java:187)
	at org.eclipse.jdt.ls.core.internal.ParentProcessWatcher.lambda$0(ParentProcessWatcher.java:123)
	at org.eclipse.lsp4j.jsonrpc.json.StreamMessageProducer.handleMessage(StreamMessageProducer.java:194)
	at org.eclipse.lsp4j.jsonrpc.json.StreamMessageProducer.listen(StreamMessageProducer.java:94)
	at org.eclipse.lsp4j.jsonrpc.json.ConcurrentMessageProcessor.run(ConcurrentMessageProcessor.java:113)
	at java.base/java.util.concurrent.Executors$RunnableAdapter.call(Unknown Source)
	at java.base/java.util.concurrent.FutureTask.run(Unknown Source)
	at java.base/java.util.concurrent.ThreadPoolExecutor.runWorker(Unknown Source)
	at java.base/java.util.concurrent.ThreadPoolExecutor$Worker.run(Unknown Source)
	at java.base/java.lang.Thread.run(Unknown Source)

[Error - 7:30:49 PM] May 24, 2022, 7:30:49 PM Error while handling document save. URI: file:///run/media/j/josia/Info/Workspace/java/algorithms/main.java
_/java/algorithms [in Workspace_ec567480] does not exist
Java Model Exception: Error in Java Model (code 969): _/java/algorithms [in Workspace_ec567480] does not exist
	at org.eclipse.jdt.internal.core.JavaElement.newNotPresentException(JavaElement.java:574)
	at org.eclipse.jdt.internal.core.PackageFragmentRoot.getUnderlyingResource(PackageFragmentRoot.java:761)
	at org.eclipse.jdt.internal.core.PackageFragment.getUnderlyingResource(PackageFragment.java:426)
	at org.eclipse.jdt.internal.core.Openable.getUnderlyingResource(Openable.java:349)
	at org.eclipse.jdt.internal.core.CompilationUnit.getUnderlyingResource(CompilationUnit.java:980)
	at org.eclipse.jdt.ls.core.internal.handlers.BaseDocumentLifeCycleHandler.handleSaved(BaseDocumentLifeCycleHandler.java:494)
	at org.eclipse.jdt.ls.core.internal.handlers.BaseDocumentLifeCycleHandler$7.run(BaseDocumentLifeCycleHandler.java:340)
	at org.eclipse.core.internal.resources.Workspace.run(Workspace.java:2315)
	at org.eclipse.core.internal.resources.Workspace.run(Workspace.java:2340)
	at org.eclipse.jdt.ls.core.internal.handlers.BaseDocumentLifeCycleHandler.didSave(BaseDocumentLifeCycleHandler.java:337)
	at org.eclipse.jdt.ls.core.internal.handlers.JDTLanguageServer.didSave(JDTLanguageServer.java:812)
	at java.base/jdk.internal.reflect.NativeMethodAccessorImpl.invoke0(Native Method)
	at java.base/jdk.internal.reflect.NativeMethodAccessorImpl.invoke(Unknown Source)
	at java.base/jdk.internal.reflect.DelegatingMethodAccessorImpl.invoke(Unknown Source)
	at java.base/java.lang.reflect.Method.invoke(Unknown Source)
	at org.eclipse.lsp4j.jsonrpc.services.GenericEndpoint.lambda$null$0(GenericEndpoint.java:65)
	at org.eclipse.lsp4j.jsonrpc.services.GenericEndpoint.notify(GenericEndpoint.java:152)
	at org.eclipse.lsp4j.jsonrpc.RemoteEndpoint.handleNotification(RemoteEndpoint.java:220)
	at org.eclipse.lsp4j.jsonrpc.RemoteEndpoint.consume(RemoteEndpoint.java:187)
	at org.eclipse.jdt.ls.core.internal.ParentProcessWatcher.lambda$0(ParentProcessWatcher.java:123)
	at org.eclipse.lsp4j.jsonrpc.json.StreamMessageProducer.handleMessage(StreamMessageProducer.java:194)
	at org.eclipse.lsp4j.jsonrpc.json.StreamMessageProducer.listen(StreamMessageProducer.java:94)
	at org.eclipse.lsp4j.jsonrpc.json.ConcurrentMessageProcessor.run(ConcurrentMessageProcessor.java:113)
	at java.base/java.util.concurrent.Executors$RunnableAdapter.call(Unknown Source)
	at java.base/java.util.concurrent.FutureTask.run(Unknown Source)
	at java.base/java.util.concurrent.ThreadPoolExecutor.runWorker(Unknown Source)
	at java.base/java.util.concurrent.ThreadPoolExecutor$Worker.run(Unknown Source)
	at java.base/java.lang.Thread.run(Unknown Source)

[Error - 7:30:49 PM] May 24, 2022, 7:30:49 PM _/java/algorithms [in Workspace_ec567480] does not exist
_/java/algorithms [in Workspace_ec567480] does not exist
Java Model Exception: Error in Java Model (code 969): _/java/algorithms [in Workspace_ec567480] does not exist
	at org.eclipse.jdt.internal.core.JavaElement.newNotPresentException(JavaElement.java:574)
	at org.eclipse.jdt.internal.core.PackageFragmentRoot.getUnderlyingResource(PackageFragmentRoot.java:761)
	at org.eclipse.jdt.internal.core.PackageFragment.getUnderlyingResource(PackageFragment.java:426)
	at org.eclipse.jdt.internal.core.Openable.getUnderlyingResource(Openable.java:349)
	at org.eclipse.jdt.internal.core.CompilationUnit.getUnderlyingResource(CompilationUnit.java:980)
	at org.eclipse.jdt.ls.core.internal.handlers.WorkspaceEventsHandler.didChangeWatchedFiles(WorkspaceEventsHandler.java:100)
	at org.eclipse.jdt.ls.core.internal.handlers.JDTLanguageServer.didChangeWatchedFiles(JDTLanguageServer.java:515)
	at java.base/jdk.internal.reflect.NativeMethodAccessorImpl.invoke0(Native Method)
	at java.base/jdk.internal.reflect.NativeMethodAccessorImpl.invoke(Unknown Source)
	at java.base/jdk.internal.reflect.DelegatingMethodAccessorImpl.invoke(Unknown Source)
	at java.base/java.lang.reflect.Method.invoke(Unknown Source)
	at org.eclipse.lsp4j.jsonrpc.services.GenericEndpoint.lambda$null$0(GenericEndpoint.java:65)
	at org.eclipse.lsp4j.jsonrpc.services.GenericEndpoint.notify(GenericEndpoint.java:152)
	at org.eclipse.lsp4j.jsonrpc.RemoteEndpoint.handleNotification(RemoteEndpoint.java:220)
	at org.eclipse.lsp4j.jsonrpc.RemoteEndpoint.consume(RemoteEndpoint.java:187)
	at org.eclipse.jdt.ls.core.internal.ParentProcessWatcher.lambda$0(ParentProcessWatcher.java:123)
	at org.eclipse.lsp4j.jsonrpc.json.StreamMessageProducer.handleMessage(StreamMessageProducer.java:194)
	at org.eclipse.lsp4j.jsonrpc.json.StreamMessageProducer.listen(StreamMessageProducer.java:94)
	at org.eclipse.lsp4j.jsonrpc.json.ConcurrentMessageProcessor.run(ConcurrentMessageProcessor.java:113)
	at java.base/java.util.concurrent.Executors$RunnableAdapter.call(Unknown Source)
	at java.base/java.util.concurrent.FutureTask.run(Unknown Source)
	at java.base/java.util.concurrent.ThreadPoolExecutor.runWorker(Unknown Source)
	at java.base/java.util.concurrent.ThreadPoolExecutor$Worker.run(Unknown Source)
	at java.base/java.lang.Thread.run(Unknown Source)

[Error - 7:30:54 PM] May 24, 2022, 7:30:54 PM Error while handling document save. URI: file:///run/media/j/josia/Info/Workspace/java/algorithms/main.java
_/java/algorithms [in Workspace_ec567480] does not exist
Java Model Exception: Error in Java Model (code 969): _/java/algorithms [in Workspace_ec567480] does not exist
	at org.eclipse.jdt.internal.core.JavaElement.newNotPresentException(JavaElement.java:574)
	at org.eclipse.jdt.internal.core.PackageFragmentRoot.getUnderlyingResource(PackageFragmentRoot.java:761)
	at org.eclipse.jdt.internal.core.PackageFragment.getUnderlyingResource(PackageFragment.java:426)
	at org.eclipse.jdt.internal.core.Openable.getUnderlyingResource(Openable.java:349)
	at org.eclipse.jdt.internal.core.CompilationUnit.getUnderlyingResource(CompilationUnit.java:980)
	at org.eclipse.jdt.ls.core.internal.handlers.BaseDocumentLifeCycleHandler.handleSaved(BaseDocumentLifeCycleHandler.java:494)
	at org.eclipse.jdt.ls.core.internal.handlers.BaseDocumentLifeCycleHandler$7.run(BaseDocumentLifeCycleHandler.java:340)
	at org.eclipse.core.internal.resources.Workspace.run(Workspace.java:2315)
	at org.eclipse.core.internal.resources.Workspace.run(Workspace.java:2340)
	at org.eclipse.jdt.ls.core.internal.handlers.BaseDocumentLifeCycleHandler.didSave(BaseDocumentLifeCycleHandler.java:337)
	at org.eclipse.jdt.ls.core.internal.handlers.JDTLanguageServer.didSave(JDTLanguageServer.java:812)
	at java.base/jdk.internal.reflect.NativeMethodAccessorImpl.invoke0(Native Method)
	at java.base/jdk.internal.reflect.NativeMethodAccessorImpl.invoke(Unknown Source)
	at java.base/jdk.internal.reflect.DelegatingMethodAccessorImpl.invoke(Unknown Source)
	at java.base/java.lang.reflect.Method.invoke(Unknown Source)
	at org.eclipse.lsp4j.jsonrpc.services.GenericEndpoint.lambda$null$0(GenericEndpoint.java:65)
	at org.eclipse.lsp4j.jsonrpc.services.GenericEndpoint.notify(GenericEndpoint.java:152)
	at org.eclipse.lsp4j.jsonrpc.RemoteEndpoint.handleNotification(RemoteEndpoint.java:220)
	at org.eclipse.lsp4j.jsonrpc.RemoteEndpoint.consume(RemoteEndpoint.java:187)
	at org.eclipse.jdt.ls.core.internal.ParentProcessWatcher.lambda$0(ParentProcessWatcher.java:123)
	at org.eclipse.lsp4j.jsonrpc.json.StreamMessageProducer.handleMessage(StreamMessageProducer.java:194)
	at org.eclipse.lsp4j.jsonrpc.json.StreamMessageProducer.listen(StreamMessageProducer.java:94)
	at org.eclipse.lsp4j.jsonrpc.json.ConcurrentMessageProcessor.run(ConcurrentMessageProcessor.java:113)
	at java.base/java.util.concurrent.Executors$RunnableAdapter.call(Unknown Source)
	at java.base/java.util.concurrent.FutureTask.run(Unknown Source)
	at java.base/java.util.concurrent.ThreadPoolExecutor.runWorker(Unknown Source)
	at java.base/java.util.concurrent.ThreadPoolExecutor$Worker.run(Unknown Source)
	at java.base/java.lang.Thread.run(Unknown Source)

[Error - 7:30:55 PM] May 24, 2022, 7:30:55 PM _/java/algorithms [in Workspace_ec567480] does not exist
_/java/algorithms [in Workspace_ec567480] does not exist
Java Model Exception: Error in Java Model (code 969): _/java/algorithms [in Workspace_ec567480] does not exist
	at org.eclipse.jdt.internal.core.JavaElement.newNotPresentException(JavaElement.java:574)
	at org.eclipse.jdt.internal.core.PackageFragmentRoot.getUnderlyingResource(PackageFragmentRoot.java:761)
	at org.eclipse.jdt.internal.core.PackageFragment.getUnderlyingResource(PackageFragment.java:426)
	at org.eclipse.jdt.internal.core.Openable.getUnderlyingResource(Openable.java:349)
	at org.eclipse.jdt.internal.core.CompilationUnit.getUnderlyingResource(CompilationUnit.java:980)
	at org.eclipse.jdt.ls.core.internal.handlers.WorkspaceEventsHandler.didChangeWatchedFiles(WorkspaceEventsHandler.java:100)
	at org.eclipse.jdt.ls.core.internal.handlers.JDTLanguageServer.didChangeWatchedFiles(JDTLanguageServer.java:515)
	at java.base/jdk.internal.reflect.NativeMethodAccessorImpl.invoke0(Native Method)
	at java.base/jdk.internal.reflect.NativeMethodAccessorImpl.invoke(Unknown Source)
	at java.base/jdk.internal.reflect.DelegatingMethodAccessorImpl.invoke(Unknown Source)
	at java.base/java.lang.reflect.Method.invoke(Unknown Source)
	at org.eclipse.lsp4j.jsonrpc.services.GenericEndpoint.lambda$null$0(GenericEndpoint.java:65)
	at org.eclipse.lsp4j.jsonrpc.services.GenericEndpoint.notify(GenericEndpoint.java:152)
	at org.eclipse.lsp4j.jsonrpc.RemoteEndpoint.handleNotification(RemoteEndpoint.java:220)
	at org.eclipse.lsp4j.jsonrpc.RemoteEndpoint.consume(RemoteEndpoint.java:187)
	at org.eclipse.jdt.ls.core.internal.ParentProcessWatcher.lambda$0(ParentProcessWatcher.java:123)
	at org.eclipse.lsp4j.jsonrpc.json.StreamMessageProducer.handleMessage(StreamMessageProducer.java:194)
	at org.eclipse.lsp4j.jsonrpc.json.StreamMessageProducer.listen(StreamMessageProducer.java:94)
	at org.eclipse.lsp4j.jsonrpc.json.ConcurrentMessageProcessor.run(ConcurrentMessageProcessor.java:113)
	at java.base/java.util.concurrent.Executors$RunnableAdapter.call(Unknown Source)
	at java.base/java.util.concurrent.FutureTask.run(Unknown Source)
	at java.base/java.util.concurrent.ThreadPoolExecutor.runWorker(Unknown Source)
	at java.base/java.util.concurrent.ThreadPoolExecutor$Worker.run(Unknown Source)
	at java.base/java.lang.Thread.run(Unknown Source)

[Error - 7:30:56 PM] May 24, 2022, 7:30:56 PM Error while handling document save. URI: file:///run/media/j/josia/Info/Workspace/java/algorithms/main.java
_/java/algorithms [in Workspace_ec567480] does not exist
Java Model Exception: Error in Java Model (code 969): _/java/algorithms [in Workspace_ec567480] does not exist
	at org.eclipse.jdt.internal.core.JavaElement.newNotPresentException(JavaElement.java:574)
	at org.eclipse.jdt.internal.core.PackageFragmentRoot.getUnderlyingResource(PackageFragmentRoot.java:761)
	at org.eclipse.jdt.internal.core.PackageFragment.getUnderlyingResource(PackageFragment.java:426)
	at org.eclipse.jdt.internal.core.Openable.getUnderlyingResource(Openable.java:349)
	at org.eclipse.jdt.internal.core.CompilationUnit.getUnderlyingResource(CompilationUnit.java:980)
	at org.eclipse.jdt.ls.core.internal.handlers.BaseDocumentLifeCycleHandler.handleSaved(BaseDocumentLifeCycleHandler.java:494)
	at org.eclipse.jdt.ls.core.internal.handlers.BaseDocumentLifeCycleHandler$7.run(BaseDocumentLifeCycleHandler.java:340)
	at org.eclipse.core.internal.resources.Workspace.run(Workspace.java:2315)
	at org.eclipse.core.internal.resources.Workspace.run(Workspace.java:2340)
	at org.eclipse.jdt.ls.core.internal.handlers.BaseDocumentLifeCycleHandler.didSave(BaseDocumentLifeCycleHandler.java:337)
	at org.eclipse.jdt.ls.core.internal.handlers.JDTLanguageServer.didSave(JDTLanguageServer.java:812)
	at java.base/jdk.internal.reflect.NativeMethodAccessorImpl.invoke0(Native Method)
	at java.base/jdk.internal.reflect.NativeMethodAccessorImpl.invoke(Unknown Source)
	at java.base/jdk.internal.reflect.DelegatingMethodAccessorImpl.invoke(Unknown Source)
	at java.base/java.lang.reflect.Method.invoke(Unknown Source)
	at org.eclipse.lsp4j.jsonrpc.services.GenericEndpoint.lambda$null$0(GenericEndpoint.java:65)
	at org.eclipse.lsp4j.jsonrpc.services.GenericEndpoint.notify(GenericEndpoint.java:152)
	at org.eclipse.lsp4j.jsonrpc.RemoteEndpoint.handleNotification(RemoteEndpoint.java:220)
	at org.eclipse.lsp4j.jsonrpc.RemoteEndpoint.consume(RemoteEndpoint.java:187)
	at org.eclipse.jdt.ls.core.internal.ParentProcessWatcher.lambda$0(ParentProcessWatcher.java:123)
	at org.eclipse.lsp4j.jsonrpc.json.StreamMessageProducer.handleMessage(StreamMessageProducer.java:194)
	at org.eclipse.lsp4j.jsonrpc.json.StreamMessageProducer.listen(StreamMessageProducer.java:94)
	at org.eclipse.lsp4j.jsonrpc.json.ConcurrentMessageProcessor.run(ConcurrentMessageProcessor.java:113)
	at java.base/java.util.concurrent.Executors$RunnableAdapter.call(Unknown Source)
	at java.base/java.util.concurrent.FutureTask.run(Unknown Source)
	at java.base/java.util.concurrent.ThreadPoolExecutor.runWorker(Unknown Source)
	at java.base/java.util.concurrent.ThreadPoolExecutor$Worker.run(Unknown Source)
	at java.base/java.lang.Thread.run(Unknown Source)

[Error - 7:30:57 PM] May 24, 2022, 7:30:57 PM _/java/algorithms [in Workspace_ec567480] does not exist
_/java/algorithms [in Workspace_ec567480] does not exist
Java Model Exception: Error in Java Model (code 969): _/java/algorithms [in Workspace_ec567480] does not exist
	at org.eclipse.jdt.internal.core.JavaElement.newNotPresentException(JavaElement.java:574)
	at org.eclipse.jdt.internal.core.PackageFragmentRoot.getUnderlyingResource(PackageFragmentRoot.java:761)
	at org.eclipse.jdt.internal.core.PackageFragment.getUnderlyingResource(PackageFragment.java:426)
	at org.eclipse.jdt.internal.core.Openable.getUnderlyingResource(Openable.java:349)
	at org.eclipse.jdt.internal.core.CompilationUnit.getUnderlyingResource(CompilationUnit.java:980)
	at org.eclipse.jdt.ls.core.internal.handlers.WorkspaceEventsHandler.didChangeWatchedFiles(WorkspaceEventsHandler.java:100)
	at org.eclipse.jdt.ls.core.internal.handlers.JDTLanguageServer.didChangeWatchedFiles(JDTLanguageServer.java:515)
	at java.base/jdk.internal.reflect.NativeMethodAccessorImpl.invoke0(Native Method)
	at java.base/jdk.internal.reflect.NativeMethodAccessorImpl.invoke(Unknown Source)
	at java.base/jdk.internal.reflect.DelegatingMethodAccessorImpl.invoke(Unknown Source)
	at java.base/java.lang.reflect.Method.invoke(Unknown Source)
	at org.eclipse.lsp4j.jsonrpc.services.GenericEndpoint.lambda$null$0(GenericEndpoint.java:65)
	at org.eclipse.lsp4j.jsonrpc.services.GenericEndpoint.notify(GenericEndpoint.java:152)
	at org.eclipse.lsp4j.jsonrpc.RemoteEndpoint.handleNotification(RemoteEndpoint.java:220)
	at org.eclipse.lsp4j.jsonrpc.RemoteEndpoint.consume(RemoteEndpoint.java:187)
	at org.eclipse.jdt.ls.core.internal.ParentProcessWatcher.lambda$0(ParentProcessWatcher.java:123)
	at org.eclipse.lsp4j.jsonrpc.json.StreamMessageProducer.handleMessage(StreamMessageProducer.java:194)
	at org.eclipse.lsp4j.jsonrpc.json.StreamMessageProducer.listen(StreamMessageProducer.java:94)
	at org.eclipse.lsp4j.jsonrpc.json.ConcurrentMessageProcessor.run(ConcurrentMessageProcessor.java:113)
	at java.base/java.util.concurrent.Executors$RunnableAdapter.call(Unknown Source)
	at java.base/java.util.concurrent.FutureTask.run(Unknown Source)
	at java.base/java.util.concurrent.ThreadPoolExecutor.runWorker(Unknown Source)
	at java.base/java.util.concurrent.ThreadPoolExecutor$Worker.run(Unknown Source)
	at java.base/java.lang.Thread.run(Unknown Source)

[Error - 7:31:05 PM] May 24, 2022, 7:31:05 PM Error while handling document save. URI: file:///run/media/j/josia/Info/Workspace/java/algorithms/main.java
_/java/algorithms [in Workspace_ec567480] does not exist
Java Model Exception: Error in Java Model (code 969): _/java/algorithms [in Workspace_ec567480] does not exist
	at org.eclipse.jdt.internal.core.JavaElement.newNotPresentException(JavaElement.java:574)
	at org.eclipse.jdt.internal.core.PackageFragmentRoot.getUnderlyingResource(PackageFragmentRoot.java:761)
	at org.eclipse.jdt.internal.core.PackageFragment.getUnderlyingResource(PackageFragment.java:426)
	at org.eclipse.jdt.internal.core.Openable.getUnderlyingResource(Openable.java:349)
	at org.eclipse.jdt.internal.core.CompilationUnit.getUnderlyingResource(CompilationUnit.java:980)
	at org.eclipse.jdt.ls.core.internal.handlers.BaseDocumentLifeCycleHandler.handleSaved(BaseDocumentLifeCycleHandler.java:494)
	at org.eclipse.jdt.ls.core.internal.handlers.BaseDocumentLifeCycleHandler$7.run(BaseDocumentLifeCycleHandler.java:340)
	at org.eclipse.core.internal.resources.Workspace.run(Workspace.java:2315)
	at org.eclipse.core.internal.resources.Workspace.run(Workspace.java:2340)
	at org.eclipse.jdt.ls.core.internal.handlers.BaseDocumentLifeCycleHandler.didSave(BaseDocumentLifeCycleHandler.java:337)
	at org.eclipse.jdt.ls.core.internal.handlers.JDTLanguageServer.didSave(JDTLanguageServer.java:812)
	at java.base/jdk.internal.reflect.NativeMethodAccessorImpl.invoke0(Native Method)
	at java.base/jdk.internal.reflect.NativeMethodAccessorImpl.invoke(Unknown Source)
	at java.base/jdk.internal.reflect.DelegatingMethodAccessorImpl.invoke(Unknown Source)
	at java.base/java.lang.reflect.Method.invoke(Unknown Source)
	at org.eclipse.lsp4j.jsonrpc.services.GenericEndpoint.lambda$null$0(GenericEndpoint.java:65)
	at org.eclipse.lsp4j.jsonrpc.services.GenericEndpoint.notify(GenericEndpoint.java:152)
	at org.eclipse.lsp4j.jsonrpc.RemoteEndpoint.handleNotification(RemoteEndpoint.java:220)
	at org.eclipse.lsp4j.jsonrpc.RemoteEndpoint.consume(RemoteEndpoint.java:187)
	at org.eclipse.jdt.ls.core.internal.ParentProcessWatcher.lambda$0(ParentProcessWatcher.java:123)
	at org.eclipse.lsp4j.jsonrpc.json.StreamMessageProducer.handleMessage(StreamMessageProducer.java:194)
	at org.eclipse.lsp4j.jsonrpc.json.StreamMessageProducer.listen(StreamMessageProducer.java:94)
	at org.eclipse.lsp4j.jsonrpc.json.ConcurrentMessageProcessor.run(ConcurrentMessageProcessor.java:113)
	at java.base/java.util.concurrent.Executors$RunnableAdapter.call(Unknown Source)
	at java.base/java.util.concurrent.FutureTask.run(Unknown Source)
	at java.base/java.util.concurrent.ThreadPoolExecutor.runWorker(Unknown Source)
	at java.base/java.util.concurrent.ThreadPoolExecutor$Worker.run(Unknown Source)
	at java.base/java.lang.Thread.run(Unknown Source)

[Error - 7:31:05 PM] May 24, 2022, 7:31:05 PM _/java/algorithms [in Workspace_ec567480] does not exist
_/java/algorithms [in Workspace_ec567480] does not exist
Java Model Exception: Error in Java Model (code 969): _/java/algorithms [in Workspace_ec567480] does not exist
	at org.eclipse.jdt.internal.core.JavaElement.newNotPresentException(JavaElement.java:574)
	at org.eclipse.jdt.internal.core.PackageFragmentRoot.getUnderlyingResource(PackageFragmentRoot.java:761)
	at org.eclipse.jdt.internal.core.PackageFragment.getUnderlyingResource(PackageFragment.java:426)
	at org.eclipse.jdt.internal.core.Openable.getUnderlyingResource(Openable.java:349)
	at org.eclipse.jdt.internal.core.CompilationUnit.getUnderlyingResource(CompilationUnit.java:980)
	at org.eclipse.jdt.ls.core.internal.handlers.WorkspaceEventsHandler.didChangeWatchedFiles(WorkspaceEventsHandler.java:100)
	at org.eclipse.jdt.ls.core.internal.handlers.JDTLanguageServer.didChangeWatchedFiles(JDTLanguageServer.java:515)
	at java.base/jdk.internal.reflect.NativeMethodAccessorImpl.invoke0(Native Method)
	at java.base/jdk.internal.reflect.NativeMethodAccessorImpl.invoke(Unknown Source)
	at java.base/jdk.internal.reflect.DelegatingMethodAccessorImpl.invoke(Unknown Source)
	at java.base/java.lang.reflect.Method.invoke(Unknown Source)
	at org.eclipse.lsp4j.jsonrpc.services.GenericEndpoint.lambda$null$0(GenericEndpoint.java:65)
	at org.eclipse.lsp4j.jsonrpc.services.GenericEndpoint.notify(GenericEndpoint.java:152)
	at org.eclipse.lsp4j.jsonrpc.RemoteEndpoint.handleNotification(RemoteEndpoint.java:220)
	at org.eclipse.lsp4j.jsonrpc.RemoteEndpoint.consume(RemoteEndpoint.java:187)
	at org.eclipse.jdt.ls.core.internal.ParentProcessWatcher.lambda$0(ParentProcessWatcher.java:123)
	at org.eclipse.lsp4j.jsonrpc.json.StreamMessageProducer.handleMessage(StreamMessageProducer.java:194)
	at org.eclipse.lsp4j.jsonrpc.json.StreamMessageProducer.listen(StreamMessageProducer.java:94)
	at org.eclipse.lsp4j.jsonrpc.json.ConcurrentMessageProcessor.run(ConcurrentMessageProcessor.java:113)
	at java.base/java.util.concurrent.Executors$RunnableAdapter.call(Unknown Source)
	at java.base/java.util.concurrent.FutureTask.run(Unknown Source)
	at java.base/java.util.concurrent.ThreadPoolExecutor.runWorker(Unknown Source)
	at java.base/java.util.concurrent.ThreadPoolExecutor$Worker.run(Unknown Source)
	at java.base/java.lang.Thread.run(Unknown Source)

[Error - 7:31:08 PM] May 24, 2022, 7:31:08 PM Error while handling document save. URI: file:///run/media/j/josia/Info/Workspace/java/algorithms/main.java
_/java/algorithms [in Workspace_ec567480] does not exist
Java Model Exception: Error in Java Model (code 969): _/java/algorithms [in Workspace_ec567480] does not exist
	at org.eclipse.jdt.internal.core.JavaElement.newNotPresentException(JavaElement.java:574)
	at org.eclipse.jdt.internal.core.PackageFragmentRoot.getUnderlyingResource(PackageFragmentRoot.java:761)
	at org.eclipse.jdt.internal.core.PackageFragment.getUnderlyingResource(PackageFragment.java:426)
	at org.eclipse.jdt.internal.core.Openable.getUnderlyingResource(Openable.java:349)
	at org.eclipse.jdt.internal.core.CompilationUnit.getUnderlyingResource(CompilationUnit.java:980)
	at org.eclipse.jdt.ls.core.internal.handlers.BaseDocumentLifeCycleHandler.handleSaved(BaseDocumentLifeCycleHandler.java:494)
	at org.eclipse.jdt.ls.core.internal.handlers.BaseDocumentLifeCycleHandler$7.run(BaseDocumentLifeCycleHandler.java:340)
	at org.eclipse.core.internal.resources.Workspace.run(Workspace.java:2315)
	at org.eclipse.core.internal.resources.Workspace.run(Workspace.java:2340)
	at org.eclipse.jdt.ls.core.internal.handlers.BaseDocumentLifeCycleHandler.didSave(BaseDocumentLifeCycleHandler.java:337)
	at org.eclipse.jdt.ls.core.internal.handlers.JDTLanguageServer.didSave(JDTLanguageServer.java:812)
	at java.base/jdk.internal.reflect.NativeMethodAccessorImpl.invoke0(Native Method)
	at java.base/jdk.internal.reflect.NativeMethodAccessorImpl.invoke(Unknown Source)
	at java.base/jdk.internal.reflect.DelegatingMethodAccessorImpl.invoke(Unknown Source)
	at java.base/java.lang.reflect.Method.invoke(Unknown Source)
	at org.eclipse.lsp4j.jsonrpc.services.GenericEndpoint.lambda$null$0(GenericEndpoint.java:65)
	at org.eclipse.lsp4j.jsonrpc.services.GenericEndpoint.notify(GenericEndpoint.java:152)
	at org.eclipse.lsp4j.jsonrpc.RemoteEndpoint.handleNotification(RemoteEndpoint.java:220)
	at org.eclipse.lsp4j.jsonrpc.RemoteEndpoint.consume(RemoteEndpoint.java:187)
	at org.eclipse.jdt.ls.core.internal.ParentProcessWatcher.lambda$0(ParentProcessWatcher.java:123)
	at org.eclipse.lsp4j.jsonrpc.json.StreamMessageProducer.handleMessage(StreamMessageProducer.java:194)
	at org.eclipse.lsp4j.jsonrpc.json.StreamMessageProducer.listen(StreamMessageProducer.java:94)
	at org.eclipse.lsp4j.jsonrpc.json.ConcurrentMessageProcessor.run(ConcurrentMessageProcessor.java:113)
	at java.base/java.util.concurrent.Executors$RunnableAdapter.call(Unknown Source)
	at java.base/java.util.concurrent.FutureTask.run(Unknown Source)
	at java.base/java.util.concurrent.ThreadPoolExecutor.runWorker(Unknown Source)
	at java.base/java.util.concurrent.ThreadPoolExecutor$Worker.run(Unknown Source)
	at java.base/java.lang.Thread.run(Unknown Source)

[Error - 7:31:08 PM] May 24, 2022, 7:31:08 PM _/java/algorithms [in Workspace_ec567480] does not exist
_/java/algorithms [in Workspace_ec567480] does not exist
Java Model Exception: Error in Java Model (code 969): _/java/algorithms [in Workspace_ec567480] does not exist
	at org.eclipse.jdt.internal.core.JavaElement.newNotPresentException(JavaElement.java:574)
	at org.eclipse.jdt.internal.core.PackageFragmentRoot.getUnderlyingResource(PackageFragmentRoot.java:761)
	at org.eclipse.jdt.internal.core.PackageFragment.getUnderlyingResource(PackageFragment.java:426)
	at org.eclipse.jdt.internal.core.Openable.getUnderlyingResource(Openable.java:349)
	at org.eclipse.jdt.internal.core.CompilationUnit.getUnderlyingResource(CompilationUnit.java:980)
	at org.eclipse.jdt.ls.core.internal.handlers.WorkspaceEventsHandler.didChangeWatchedFiles(WorkspaceEventsHandler.java:100)
	at org.eclipse.jdt.ls.core.internal.handlers.JDTLanguageServer.didChangeWatchedFiles(JDTLanguageServer.java:515)
	at java.base/jdk.internal.reflect.NativeMethodAccessorImpl.invoke0(Native Method)
	at java.base/jdk.internal.reflect.NativeMethodAccessorImpl.invoke(Unknown Source)
	at java.base/jdk.internal.reflect.DelegatingMethodAccessorImpl.invoke(Unknown Source)
	at java.base/java.lang.reflect.Method.invoke(Unknown Source)
	at org.eclipse.lsp4j.jsonrpc.services.GenericEndpoint.lambda$null$0(GenericEndpoint.java:65)
	at org.eclipse.lsp4j.jsonrpc.services.GenericEndpoint.notify(GenericEndpoint.java:152)
	at org.eclipse.lsp4j.jsonrpc.RemoteEndpoint.handleNotification(RemoteEndpoint.java:220)
	at org.eclipse.lsp4j.jsonrpc.RemoteEndpoint.consume(RemoteEndpoint.java:187)
	at org.eclipse.jdt.ls.core.internal.ParentProcessWatcher.lambda$0(ParentProcessWatcher.java:123)
	at org.eclipse.lsp4j.jsonrpc.json.StreamMessageProducer.handleMessage(StreamMessageProducer.java:194)
	at org.eclipse.lsp4j.jsonrpc.json.StreamMessageProducer.listen(StreamMessageProducer.java:94)
	at org.eclipse.lsp4j.jsonrpc.json.ConcurrentMessageProcessor.run(ConcurrentMessageProcessor.java:113)
	at java.base/java.util.concurrent.Executors$RunnableAdapter.call(Unknown Source)
	at java.base/java.util.concurrent.FutureTask.run(Unknown Source)
	at java.base/java.util.concurrent.ThreadPoolExecutor.runWorker(Unknown Source)
	at java.base/java.util.concurrent.ThreadPoolExecutor$Worker.run(Unknown Source)
	at java.base/java.lang.Thread.run(Unknown Source)

[Error - 7:31:10 PM] May 24, 2022, 7:31:10 PM Error while handling document save. URI: file:///run/media/j/josia/Info/Workspace/java/algorithms/main.java
_/java/algorithms [in Workspace_ec567480] does not exist
Java Model Exception: Error in Java Model (code 969): _/java/algorithms [in Workspace_ec567480] does not exist
	at org.eclipse.jdt.internal.core.JavaElement.newNotPresentException(JavaElement.java:574)
	at org.eclipse.jdt.internal.core.PackageFragmentRoot.getUnderlyingResource(PackageFragmentRoot.java:761)
	at org.eclipse.jdt.internal.core.PackageFragment.getUnderlyingResource(PackageFragment.java:426)
	at org.eclipse.jdt.internal.core.Openable.getUnderlyingResource(Openable.java:349)
	at org.eclipse.jdt.internal.core.CompilationUnit.getUnderlyingResource(CompilationUnit.java:980)
	at org.eclipse.jdt.ls.core.internal.handlers.BaseDocumentLifeCycleHandler.handleSaved(BaseDocumentLifeCycleHandler.java:494)
	at org.eclipse.jdt.ls.core.internal.handlers.BaseDocumentLifeCycleHandler$7.run(BaseDocumentLifeCycleHandler.java:340)
	at org.eclipse.core.internal.resources.Workspace.run(Workspace.java:2315)
	at org.eclipse.core.internal.resources.Workspace.run(Workspace.java:2340)
	at org.eclipse.jdt.ls.core.internal.handlers.BaseDocumentLifeCycleHandler.didSave(BaseDocumentLifeCycleHandler.java:337)
	at org.eclipse.jdt.ls.core.internal.handlers.JDTLanguageServer.didSave(JDTLanguageServer.java:812)
	at java.base/jdk.internal.reflect.NativeMethodAccessorImpl.invoke0(Native Method)
	at java.base/jdk.internal.reflect.NativeMethodAccessorImpl.invoke(Unknown Source)
	at java.base/jdk.internal.reflect.DelegatingMethodAccessorImpl.invoke(Unknown Source)
	at java.base/java.lang.reflect.Method.invoke(Unknown Source)
	at org.eclipse.lsp4j.jsonrpc.services.GenericEndpoint.lambda$null$0(GenericEndpoint.java:65)
	at org.eclipse.lsp4j.jsonrpc.services.GenericEndpoint.notify(GenericEndpoint.java:152)
	at org.eclipse.lsp4j.jsonrpc.RemoteEndpoint.handleNotification(RemoteEndpoint.java:220)
	at org.eclipse.lsp4j.jsonrpc.RemoteEndpoint.consume(RemoteEndpoint.java:187)
	at org.eclipse.jdt.ls.core.internal.ParentProcessWatcher.lambda$0(ParentProcessWatcher.java:123)
	at org.eclipse.lsp4j.jsonrpc.json.StreamMessageProducer.handleMessage(StreamMessageProducer.java:194)
	at org.eclipse.lsp4j.jsonrpc.json.StreamMessageProducer.listen(StreamMessageProducer.java:94)
	at org.eclipse.lsp4j.jsonrpc.json.ConcurrentMessageProcessor.run(ConcurrentMessageProcessor.java:113)
	at java.base/java.util.concurrent.Executors$RunnableAdapter.call(Unknown Source)
	at java.base/java.util.concurrent.FutureTask.run(Unknown Source)
	at java.base/java.util.concurrent.ThreadPoolExecutor.runWorker(Unknown Source)
	at java.base/java.util.concurrent.ThreadPoolExecutor$Worker.run(Unknown Source)
	at java.base/java.lang.Thread.run(Unknown Source)

[Error - 7:31:11 PM] May 24, 2022, 7:31:11 PM _/java/algorithms [in Workspace_ec567480] does not exist
_/java/algorithms [in Workspace_ec567480] does not exist
Java Model Exception: Error in Java Model (code 969): _/java/algorithms [in Workspace_ec567480] does not exist
	at org.eclipse.jdt.internal.core.JavaElement.newNotPresentException(JavaElement.java:574)
	at org.eclipse.jdt.internal.core.PackageFragmentRoot.getUnderlyingResource(PackageFragmentRoot.java:761)
	at org.eclipse.jdt.internal.core.PackageFragment.getUnderlyingResource(PackageFragment.java:426)
	at org.eclipse.jdt.internal.core.Openable.getUnderlyingResource(Openable.java:349)
	at org.eclipse.jdt.internal.core.CompilationUnit.getUnderlyingResource(CompilationUnit.java:980)
	at org.eclipse.jdt.ls.core.internal.handlers.WorkspaceEventsHandler.didChangeWatchedFiles(WorkspaceEventsHandler.java:100)
	at org.eclipse.jdt.ls.core.internal.handlers.JDTLanguageServer.didChangeWatchedFiles(JDTLanguageServer.java:515)
	at java.base/jdk.internal.reflect.NativeMethodAccessorImpl.invoke0(Native Method)
	at java.base/jdk.internal.reflect.NativeMethodAccessorImpl.invoke(Unknown Source)
	at java.base/jdk.internal.reflect.DelegatingMethodAccessorImpl.invoke(Unknown Source)
	at java.base/java.lang.reflect.Method.invoke(Unknown Source)
	at org.eclipse.lsp4j.jsonrpc.services.GenericEndpoint.lambda$null$0(GenericEndpoint.java:65)
	at org.eclipse.lsp4j.jsonrpc.services.GenericEndpoint.notify(GenericEndpoint.java:152)
	at org.eclipse.lsp4j.jsonrpc.RemoteEndpoint.handleNotification(RemoteEndpoint.java:220)
	at org.eclipse.lsp4j.jsonrpc.RemoteEndpoint.consume(RemoteEndpoint.java:187)
	at org.eclipse.jdt.ls.core.internal.ParentProcessWatcher.lambda$0(ParentProcessWatcher.java:123)
	at org.eclipse.lsp4j.jsonrpc.json.StreamMessageProducer.handleMessage(StreamMessageProducer.java:194)
	at org.eclipse.lsp4j.jsonrpc.json.StreamMessageProducer.listen(StreamMessageProducer.java:94)
	at org.eclipse.lsp4j.jsonrpc.json.ConcurrentMessageProcessor.run(ConcurrentMessageProcessor.java:113)
	at java.base/java.util.concurrent.Executors$RunnableAdapter.call(Unknown Source)
	at java.base/java.util.concurrent.FutureTask.run(Unknown Source)
	at java.base/java.util.concurrent.ThreadPoolExecutor.runWorker(Unknown Source)
	at java.base/java.util.concurrent.ThreadPoolExecutor$Worker.run(Unknown Source)
	at java.base/java.lang.Thread.run(Unknown Source)

