[Error - 7:36:23 PM] May 24, 2022, 7:36:23 PM Index out of bounds
Index out of bounds
Java Model Exception: Error in Java Model (code 980): Index out of bounds
	at org.eclipse.jdt.internal.core.Openable.codeSelect(Openable.java:162)
	at org.eclipse.jdt.internal.core.CompilationUnit.codeSelect(CompilationUnit.java:389)
	at org.eclipse.jdt.internal.core.CompilationUnit.codeSelect(CompilationUnit.java:382)
	at org.eclipse.jdt.ls.core.internal.JDTUtils.findElementsAtSelection(JDTUtils.java:977)
	at org.eclipse.jdt.ls.core.internal.JDTUtils.findElementAtSelection(JDTUtils.java:958)
	at org.eclipse.jdt.ls.core.internal.text.correction.SourceAssistProcessor.getSourceActionCommands(SourceAssistProcessor.java:111)
	at org.eclipse.jdt.ls.core.internal.handlers.CodeActionHandler.getCodeActionCommands(CodeActionHandler.java:213)
	at org.eclipse.jdt.ls.core.internal.handlers.JDTLanguageServer.lambda$15(JDTLanguageServer.java:666)
	at org.eclipse.jdt.ls.core.internal.BaseJDTLanguageServer.lambda$0(BaseJDTLanguageServer.java:75)
	at java.base/java.util.concurrent.CompletableFuture$UniApply.tryFire(Unknown Source)
	at java.base/java.util.concurrent.CompletableFuture$Completion.exec(Unknown Source)
	at java.base/java.util.concurrent.ForkJoinTask.doExec(Unknown Source)
	at java.base/java.util.concurrent.ForkJoinPool$WorkQueue.topLevelExec(Unknown Source)
	at java.base/java.util.concurrent.ForkJoinPool.scan(Unknown Source)
	at java.base/java.util.concurrent.ForkJoinPool.runWorker(Unknown Source)
	at java.base/java.util.concurrent.ForkJoinWorkerThread.run(Unknown Source)

[Error - 7:36:23 PM] May 24, 2022, 7:36:23 PM Index out of bounds
Index out of bounds
Java Model Exception: Error in Java Model (code 980): Index out of bounds
	at org.eclipse.jdt.internal.core.Openable.codeSelect(Openable.java:162)
	at org.eclipse.jdt.internal.core.CompilationUnit.codeSelect(CompilationUnit.java:389)
	at org.eclipse.jdt.internal.core.CompilationUnit.codeSelect(CompilationUnit.java:382)
	at org.eclipse.jdt.ls.core.internal.JDTUtils.findElementsAtSelection(JDTUtils.java:977)
	at org.eclipse.jdt.ls.core.internal.JDTUtils.findElementAtSelection(JDTUtils.java:958)
	at org.eclipse.jdt.ls.core.internal.text.correction.SourceAssistProcessor.getSourceActionCommands(SourceAssistProcessor.java:111)
	at org.eclipse.jdt.ls.core.internal.handlers.CodeActionHandler.getCodeActionCommands(CodeActionHandler.java:213)
	at org.eclipse.jdt.ls.core.internal.handlers.JDTLanguageServer.lambda$15(JDTLanguageServer.java:666)
	at org.eclipse.jdt.ls.core.internal.BaseJDTLanguageServer.lambda$0(BaseJDTLanguageServer.java:75)
	at java.base/java.util.concurrent.CompletableFuture$UniApply.tryFire(Unknown Source)
	at java.base/java.util.concurrent.CompletableFuture$Completion.exec(Unknown Source)
	at java.base/java.util.concurrent.ForkJoinTask.doExec(Unknown Source)
	at java.base/java.util.concurrent.ForkJoinPool$WorkQueue.topLevelExec(Unknown Source)
	at java.base/java.util.concurrent.ForkJoinPool.scan(Unknown Source)
	at java.base/java.util.concurrent.ForkJoinPool.runWorker(Unknown Source)
	at java.base/java.util.concurrent.ForkJoinWorkerThread.run(Unknown Source)

[Error - 7:47:51 PM] May 24, 2022, 7:47:51 PM Problems occurred when invoking code from plug-in: "org.eclipse.jdt.ls.core".
Cannot invoke "org.eclipse.jdt.core.dom.ASTNode.getParent()" because "node" is null
java.lang.NullPointerException: Cannot invoke "org.eclipse.jdt.core.dom.ASTNode.getParent()" because "node" is null
	at org.eclipse.jdt.internal.corext.dom.ASTNodes.getParent(ASTNodes.java:2491)
	at org.eclipse.jdt.internal.corext.refactoring.structure.ASTNodeSearchUtil.getTypeDeclarationNode(ASTNodeSearchUtil.java:182)
	at com.microsoft.java.test.plugin.util.TestSearchUtils.findTestTypesAndMethods(TestSearchUtils.java:349)
	at com.microsoft.java.test.plugin.handler.TestDelegateCommandHandler.executeCommand(TestDelegateCommandHandler.java:60)
	at org.eclipse.jdt.ls.core.internal.handlers.WorkspaceExecuteCommandHandler$1.run(WorkspaceExecuteCommandHandler.java:215)
	at org.eclipse.core.runtime.SafeRunner.run(SafeRunner.java:45)
	at org.eclipse.jdt.ls.core.internal.handlers.WorkspaceExecuteCommandHandler.executeCommand(WorkspaceExecuteCommandHandler.java:205)
	at org.eclipse.jdt.ls.core.internal.handlers.JDTLanguageServer.lambda$4(JDTLanguageServer.java:525)
	at org.eclipse.jdt.ls.core.internal.BaseJDTLanguageServer.lambda$0(BaseJDTLanguageServer.java:75)
	at java.base/java.util.concurrent.CompletableFuture$UniApply.tryFire(Unknown Source)
	at java.base/java.util.concurrent.CompletableFuture$Completion.exec(Unknown Source)
	at java.base/java.util.concurrent.ForkJoinTask.doExec(Unknown Source)
	at java.base/java.util.concurrent.ForkJoinPool$WorkQueue.topLevelExec(Unknown Source)
	at java.base/java.util.concurrent.ForkJoinPool.scan(Unknown Source)
	at java.base/java.util.concurrent.ForkJoinPool.runWorker(Unknown Source)
	at java.base/java.util.concurrent.ForkJoinWorkerThread.run(Unknown Source)

[Error - 7:47:51 PM] May 24, 2022, 7:47:51 PM Error in calling delegate command handler
Cannot invoke "org.eclipse.jdt.core.dom.ASTNode.getParent()" because "node" is null
java.lang.NullPointerException: Cannot invoke "org.eclipse.jdt.core.dom.ASTNode.getParent()" because "node" is null
	at org.eclipse.jdt.internal.corext.dom.ASTNodes.getParent(ASTNodes.java:2491)
	at org.eclipse.jdt.internal.corext.refactoring.structure.ASTNodeSearchUtil.getTypeDeclarationNode(ASTNodeSearchUtil.java:182)
	at com.microsoft.java.test.plugin.util.TestSearchUtils.findTestTypesAndMethods(TestSearchUtils.java:349)
	at com.microsoft.java.test.plugin.handler.TestDelegateCommandHandler.executeCommand(TestDelegateCommandHandler.java:60)
	at org.eclipse.jdt.ls.core.internal.handlers.WorkspaceExecuteCommandHandler$1.run(WorkspaceExecuteCommandHandler.java:215)
	at org.eclipse.core.runtime.SafeRunner.run(SafeRunner.java:45)
	at org.eclipse.jdt.ls.core.internal.handlers.WorkspaceExecuteCommandHandler.executeCommand(WorkspaceExecuteCommandHandler.java:205)
	at org.eclipse.jdt.ls.core.internal.handlers.JDTLanguageServer.lambda$4(JDTLanguageServer.java:525)
	at org.eclipse.jdt.ls.core.internal.BaseJDTLanguageServer.lambda$0(BaseJDTLanguageServer.java:75)
	at java.base/java.util.concurrent.CompletableFuture$UniApply.tryFire(Unknown Source)
	at java.base/java.util.concurrent.CompletableFuture$Completion.exec(Unknown Source)
	at java.base/java.util.concurrent.ForkJoinTask.doExec(Unknown Source)
	at java.base/java.util.concurrent.ForkJoinPool$WorkQueue.topLevelExec(Unknown Source)
	at java.base/java.util.concurrent.ForkJoinPool.scan(Unknown Source)
	at java.base/java.util.concurrent.ForkJoinPool.runWorker(Unknown Source)
	at java.base/java.util.concurrent.ForkJoinWorkerThread.run(Unknown Source)

