[2022-05-27T18:53:57.063Z] Validating found git in: git
[2022-05-27T18:53:57.075Z] Using git 2.36.1 from git
[2022-05-27T18:53:57.090Z] > git rev-parse --show-toplevel [10ms]
[2022-05-27T18:53:57.090Z] fatal: not a git repository (or any parent up to mount point /run/media/j)
Stopping at filesystem boundary (GIT_DISCOVERY_ACROSS_FILESYSTEM not set).
[2022-05-27T18:53:57.095Z] > git rev-parse --show-toplevel [1ms]
[2022-05-27T18:53:57.095Z] fatal: not a git repository (or any parent up to mount point /run/media/j)
Stopping at filesystem boundary (GIT_DISCOVERY_ACROSS_FILESYSTEM not set).
[2022-05-27T18:53:57.099Z] > git rev-parse --show-toplevel [1ms]
[2022-05-27T18:53:57.099Z] fatal: not a git repository (or any parent up to mount point /run/media/j)
Stopping at filesystem boundary (GIT_DISCOVERY_ACROSS_FILESYSTEM not set).
[2022-05-27T18:53:57.192Z] > git rev-parse --show-toplevel [91ms]
[2022-05-27T18:53:57.192Z] fatal: not a git repository (or any parent up to mount point /run/media/j)
Stopping at filesystem boundary (GIT_DISCOVERY_ACROSS_FILESYSTEM not set).
[2022-05-27T18:53:57.198Z] > git rev-parse --show-toplevel [1ms]
[2022-05-27T18:53:57.198Z] fatal: not a git repository (or any parent up to mount point /run/media/j)
Stopping at filesystem boundary (GIT_DISCOVERY_ACROSS_FILESYSTEM not set).
[2022-05-27T18:53:57.231Z] > git rev-parse --show-toplevel [28ms]
[2022-05-27T18:53:57.231Z] fatal: not a git repository (or any parent up to mount point /run/media/j)
Stopping at filesystem boundary (GIT_DISCOVERY_ACROSS_FILESYSTEM not set).
[2022-05-27T18:53:57.236Z] > git rev-parse --show-toplevel [1ms]
[2022-05-27T18:53:57.236Z] fatal: not a git repository (or any parent up to mount point /run/media/j)
Stopping at filesystem boundary (GIT_DISCOVERY_ACROSS_FILESYSTEM not set).
[2022-05-27T18:53:57.240Z] > git rev-parse --show-toplevel [1ms]
[2022-05-27T18:53:57.240Z] fatal: not a git repository (or any parent up to mount point /run/media/j)
Stopping at filesystem boundary (GIT_DISCOVERY_ACROSS_FILESYSTEM not set).
[2022-05-27T18:53:57.244Z] > git rev-parse --show-toplevel [1ms]
[2022-05-27T18:53:57.244Z] fatal: not a git repository (or any parent up to mount point /run/media/j)
Stopping at filesystem boundary (GIT_DISCOVERY_ACROSS_FILESYSTEM not set).
[2022-05-27T18:53:57.537Z] > git rev-parse --show-toplevel [4ms]
[2022-05-27T18:53:57.537Z] fatal: not a git repository (or any parent up to mount point /run/media/j)
Stopping at filesystem boundary (GIT_DISCOVERY_ACROSS_FILESYSTEM not set).
[2022-05-27T18:54:12.385Z] > git rev-parse --show-toplevel [3ms]
[2022-05-27T18:54:12.385Z] fatal: not a git repository (or any parent up to mount point /run/media/j)
Stopping at filesystem boundary (GIT_DISCOVERY_ACROSS_FILESYSTEM not set).
[2022-05-27T18:54:15.562Z] > git rev-parse --show-toplevel [3ms]
[2022-05-27T18:54:15.562Z] fatal: not a git repository (or any parent up to mount point /run/media/j)
Stopping at filesystem boundary (GIT_DISCOVERY_ACROSS_FILESYSTEM not set).
