[2022-05-27T19:20:34.967Z] Validating found git in: git
[2022-05-27T19:20:35.023Z] Using git 2.36.1 from git
[2022-05-27T19:20:35.058Z] > git rev-parse --show-toplevel [25ms]
[2022-05-27T19:20:35.058Z] fatal: not a git repository (or any parent up to mount point /run/media/j)
Stopping at filesystem boundary (GIT_DISCOVERY_ACROSS_FILESYSTEM not set).
[2022-05-27T19:20:35.152Z] > git rev-parse --show-toplevel [85ms]
[2022-05-27T19:20:35.152Z] fatal: not a git repository (or any parent up to mount point /run/media/j)
Stopping at filesystem boundary (GIT_DISCOVERY_ACROSS_FILESYSTEM not set).
[2022-05-27T19:20:35.180Z] > git rev-parse --show-toplevel [21ms]
[2022-05-27T19:20:35.181Z] fatal: not a git repository (or any parent up to mount point /run/media/j)
Stopping at filesystem boundary (GIT_DISCOVERY_ACROSS_FILESYSTEM not set).
[2022-05-27T19:20:35.198Z] > git rev-parse --show-toplevel [11ms]
[2022-05-27T19:20:35.198Z] fatal: not a git repository (or any parent up to mount point /run/media/j)
Stopping at filesystem boundary (GIT_DISCOVERY_ACROSS_FILESYSTEM not set).
[2022-05-27T19:20:35.205Z] > git rev-parse --show-toplevel [1ms]
[2022-05-27T19:20:35.205Z] fatal: not a git repository (or any parent up to mount point /run/media/j)
Stopping at filesystem boundary (GIT_DISCOVERY_ACROSS_FILESYSTEM not set).
[2022-05-27T19:20:35.217Z] > git rev-parse --show-toplevel [4ms]
[2022-05-27T19:20:35.217Z] fatal: not a git repository (or any parent up to mount point /run/media/j)
Stopping at filesystem boundary (GIT_DISCOVERY_ACROSS_FILESYSTEM not set).
[2022-05-27T19:20:35.232Z] > git rev-parse --show-toplevel [9ms]
[2022-05-27T19:20:35.233Z] fatal: not a git repository (or any parent up to mount point /run/media/j)
Stopping at filesystem boundary (GIT_DISCOVERY_ACROSS_FILESYSTEM not set).
[2022-05-27T19:20:35.244Z] > git rev-parse --show-toplevel [5ms]
[2022-05-27T19:20:35.244Z] fatal: not a git repository (or any parent up to mount point /run/media/j)
Stopping at filesystem boundary (GIT_DISCOVERY_ACROSS_FILESYSTEM not set).
[2022-05-27T19:20:35.254Z] > git rev-parse --show-toplevel [3ms]
[2022-05-27T19:20:35.254Z] fatal: not a git repository (or any parent up to mount point /run/media/j)
Stopping at filesystem boundary (GIT_DISCOVERY_ACROSS_FILESYSTEM not set).
[2022-05-27T19:20:35.267Z] > git rev-parse --show-toplevel [5ms]
[2022-05-27T19:20:35.267Z] fatal: not a git repository (or any parent up to mount point /run/media/j)
Stopping at filesystem boundary (GIT_DISCOVERY_ACROSS_FILESYSTEM not set).
[2022-05-27T19:20:35.275Z] > git rev-parse --show-toplevel [1ms]
[2022-05-27T19:20:35.275Z] fatal: not a git repository (or any parent up to mount point /run/media/j)
Stopping at filesystem boundary (GIT_DISCOVERY_ACROSS_FILESYSTEM not set).
[2022-05-27T19:20:35.287Z] > git rev-parse --show-toplevel [2ms]
[2022-05-27T19:20:35.287Z] fatal: not a git repository (or any parent up to mount point /run/media/j)
Stopping at filesystem boundary (GIT_DISCOVERY_ACROSS_FILESYSTEM not set).
[2022-05-27T19:20:35.296Z] > git rev-parse --show-toplevel [3ms]
[2022-05-27T19:20:35.296Z] fatal: not a git repository (or any parent up to mount point /run/media/j)
Stopping at filesystem boundary (GIT_DISCOVERY_ACROSS_FILESYSTEM not set).
[2022-05-27T19:20:35.883Z] > git rev-parse --show-toplevel [2ms]
[2022-05-27T19:20:35.883Z] fatal: not a git repository (or any parent up to mount point /run/media/j)
Stopping at filesystem boundary (GIT_DISCOVERY_ACROSS_FILESYSTEM not set).
[2022-05-27T19:20:36.533Z] > git rev-parse --show-toplevel [1ms]
[2022-05-27T19:20:36.533Z] fatal: not a git repository (or any parent up to mount point /run/media/j)
Stopping at filesystem boundary (GIT_DISCOVERY_ACROSS_FILESYSTEM not set).
[2022-05-27T19:20:37.429Z] > git rev-parse --show-toplevel [1ms]
[2022-05-27T19:20:37.429Z] fatal: not a git repository (or any parent up to mount point /run/media/j)
Stopping at filesystem boundary (GIT_DISCOVERY_ACROSS_FILESYSTEM not set).
[2022-05-27T19:20:39.367Z] > git rev-parse --show-toplevel [2ms]
[2022-05-27T19:20:39.367Z] fatal: not a git repository (or any parent up to mount point /run/media/j)
Stopping at filesystem boundary (GIT_DISCOVERY_ACROSS_FILESYSTEM not set).
[2022-05-27T19:20:52.621Z] > git rev-parse --show-toplevel [2ms]
[2022-05-27T19:20:52.621Z] fatal: not a git repository (or any parent up to mount point /run/media/j)
Stopping at filesystem boundary (GIT_DISCOVERY_ACROSS_FILESYSTEM not set).
